2023-12-09 11:56:23.196 [info] Nível de log: Info
2023-12-09 11:56:23.196 [info] Validando o git encontrado em: git
2023-12-09 11:56:23.196 [info] Usando git ''2.34.1'' de ''git''
2023-12-09 11:56:23.196 [info] > git rev-parse --show-toplevel [8ms]
2023-12-09 11:56:23.196 [info] fatal: not a git repository (or any of the parent directories): .git
2023-12-09 11:56:23.197 [info] > git rev-parse --show-toplevel [3ms]
2023-12-09 11:56:23.197 [info] fatal: not a git repository (or any of the parent directories): .git
2023-12-09 11:56:23.213 [info] > git rev-parse --show-toplevel [2ms]
2023-12-09 11:56:23.213 [info] fatal: not a git repository (or any of the parent directories): .git
2023-12-09 11:56:23.233 [info] > git rev-parse --show-toplevel [8ms]
2023-12-09 11:56:23.233 [info] fatal: not a git repository (or any of the parent directories): .git
2023-12-09 11:56:23.249 [info] > git rev-parse --show-toplevel [2ms]
2023-12-09 11:56:23.249 [info] fatal: not a git repository (or any of the parent directories): .git
2023-12-09 11:56:23.261 [info] > git rev-parse --show-toplevel [3ms]
2023-12-09 11:56:23.261 [info] fatal: not a git repository (or any of the parent directories): .git
2023-12-09 11:56:23.272 [info] > git rev-parse --show-toplevel [3ms]
2023-12-09 11:56:23.272 [info] fatal: not a git repository (or any of the parent directories): .git
2023-12-09 11:56:23.287 [info] > git rev-parse --show-toplevel [3ms]
2023-12-09 11:56:23.288 [info] fatal: not a git repository (or any of the parent directories): .git
2023-12-09 11:56:23.300 [info] > git rev-parse --show-toplevel [3ms]
2023-12-09 11:56:23.300 [info] fatal: not a git repository (or any of the parent directories): .git
2023-12-09 11:56:23.316 [info] > git rev-parse --show-toplevel [1ms]
2023-12-09 11:56:23.316 [info] fatal: not a git repository (or any of the parent directories): .git
2023-12-09 11:56:23.330 [info] > git rev-parse --show-toplevel [4ms]
2023-12-09 11:56:23.330 [info] fatal: not a git repository (or any of the parent directories): .git
2023-12-09 11:56:23.341 [info] > git rev-parse --show-toplevel [2ms]
2023-12-09 11:56:23.341 [info] fatal: not a git repository (or any of the parent directories): .git
2023-12-09 11:56:23.353 [info] > git rev-parse --show-toplevel [3ms]
2023-12-09 11:56:23.353 [info] fatal: not a git repository (or any of the parent directories): .git
2023-12-09 11:56:23.375 [info] > git rev-parse --show-toplevel [9ms]
2023-12-09 11:56:23.375 [info] fatal: not a git repository (or any of the parent directories): .git
2023-12-09 11:56:23.427 [info] > git rev-parse --show-toplevel [21ms]
2023-12-09 11:56:23.427 [info] fatal: not a git repository (or any of the parent directories): .git
2023-12-09 11:56:23.437 [info] > git rev-parse --show-toplevel [2ms]
2023-12-09 11:56:23.437 [info] fatal: not a git repository (or any of the parent directories): .git
2023-12-09 11:56:23.460 [info] > git rev-parse --show-toplevel [4ms]
2023-12-09 11:56:23.460 [info] fatal: not a git repository (or any of the parent directories): .git
2023-12-09 11:56:23.479 [info] > git rev-parse --show-toplevel [5ms]
2023-12-09 11:56:23.479 [info] fatal: not a git repository (or any of the parent directories): .git
2023-12-09 11:56:23.488 [info] > git rev-parse --show-toplevel [3ms]
2023-12-09 11:56:23.488 [info] fatal: not a git repository (or any of the parent directories): .git
2023-12-09 11:56:23.496 [info] > git rev-parse --show-toplevel [1ms]
2023-12-09 11:56:23.496 [info] fatal: not a git repository (or any of the parent directories): .git
2023-12-09 11:56:23.503 [info] > git rev-parse --show-toplevel [1ms]
2023-12-09 11:56:23.503 [info] fatal: not a git repository (or any of the parent directories): .git
2023-12-09 11:56:23.513 [info] > git rev-parse --show-toplevel [2ms]
2023-12-09 11:56:23.513 [info] fatal: not a git repository (or any of the parent directories): .git
2023-12-09 11:56:23.524 [info] > git rev-parse --show-toplevel [1ms]
2023-12-09 11:56:23.524 [info] fatal: not a git repository (or any of the parent directories): .git
2023-12-09 11:56:23.532 [info] > git rev-parse --show-toplevel [1ms]
2023-12-09 11:56:23.532 [info] fatal: not a git repository (or any of the parent directories): .git
2023-12-09 11:56:23.542 [info] > git rev-parse --show-toplevel [2ms]
2023-12-09 11:56:23.542 [info] fatal: not a git repository (or any of the parent directories): .git
2023-12-09 11:56:23.551 [info] > git rev-parse --show-toplevel [2ms]
2023-12-09 11:56:23.551 [info] fatal: not a git repository (or any of the parent directories): .git
2023-12-09 11:56:23.562 [info] > git rev-parse --show-toplevel [1ms]
2023-12-09 11:56:23.562 [info] fatal: not a git repository (or any of the parent directories): .git
2023-12-09 11:56:23.569 [info] > git rev-parse --show-toplevel [1ms]
2023-12-09 11:56:23.569 [info] fatal: not a git repository (or any of the parent directories): .git
2023-12-09 11:56:23.579 [info] > git rev-parse --show-toplevel [1ms]
2023-12-09 11:56:23.579 [info] fatal: not a git repository (or any of the parent directories): .git
2023-12-09 11:56:23.586 [info] > git rev-parse --show-toplevel [1ms]
2023-12-09 11:56:23.586 [info] fatal: not a git repository (or any of the parent directories): .git
2023-12-09 11:56:23.597 [info] > git rev-parse --show-toplevel [2ms]
2023-12-09 11:56:23.597 [info] fatal: not a git repository (or any of the parent directories): .git
2023-12-09 11:56:23.608 [info] > git rev-parse --show-toplevel [3ms]
2023-12-09 11:56:23.608 [info] fatal: not a git repository (or any of the parent directories): .git
2023-12-09 11:56:23.731 [info] > git rev-parse --show-toplevel [1ms]
2023-12-09 11:56:23.731 [info] fatal: not a git repository (or any of the parent directories): .git
2023-12-09 14:29:28.524 [info] > git rev-parse --show-toplevel [2ms]
2023-12-09 14:29:28.524 [info] fatal: not a git repository (or any of the parent directories): .git
2023-12-09 14:33:54.525 [info] > git rev-parse --show-toplevel [1ms]
2023-12-09 14:33:54.525 [info] fatal: not a git repository (or any of the parent directories): .git
2023-12-09 15:27:24.024 [info] > git rev-parse --show-toplevel [5ms]
2023-12-09 15:27:24.025 [info] fatal: detected dubious ownership in repository at '/var/www/domu'
To add an exception for this directory, call:

	git config --global --add safe.directory /var/www/domu
2023-12-09 15:29:39.402 [info] > git rev-parse --show-toplevel [3ms]
2023-12-09 15:29:39.412 [info] > git rev-parse --git-dir --git-common-dir [2ms]
2023-12-09 15:29:39.422 [info] Open repository: /var/www/domu
2023-12-09 15:29:39.436 [info] > git config --get commit.template [5ms]
2023-12-09 15:29:39.437 [info] > git for-each-ref --format=%(refname)%00%(upstream:short)%00%(objectname)%00%(upstream:track)%00%(upstream:remotename)%00%(upstream:remoteref) refs/heads/master refs/remotes/master [1ms]
2023-12-09 15:29:39.457 [info] > git status -z -uall [15ms]
2023-12-09 15:29:39.491 [info] > git config --get commit.template [8ms]
2023-12-09 15:29:39.494 [info] > git for-each-ref --format=%(refname)%00%(upstream:short)%00%(objectname)%00%(upstream:track)%00%(upstream:remotename)%00%(upstream:remoteref) refs/heads/master refs/remotes/master [4ms]
2023-12-09 15:29:39.503 [info] > git status -z -uall [3ms]
2023-12-09 15:29:39.840 [info] > git show --textconv :resources/views/vendor/filament-panels/components/logo.blade.php [6ms]
2023-12-09 15:29:39.841 [info] > git ls-files --stage -- /var/www/domu/resources/views/vendor/filament-panels/components/logo.blade.php [2ms]
2023-12-09 15:29:39.992 [info] > git check-ignore -v -z --stdin [3ms]
2023-12-09 15:29:40.988 [info] > git config --get commit.template [5ms]
2023-12-09 15:29:40.988 [info] > git for-each-ref --format=%(refname)%00%(upstream:short)%00%(objectname)%00%(upstream:track)%00%(upstream:remotename)%00%(upstream:remoteref) refs/heads/master refs/remotes/master [1ms]
2023-12-09 15:29:40.995 [info] > git status -z -uall [3ms]
2023-12-09 15:29:46.021 [info] > git config --get commit.template [8ms]
2023-12-09 15:29:46.021 [info] > git for-each-ref --format=%(refname)%00%(upstream:short)%00%(objectname)%00%(upstream:track)%00%(upstream:remotename)%00%(upstream:remoteref) refs/heads/master refs/remotes/master [1ms]
2023-12-09 15:29:46.031 [info] > git status -z -uall [4ms]
2023-12-09 15:29:51.062 [info] > git config --get commit.template [12ms]
2023-12-09 15:29:51.064 [info] > git for-each-ref --format=%(refname)%00%(upstream:short)%00%(objectname)%00%(upstream:track)%00%(upstream:remotename)%00%(upstream:remoteref) refs/heads/master refs/remotes/master [3ms]
2023-12-09 15:29:51.077 [info] > git status -z -uall [5ms]
2023-12-09 15:29:56.109 [info] > git config --get commit.template [11ms]
2023-12-09 15:29:56.109 [info] > git for-each-ref --format=%(refname)%00%(upstream:short)%00%(objectname)%00%(upstream:track)%00%(upstream:remotename)%00%(upstream:remoteref) refs/heads/master refs/remotes/master [2ms]
2023-12-09 15:29:56.121 [info] > git status -z -uall [5ms]
2023-12-09 15:29:58.192 [info] > git check-ignore -v -z --stdin [3ms]
2023-12-09 15:30:01.152 [info] > git config --get commit.template [8ms]
2023-12-09 15:30:01.152 [info] > git for-each-ref --format=%(refname)%00%(upstream:short)%00%(objectname)%00%(upstream:track)%00%(upstream:remotename)%00%(upstream:remoteref) refs/heads/master refs/remotes/master [1ms]
2023-12-09 15:30:01.161 [info] > git status -z -uall [3ms]
2023-12-09 15:30:03.706 [info] > git check-ignore -v -z --stdin [3ms]
2023-12-09 15:30:06.200 [info] > git config --get commit.template [12ms]
2023-12-09 15:30:06.201 [info] > git for-each-ref --format=%(refname)%00%(upstream:short)%00%(objectname)%00%(upstream:track)%00%(upstream:remotename)%00%(upstream:remoteref) refs/heads/master refs/remotes/master [3ms]
2023-12-09 15:30:06.212 [info] > git status -z -uall [4ms]
2023-12-09 15:30:07.077 [info] > git check-ignore -v -z --stdin [4ms]
2023-12-09 15:30:11.245 [info] > git config --get commit.template [12ms]
2023-12-09 15:30:11.245 [info] > git for-each-ref --format=%(refname)%00%(upstream:short)%00%(objectname)%00%(upstream:track)%00%(upstream:remotename)%00%(upstream:remoteref) refs/heads/master refs/remotes/master [2ms]
2023-12-09 15:30:11.257 [info] > git status -z -uall [4ms]
2023-12-09 15:30:16.286 [info] > git config --get commit.template [11ms]
2023-12-09 15:30:16.287 [info] > git for-each-ref --format=%(refname)%00%(upstream:short)%00%(objectname)%00%(upstream:track)%00%(upstream:remotename)%00%(upstream:remoteref) refs/heads/master refs/remotes/master [2ms]
2023-12-09 15:30:16.300 [info] > git status -z -uall [6ms]
2023-12-09 15:30:21.335 [info] > git config --get commit.template [11ms]
2023-12-09 15:30:21.336 [info] > git for-each-ref --format=%(refname)%00%(upstream:short)%00%(objectname)%00%(upstream:track)%00%(upstream:remotename)%00%(upstream:remoteref) refs/heads/master refs/remotes/master [3ms]
2023-12-09 15:30:21.346 [info] > git status -z -uall [3ms]
2023-12-09 15:30:26.376 [info] > git config --get commit.template [10ms]
2023-12-09 15:30:26.377 [info] > git for-each-ref --format=%(refname)%00%(upstream:short)%00%(objectname)%00%(upstream:track)%00%(upstream:remotename)%00%(upstream:remoteref) refs/heads/master refs/remotes/master [2ms]
2023-12-09 15:30:26.389 [info] > git status -z -uall [6ms]
2023-12-09 15:30:49.370 [info] > git config --get commit.template [9ms]
2023-12-09 15:30:49.371 [info] > git for-each-ref --format=%(refname)%00%(upstream:short)%00%(objectname)%00%(upstream:track)%00%(upstream:remotename)%00%(upstream:remoteref) refs/heads/master refs/remotes/master [1ms]
2023-12-09 15:30:49.379 [info] > git status -z -uall [3ms]
2023-12-09 15:30:54.405 [info] > git config --get commit.template [8ms]
2023-12-09 15:30:54.407 [info] > git for-each-ref --format=%(refname)%00%(upstream:short)%00%(objectname)%00%(upstream:track)%00%(upstream:remotename)%00%(upstream:remoteref) refs/heads/master refs/remotes/master [3ms]
2023-12-09 15:30:54.418 [info] > git status -z -uall [4ms]
2023-12-09 15:30:59.452 [info] > git config --get commit.template [12ms]
2023-12-09 15:30:59.453 [info] > git for-each-ref --format=%(refname)%00%(upstream:short)%00%(objectname)%00%(upstream:track)%00%(upstream:remotename)%00%(upstream:remoteref) refs/heads/master refs/remotes/master [3ms]
2023-12-09 15:30:59.465 [info] > git status -z -uall [5ms]
2023-12-09 15:31:04.493 [info] > git config --get commit.template [10ms]
2023-12-09 15:31:04.495 [info] > git for-each-ref --format=%(refname)%00%(upstream:short)%00%(objectname)%00%(upstream:track)%00%(upstream:remotename)%00%(upstream:remoteref) refs/heads/master refs/remotes/master [3ms]
2023-12-09 15:31:04.512 [info] > git status -z -uall [8ms]
2023-12-09 15:31:09.546 [info] > git config --get commit.template [11ms]
2023-12-09 15:31:09.547 [info] > git for-each-ref --format=%(refname)%00%(upstream:short)%00%(objectname)%00%(upstream:track)%00%(upstream:remotename)%00%(upstream:remoteref) refs/heads/master refs/remotes/master [2ms]
2023-12-09 15:31:09.559 [info] > git status -z -uall [5ms]
2023-12-09 15:31:14.591 [info] > git config --get commit.template [10ms]
2023-12-09 15:31:14.592 [info] > git for-each-ref --format=%(refname)%00%(upstream:short)%00%(objectname)%00%(upstream:track)%00%(upstream:remotename)%00%(upstream:remoteref) refs/heads/master refs/remotes/master [2ms]
2023-12-09 15:31:14.601 [info] > git status -z -uall [4ms]
2023-12-09 15:31:19.638 [info] > git config --get commit.template [13ms]
2023-12-09 15:31:19.639 [info] > git for-each-ref --format=%(refname)%00%(upstream:short)%00%(objectname)%00%(upstream:track)%00%(upstream:remotename)%00%(upstream:remoteref) refs/heads/master refs/remotes/master [4ms]
2023-12-09 15:31:19.652 [info] > git status -z -uall [5ms]
2023-12-09 15:31:24.677 [info] > git config --get commit.template [9ms]
2023-12-09 15:31:24.678 [info] > git for-each-ref --format=%(refname)%00%(upstream:short)%00%(objectname)%00%(upstream:track)%00%(upstream:remotename)%00%(upstream:remoteref) refs/heads/master refs/remotes/master [2ms]
2023-12-09 15:31:24.691 [info] > git status -z -uall [5ms]
2023-12-09 15:31:29.727 [info] > git config --get commit.template [11ms]
2023-12-09 15:31:29.729 [info] > git for-each-ref --format=%(refname)%00%(upstream:short)%00%(objectname)%00%(upstream:track)%00%(upstream:remotename)%00%(upstream:remoteref) refs/heads/master refs/remotes/master [3ms]
2023-12-09 15:31:29.746 [info] > git status -z -uall [7ms]
2023-12-09 15:31:34.779 [info] > git config --get commit.template [11ms]
2023-12-09 15:31:34.780 [info] > git for-each-ref --format=%(refname)%00%(upstream:short)%00%(objectname)%00%(upstream:track)%00%(upstream:remotename)%00%(upstream:remoteref) refs/heads/master refs/remotes/master [2ms]
2023-12-09 15:31:34.793 [info] > git status -z -uall [6ms]
2023-12-09 15:31:37.584 [info] > git ls-files --stage -- /var/www/domu/resources/views/vendor/filament-panels/components/logo.blade.php [2ms]
2023-12-09 15:31:37.591 [info] > git cat-file -s 1da15725c27967c844778a3911c6e6ca0d85d201 [2ms]
2023-12-09 15:31:37.600 [info] > git show --textconv :resources/views/vendor/filament-panels/components/logo.blade.php [2ms]
2023-12-09 15:31:39.828 [info] > git config --get commit.template [12ms]
2023-12-09 15:31:39.830 [info] > git for-each-ref --format=%(refname)%00%(upstream:short)%00%(objectname)%00%(upstream:track)%00%(upstream:remotename)%00%(upstream:remoteref) refs/heads/master refs/remotes/master [3ms]
2023-12-09 15:31:39.846 [info] > git status -z -uall [9ms]
2023-12-09 15:31:44.882 [info] > git config --get commit.template [9ms]
2023-12-09 15:31:44.883 [info] > git for-each-ref --format=%(refname)%00%(upstream:short)%00%(objectname)%00%(upstream:track)%00%(upstream:remotename)%00%(upstream:remoteref) refs/heads/master refs/remotes/master [2ms]
2023-12-09 15:31:44.898 [info] > git status -z -uall [8ms]
2023-12-09 15:31:49.935 [info] > git config --get commit.template [12ms]
2023-12-09 15:31:49.936 [info] > git for-each-ref --format=%(refname)%00%(upstream:short)%00%(objectname)%00%(upstream:track)%00%(upstream:remotename)%00%(upstream:remoteref) refs/heads/master refs/remotes/master [3ms]
2023-12-09 15:31:49.957 [info] > git status -z -uall [11ms]
2023-12-09 15:31:54.986 [info] > git config --get commit.template [12ms]
2023-12-09 15:31:54.987 [info] > git for-each-ref --format=%(refname)%00%(upstream:short)%00%(objectname)%00%(upstream:track)%00%(upstream:remotename)%00%(upstream:remoteref) refs/heads/master refs/remotes/master [1ms]
2023-12-09 15:31:54.995 [info] > git status -z -uall [4ms]
2023-12-09 15:32:00.024 [info] > git config --get commit.template [10ms]
2023-12-09 15:32:00.025 [info] > git for-each-ref --format=%(refname)%00%(upstream:short)%00%(objectname)%00%(upstream:track)%00%(upstream:remotename)%00%(upstream:remoteref) refs/heads/master refs/remotes/master [2ms]
2023-12-09 15:32:00.034 [info] > git status -z -uall [4ms]
2023-12-09 15:32:02.269 [info] > git ls-files --stage -- /var/www/domu/resources/views/vendor/filament-panels/components/logo.blade.php [3ms]
2023-12-09 15:32:02.281 [info] > git cat-file -s 1da15725c27967c844778a3911c6e6ca0d85d201 [3ms]
2023-12-09 15:32:02.294 [info] > git show --textconv :resources/views/vendor/filament-panels/components/logo.blade.php [2ms]
2023-12-09 15:32:05.067 [info] > git config --get commit.template [11ms]
2023-12-09 15:32:05.069 [info] > git for-each-ref --format=%(refname)%00%(upstream:short)%00%(objectname)%00%(upstream:track)%00%(upstream:remotename)%00%(upstream:remoteref) refs/heads/master refs/remotes/master [2ms]
2023-12-09 15:32:05.082 [info] > git status -z -uall [7ms]
2023-12-09 15:32:05.107 [info] > git for-each-ref --format=%(refname)%00%(upstream:short)%00%(objectname)%00%(upstream:track)%00%(upstream:remotename)%00%(upstream:remoteref) refs/heads/master [1ms]
2023-12-09 15:32:05.115 [info] > git config --local branch.master.vscode-merge-base [3ms]
2023-12-09 15:32:05.123 [info] > git reflog refs/heads/master --grep-reflog=branch: Created from *. [1ms]
2023-12-09 15:32:05.130 [info] > git symbolic-ref --short refs/remotes/origin/HEAD [2ms]
2023-12-09 15:32:05.130 [info] fatal: ref refs/remotes/origin/HEAD is not a symbolic ref
2023-12-09 15:32:10.114 [info] > git config --get commit.template [10ms]
2023-12-09 15:32:10.116 [info] > git for-each-ref --format=%(refname)%00%(upstream:short)%00%(objectname)%00%(upstream:track)%00%(upstream:remotename)%00%(upstream:remoteref) refs/heads/master refs/remotes/master [2ms]
2023-12-09 15:32:10.131 [info] > git status -z -uall [7ms]
2023-12-09 15:32:15.841 [info] > git config --get commit.template [11ms]
2023-12-09 15:32:15.842 [info] > git for-each-ref --format=%(refname)%00%(upstream:short)%00%(objectname)%00%(upstream:track)%00%(upstream:remotename)%00%(upstream:remoteref) refs/heads/master refs/remotes/master [3ms]
2023-12-09 15:32:15.854 [info] > git status -z -uall [5ms]
2023-12-09 15:32:33.326 [info] > git config --get commit.template [13ms]
2023-12-09 15:32:33.326 [info] > git for-each-ref --format=%(refname)%00%(upstream:short)%00%(objectname)%00%(upstream:track)%00%(upstream:remotename)%00%(upstream:remoteref) refs/heads/master refs/remotes/master [2ms]
2023-12-09 15:32:33.341 [info] > git status -z -uall [6ms]
2023-12-09 15:32:38.357 [info] > git config --get commit.template [8ms]
2023-12-09 15:32:38.357 [info] > git for-each-ref --format=%(refname)%00%(upstream:short)%00%(objectname)%00%(upstream:track)%00%(upstream:remotename)%00%(upstream:remoteref) refs/heads/master refs/remotes/master [1ms]
2023-12-09 15:32:38.367 [info] > git status -z -uall [4ms]
2023-12-09 15:32:45.789 [info] > git config --get commit.template [8ms]
2023-12-09 15:32:45.790 [info] > git for-each-ref --format=%(refname)%00%(upstream:short)%00%(objectname)%00%(upstream:track)%00%(upstream:remotename)%00%(upstream:remoteref) refs/heads/master refs/remotes/master [1ms]
2023-12-09 15:32:45.800 [info] > git status -z -uall [5ms]
2023-12-09 15:32:50.829 [info] > git config --get commit.template [11ms]
2023-12-09 15:32:50.831 [info] > git for-each-ref --format=%(refname)%00%(upstream:short)%00%(objectname)%00%(upstream:track)%00%(upstream:remotename)%00%(upstream:remoteref) refs/heads/master refs/remotes/master [2ms]
2023-12-09 15:32:50.847 [info] > git status -z -uall [8ms]
2023-12-09 15:32:52.436 [info] > git for-each-ref --sort -committerdate --format %(refname) %(objectname) %(*objectname) [2ms]
2023-12-09 15:32:57.751 [info] > git config --get commit.template [12ms]
2023-12-09 15:32:57.752 [info] > git for-each-ref --format=%(refname)%00%(upstream:short)%00%(objectname)%00%(upstream:track)%00%(upstream:remotename)%00%(upstream:remoteref) refs/heads/master refs/remotes/master [3ms]
2023-12-09 15:32:57.766 [info] > git status -z -uall [7ms]
2023-12-09 15:33:00.977 [info] > git check-ignore -v -z --stdin [3ms]
2023-12-09 15:33:02.781 [info] > git config --get commit.template [6ms]
2023-12-09 15:33:02.782 [info] > git for-each-ref --format=%(refname)%00%(upstream:short)%00%(objectname)%00%(upstream:track)%00%(upstream:remotename)%00%(upstream:remoteref) refs/heads/master refs/remotes/master [1ms]
2023-12-09 15:33:02.791 [info] > git status -z -uall [5ms]
2023-12-09 15:35:58.655 [info] > git config --get commit.template [7ms]
2023-12-09 15:35:58.656 [info] > git for-each-ref --format=%(refname)%00%(upstream:short)%00%(objectname)%00%(upstream:track)%00%(upstream:remotename)%00%(upstream:remoteref) refs/heads/master refs/remotes/master [2ms]
2023-12-09 15:35:58.678 [info] > git status -z -uall [9ms]
2023-12-09 15:36:03.706 [info] > git config --get commit.template [11ms]
2023-12-09 15:36:03.707 [info] > git for-each-ref --format=%(refname)%00%(upstream:short)%00%(objectname)%00%(upstream:track)%00%(upstream:remotename)%00%(upstream:remoteref) refs/heads/master refs/remotes/master [3ms]
2023-12-09 15:36:03.723 [info] > git status -z -uall [9ms]
2023-12-09 15:36:14.658 [info] > git config --get commit.template [11ms]
2023-12-09 15:36:14.659 [info] > git for-each-ref --format=%(refname)%00%(upstream:short)%00%(objectname)%00%(upstream:track)%00%(upstream:remotename)%00%(upstream:remoteref) refs/heads/master refs/remotes/master [3ms]
2023-12-09 15:36:14.675 [info] > git status -z -uall [8ms]
