2023-12-09 15:36:51.835 [info] Nível de log: Info
2023-12-09 15:36:51.835 [info] Validando o git encontrado em: git
2023-12-09 15:36:51.835 [info] Usando git ''2.34.1'' de ''git''
2023-12-09 15:36:51.835 [info] > git rev-parse --show-toplevel [5ms]
2023-12-09 15:36:51.835 [info] > git rev-parse --git-dir --git-common-dir [3ms]
2023-12-09 15:36:51.835 [info] Open repository: /var/www/domu
2023-12-09 15:36:51.837 [info] > git config --get commit.template [7ms]
2023-12-09 15:36:51.844 [info] > git rev-parse --show-toplevel [9ms]
2023-12-09 15:36:51.862 [info] > git rev-parse --show-toplevel [2ms]
2023-12-09 15:36:51.862 [info] > git for-each-ref --format=%(refname)%00%(upstream:short)%00%(objectname)%00%(upstream:track)%00%(upstream:remotename)%00%(upstream:remoteref) refs/heads/master refs/remotes/master [10ms]
2023-12-09 15:36:51.890 [info] > git status -z -uall [18ms]
2023-12-09 15:36:51.942 [info] > git rev-parse --show-toplevel [54ms]
2023-12-09 15:36:51.951 [info] > git config --get commit.template [9ms]
2023-12-09 15:36:51.953 [info] > git rev-parse --show-toplevel [3ms]
2023-12-09 15:36:51.968 [info] > git for-each-ref --format=%(refname)%00%(upstream:short)%00%(objectname)%00%(upstream:track)%00%(upstream:remotename)%00%(upstream:remoteref) refs/heads/master refs/remotes/master [7ms]
2023-12-09 15:36:51.978 [info] > git rev-parse --show-toplevel [11ms]
2023-12-09 15:36:51.995 [info] > git status -z -uall [22ms]
2023-12-09 15:36:51.995 [info] > git rev-parse --show-toplevel [8ms]
2023-12-09 15:36:52.013 [info] > git rev-parse --show-toplevel [6ms]
2023-12-09 15:36:52.020 [info] > git rev-parse --show-toplevel [1ms]
2023-12-09 15:36:52.025 [info] > git rev-parse --show-toplevel [1ms]
2023-12-09 15:36:52.032 [info] > git rev-parse --show-toplevel [2ms]
2023-12-09 15:36:52.058 [info] > git rev-parse --show-toplevel [22ms]
2023-12-09 15:36:52.064 [info] > git rev-parse --show-toplevel [1ms]
2023-12-09 15:36:52.076 [info] > git rev-parse --show-toplevel [3ms]
2023-12-09 15:36:52.084 [info] > git rev-parse --show-toplevel [3ms]
2023-12-09 15:36:52.093 [info] > git rev-parse --show-toplevel [2ms]
2023-12-09 15:36:52.107 [info] > git rev-parse --show-toplevel [6ms]
2023-12-09 15:36:52.120 [info] > git rev-parse --show-toplevel [1ms]
2023-12-09 15:36:52.137 [info] > git rev-parse --show-toplevel [2ms]
2023-12-09 15:36:52.144 [info] > git rev-parse --show-toplevel [1ms]
2023-12-09 15:36:52.151 [info] > git rev-parse --show-toplevel [2ms]
2023-12-09 15:36:52.159 [info] > git rev-parse --show-toplevel [2ms]
2023-12-09 15:36:52.166 [info] > git rev-parse --show-toplevel [1ms]
2023-12-09 15:36:52.175 [info] > git rev-parse --show-toplevel [2ms]
2023-12-09 15:36:52.181 [info] > git rev-parse --show-toplevel [1ms]
2023-12-09 15:36:52.189 [info] > git rev-parse --show-toplevel [2ms]
2023-12-09 15:36:52.194 [info] > git rev-parse --show-toplevel [1ms]
2023-12-09 15:36:52.200 [info] > git rev-parse --show-toplevel [2ms]
2023-12-09 15:36:52.206 [info] > git rev-parse --show-toplevel [2ms]
2023-12-09 15:36:52.211 [info] > git rev-parse --show-toplevel [1ms]
2023-12-09 15:36:52.216 [info] > git rev-parse --show-toplevel [1ms]
2023-12-09 15:36:52.337 [info] > git show --textconv :app/Providers/Filament/AdminPanelProvider.php [6ms]
2023-12-09 15:36:52.339 [info] > git ls-files --stage -- /var/www/domu/app/Providers/Filament/AdminPanelProvider.php [2ms]
2023-12-09 15:36:52.344 [info] > git cat-file -s e2be3070fcf123fd945a8d79c4f33c700b82f3b7 [1ms]
2023-12-09 15:36:52.379 [info] > git check-ignore -v -z --stdin [1ms]
2023-12-09 15:36:54.864 [info] > git config --get commit.template [17ms]
2023-12-09 15:36:54.865 [info] > git for-each-ref --format=%(refname)%00%(upstream:short)%00%(objectname)%00%(upstream:track)%00%(upstream:remotename)%00%(upstream:remoteref) refs/heads/master refs/remotes/master [8ms]
2023-12-09 15:36:54.884 [info] > git status -z -uall [14ms]
2023-12-09 15:36:58.732 [info] > git for-each-ref --format=%(refname)%00%(upstream:short)%00%(objectname)%00%(upstream:track)%00%(upstream:remotename)%00%(upstream:remoteref) refs/heads/master [2ms]
2023-12-09 15:36:58.738 [info] > git config --local branch.master.vscode-merge-base [0ms]
2023-12-09 15:36:58.744 [info] > git reflog refs/heads/master --grep-reflog=branch: Created from *. [1ms]
2023-12-09 15:36:58.749 [info] > git symbolic-ref --short refs/remotes/origin/HEAD [1ms]
2023-12-09 15:36:58.749 [info] fatal: ref refs/remotes/origin/HEAD is not a symbolic ref
2023-12-09 15:36:59.268 [info] > git check-ignore -v -z --stdin [1ms]
2023-12-09 15:36:59.908 [info] > git config --get commit.template [11ms]
2023-12-09 15:36:59.909 [info] > git for-each-ref --format=%(refname)%00%(upstream:short)%00%(objectname)%00%(upstream:track)%00%(upstream:remotename)%00%(upstream:remoteref) refs/heads/master refs/remotes/master [2ms]
2023-12-09 15:36:59.930 [info] > git status -z -uall [14ms]
2023-12-09 15:37:00.589 [info] > git check-ignore -v -z --stdin [1ms]
2023-12-09 15:37:04.949 [info] > git config --get commit.template [6ms]
2023-12-09 15:37:04.950 [info] > git for-each-ref --format=%(refname)%00%(upstream:short)%00%(objectname)%00%(upstream:track)%00%(upstream:remotename)%00%(upstream:remoteref) refs/heads/master refs/remotes/master [2ms]
2023-12-09 15:37:04.967 [info] > git status -z -uall [9ms]
2023-12-09 15:37:12.586 [info] > git config --get commit.template [12ms]
2023-12-09 15:37:12.588 [info] > git for-each-ref --format=%(refname)%00%(upstream:short)%00%(objectname)%00%(upstream:track)%00%(upstream:remotename)%00%(upstream:remoteref) refs/heads/master refs/remotes/master [3ms]
2023-12-09 15:37:12.608 [info] > git status -z -uall [13ms]
2023-12-09 15:37:13.501 [info] > git check-ignore -v -z --stdin [4ms]
2023-12-09 15:37:14.868 [info] > git show --textconv :app/Console/Kernel.php [5ms]
2023-12-09 15:37:14.868 [info] > git ls-files --stage -- /var/www/domu/app/Console/Kernel.php [1ms]
2023-12-09 15:37:14.873 [info] > git cat-file -s e6b9960ec1baeb69b6712a8019b8defa35276a20 [1ms]
2023-12-09 15:37:15.643 [info] > git check-ignore -v -z --stdin [4ms]
2023-12-09 15:37:17.632 [info] > git config --get commit.template [11ms]
2023-12-09 15:37:17.633 [info] > git for-each-ref --format=%(refname)%00%(upstream:short)%00%(objectname)%00%(upstream:track)%00%(upstream:remotename)%00%(upstream:remoteref) refs/heads/master refs/remotes/master [2ms]
2023-12-09 15:37:17.654 [info] > git status -z -uall [13ms]
2023-12-09 15:37:19.222 [info] > git check-ignore -v -z --stdin [2ms]
2023-12-09 15:37:23.384 [info] > git config --get commit.template [11ms]
2023-12-09 15:37:23.385 [info] > git for-each-ref --format=%(refname)%00%(upstream:short)%00%(objectname)%00%(upstream:track)%00%(upstream:remotename)%00%(upstream:remoteref) refs/heads/master refs/remotes/master [3ms]
2023-12-09 15:37:23.406 [info] > git status -z -uall [14ms]
2023-12-09 15:37:28.421 [info] > git config --get commit.template [6ms]
2023-12-09 15:37:28.422 [info] > git for-each-ref --format=%(refname)%00%(upstream:short)%00%(objectname)%00%(upstream:track)%00%(upstream:remotename)%00%(upstream:remoteref) refs/heads/master refs/remotes/master [2ms]
2023-12-09 15:37:28.442 [info] > git status -z -uall [13ms]
2023-12-09 15:41:06.755 [info] > git config --get commit.template [12ms]
2023-12-09 15:41:06.756 [info] > git for-each-ref --format=%(refname)%00%(upstream:short)%00%(objectname)%00%(upstream:track)%00%(upstream:remotename)%00%(upstream:remoteref) refs/heads/master refs/remotes/master [1ms]
2023-12-09 15:41:06.775 [info] > git status -z -uall [13ms]
2023-12-09 15:41:14.398 [info] > git config --get commit.template [10ms]
2023-12-09 15:41:14.400 [info] > git for-each-ref --format=%(refname)%00%(upstream:short)%00%(objectname)%00%(upstream:track)%00%(upstream:remotename)%00%(upstream:remoteref) refs/heads/master refs/remotes/master [3ms]
2023-12-09 15:41:14.424 [info] > git status -z -uall [16ms]
2023-12-09 15:41:23.797 [info] > git config --get commit.template [11ms]
2023-12-09 15:41:23.798 [info] > git for-each-ref --format=%(refname)%00%(upstream:short)%00%(objectname)%00%(upstream:track)%00%(upstream:remotename)%00%(upstream:remoteref) refs/heads/master refs/remotes/master [2ms]
2023-12-09 15:41:23.819 [info] > git status -z -uall [13ms]
2023-12-09 15:43:41.052 [info] > git config --get commit.template [8ms]
2023-12-09 15:43:41.053 [info] > git for-each-ref --format=%(refname)%00%(upstream:short)%00%(objectname)%00%(upstream:track)%00%(upstream:remotename)%00%(upstream:remoteref) refs/heads/master refs/remotes/master [1ms]
2023-12-09 15:43:41.070 [info] > git status -z -uall [10ms]
2023-12-09 15:43:46.096 [info] > git config --get commit.template [10ms]
2023-12-09 15:43:46.097 [info] > git for-each-ref --format=%(refname)%00%(upstream:short)%00%(objectname)%00%(upstream:track)%00%(upstream:remotename)%00%(upstream:remoteref) refs/heads/master refs/remotes/master [2ms]
2023-12-09 15:43:46.120 [info] > git status -z -uall [15ms]
2023-12-09 15:45:16.768 [info] > git ls-files --stage -- /var/www/domu/app/Console/Kernel.php [3ms]
2023-12-09 15:45:16.781 [info] > git cat-file -s e6b9960ec1baeb69b6712a8019b8defa35276a20 [4ms]
2023-12-09 15:45:16.792 [info] > git show --textconv :app/Console/Kernel.php [2ms]
2023-12-09 15:45:16.958 [info] > git config --get commit.template [11ms]
2023-12-09 15:45:16.959 [info] > git for-each-ref --format=%(refname)%00%(upstream:short)%00%(objectname)%00%(upstream:track)%00%(upstream:remotename)%00%(upstream:remoteref) refs/heads/master refs/remotes/master [3ms]
2023-12-09 15:45:16.976 [info] > git status -z -uall [9ms]
2023-12-09 15:45:31.476 [info] > git config --get commit.template [11ms]
2023-12-09 15:45:31.476 [info] > git for-each-ref --format=%(refname)%00%(upstream:short)%00%(objectname)%00%(upstream:track)%00%(upstream:remotename)%00%(upstream:remoteref) refs/heads/master refs/remotes/master [1ms]
2023-12-09 15:45:31.494 [info] > git status -z -uall [14ms]
2023-12-09 15:47:11.699 [info] > git ls-files --stage -- /var/www/domu/app/Console/Kernel.php [3ms]
2023-12-09 15:47:11.710 [info] > git cat-file -s e6b9960ec1baeb69b6712a8019b8defa35276a20 [3ms]
2023-12-09 15:47:11.725 [info] > git show --textconv :app/Console/Kernel.php [4ms]
2023-12-09 15:47:11.892 [info] > git config --get commit.template [10ms]
2023-12-09 15:47:11.894 [info] > git for-each-ref --format=%(refname)%00%(upstream:short)%00%(objectname)%00%(upstream:track)%00%(upstream:remotename)%00%(upstream:remoteref) refs/heads/main refs/remotes/main [3ms]
2023-12-09 15:47:11.913 [info] > git status -z -uall [11ms]
2023-12-09 15:47:21.613 [info] > git config --get commit.template [7ms]
2023-12-09 15:47:21.615 [info] > git for-each-ref --format=%(refname)%00%(upstream:short)%00%(objectname)%00%(upstream:track)%00%(upstream:remotename)%00%(upstream:remoteref) refs/heads/main refs/remotes/main [3ms]
2023-12-09 15:47:21.632 [info] > git status -z -uall [8ms]
2023-12-09 15:47:26.657 [info] > git config --get commit.template [10ms]
2023-12-09 15:47:26.658 [info] > git for-each-ref --format=%(refname)%00%(upstream:short)%00%(objectname)%00%(upstream:track)%00%(upstream:remotename)%00%(upstream:remoteref) refs/heads/main refs/remotes/main [3ms]
2023-12-09 15:47:26.676 [info] > git status -z -uall [11ms]
2023-12-09 15:49:02.510 [info] > git config --get commit.template [11ms]
2023-12-09 15:49:02.510 [info] > git for-each-ref --format=%(refname)%00%(upstream:short)%00%(objectname)%00%(upstream:track)%00%(upstream:remotename)%00%(upstream:remoteref) refs/heads/main refs/remotes/main [1ms]
2023-12-09 15:49:02.530 [info] > git status -z -uall [9ms]
2023-12-09 15:49:22.881 [info] > git ls-files --stage -- /var/www/domu/app/Console/Kernel.php [2ms]
2023-12-09 15:49:22.886 [info] > git cat-file -s e6b9960ec1baeb69b6712a8019b8defa35276a20 [1ms]
2023-12-09 15:49:22.896 [info] > git show --textconv :app/Console/Kernel.php [2ms]
2023-12-09 15:49:22.993 [info] > git config --get commit.template [4ms]
2023-12-09 15:49:22.993 [info] > git for-each-ref --format=%(refname)%00%(upstream:short)%00%(objectname)%00%(upstream:track)%00%(upstream:remotename)%00%(upstream:remoteref) refs/heads/main refs/remotes/main [1ms]
2023-12-09 15:49:23.004 [info] > git status -z -uall [7ms]
2023-12-09 15:49:30.193 [info] > git config --get commit.template [11ms]
2023-12-09 15:49:30.194 [info] > git for-each-ref --format=%(refname)%00%(upstream:short)%00%(objectname)%00%(upstream:track)%00%(upstream:remotename)%00%(upstream:remoteref) refs/heads/main refs/remotes/main [3ms]
2023-12-09 15:49:30.214 [info] > git status -z -uall [11ms]
2023-12-09 15:49:30.284 [info] > git ls-files --stage -- /var/www/domu/app/Console/Kernel.php [2ms]
2023-12-09 15:49:30.295 [info] > git cat-file -s e6b9960ec1baeb69b6712a8019b8defa35276a20 [3ms]
2023-12-09 15:49:30.307 [info] > git show --textconv :app/Console/Kernel.php [3ms]
2023-12-09 15:49:34.096 [info] > git ls-files --stage -- /var/www/domu/app/Console/Kernel.php [3ms]
2023-12-09 15:49:34.107 [info] > git cat-file -s e6b9960ec1baeb69b6712a8019b8defa35276a20 [2ms]
2023-12-09 15:49:34.120 [info] > git show --textconv :app/Console/Kernel.php [3ms]
2023-12-09 15:49:35.237 [info] > git config --get commit.template [11ms]
2023-12-09 15:49:35.239 [info] > git for-each-ref --format=%(refname)%00%(upstream:short)%00%(objectname)%00%(upstream:track)%00%(upstream:remotename)%00%(upstream:remoteref) refs/heads/main refs/remotes/main [3ms]
2023-12-09 15:49:35.249 [info] > git status -z -uall [6ms]
2023-12-09 15:49:39.226 [info] > git ls-files --stage -- /var/www/domu/app/Console/Kernel.php [3ms]
2023-12-09 15:49:39.237 [info] > git cat-file -s e6b9960ec1baeb69b6712a8019b8defa35276a20 [2ms]
2023-12-09 15:49:39.246 [info] > git show --textconv :app/Console/Kernel.php [2ms]
2023-12-09 15:49:40.271 [info] > git config --get commit.template [10ms]
2023-12-09 15:49:40.273 [info] > git for-each-ref --format=%(refname)%00%(upstream:short)%00%(objectname)%00%(upstream:track)%00%(upstream:remotename)%00%(upstream:remoteref) refs/heads/main refs/remotes/main [3ms]
2023-12-09 15:49:40.290 [info] > git status -z -uall [10ms]
2023-12-09 15:49:40.908 [info] > git ls-files --stage -- /var/www/domu/app/Console/Kernel.php [3ms]
2023-12-09 15:49:40.919 [info] > git cat-file -s e6b9960ec1baeb69b6712a8019b8defa35276a20 [3ms]
2023-12-09 15:49:40.932 [info] > git show --textconv :app/Console/Kernel.php [2ms]
2023-12-09 15:49:43.788 [info] > git ls-files --stage -- /var/www/domu/app/Console/Kernel.php [3ms]
2023-12-09 15:49:43.800 [info] > git cat-file -s e6b9960ec1baeb69b6712a8019b8defa35276a20 [3ms]
2023-12-09 15:49:43.813 [info] > git show --textconv :app/Console/Kernel.php [1ms]
2023-12-09 15:49:45.165 [info] > git ls-files --stage -- /var/www/domu/app/Console/Kernel.php [3ms]
2023-12-09 15:49:45.176 [info] > git cat-file -s e6b9960ec1baeb69b6712a8019b8defa35276a20 [2ms]
2023-12-09 15:49:45.186 [info] > git show --textconv :app/Console/Kernel.php [2ms]
2023-12-09 15:49:45.311 [info] > git config --get commit.template [5ms]
2023-12-09 15:49:45.312 [info] > git for-each-ref --format=%(refname)%00%(upstream:short)%00%(objectname)%00%(upstream:track)%00%(upstream:remotename)%00%(upstream:remoteref) refs/heads/main refs/remotes/main [2ms]
2023-12-09 15:49:45.325 [info] > git status -z -uall [7ms]
2023-12-09 15:49:50.351 [info] > git config --get commit.template [10ms]
2023-12-09 15:49:50.353 [info] > git for-each-ref --format=%(refname)%00%(upstream:short)%00%(objectname)%00%(upstream:track)%00%(upstream:remotename)%00%(upstream:remoteref) refs/heads/main refs/remotes/main [3ms]
2023-12-09 15:49:50.371 [info] > git status -z -uall [8ms]
2023-12-09 15:49:55.397 [info] > git config --get commit.template [11ms]
2023-12-09 15:49:55.398 [info] > git for-each-ref --format=%(refname)%00%(upstream:short)%00%(objectname)%00%(upstream:track)%00%(upstream:remotename)%00%(upstream:remoteref) refs/heads/main refs/remotes/main [2ms]
2023-12-09 15:49:55.414 [info] > git status -z -uall [8ms]
2023-12-09 15:50:10.077 [info] > git config --get commit.template [10ms]
2023-12-09 15:50:10.079 [info] > git for-each-ref --format=%(refname)%00%(upstream:short)%00%(objectname)%00%(upstream:track)%00%(upstream:remotename)%00%(upstream:remoteref) refs/heads/main refs/remotes/main [3ms]
2023-12-09 15:50:10.094 [info] > git status -z -uall [7ms]
2023-12-09 15:50:16.262 [info] > git config --get commit.template [11ms]
2023-12-09 15:50:16.262 [info] > git for-each-ref --format=%(refname)%00%(upstream:short)%00%(objectname)%00%(upstream:track)%00%(upstream:remotename)%00%(upstream:remoteref) refs/heads/main refs/remotes/main [2ms]
2023-12-09 15:50:16.275 [info] > git status -z -uall [7ms]
2023-12-09 15:50:35.853 [info] > git config --get commit.template [10ms]
2023-12-09 15:50:35.854 [info] > git for-each-ref --format=%(refname)%00%(upstream:short)%00%(objectname)%00%(upstream:track)%00%(upstream:remotename)%00%(upstream:remoteref) refs/heads/main refs/remotes/main [3ms]
2023-12-09 15:50:35.872 [info] > git status -z -uall [10ms]
2023-12-09 18:12:40.160 [info] > git config --get commit.template [8ms]
2023-12-09 18:12:40.161 [info] > git for-each-ref --format=%(refname)%00%(upstream:short)%00%(objectname)%00%(upstream:track)%00%(upstream:remotename)%00%(upstream:remoteref) refs/heads/main refs/remotes/main [3ms]
2023-12-09 18:12:40.172 [info] > git status -z -uall [5ms]
2023-12-09 18:12:45.200 [info] > git config --get commit.template [12ms]
2023-12-09 18:12:45.200 [info] > git for-each-ref --format=%(refname)%00%(upstream:short)%00%(objectname)%00%(upstream:track)%00%(upstream:remotename)%00%(upstream:remoteref) refs/heads/main refs/remotes/main [2ms]
2023-12-09 18:12:45.214 [info] > git status -z -uall [8ms]
2023-12-09 18:12:50.240 [info] > git config --get commit.template [10ms]
2023-12-09 18:12:50.241 [info] > git for-each-ref --format=%(refname)%00%(upstream:short)%00%(objectname)%00%(upstream:track)%00%(upstream:remotename)%00%(upstream:remoteref) refs/heads/main refs/remotes/main [3ms]
2023-12-09 18:12:50.259 [info] > git status -z -uall [9ms]
2023-12-09 18:22:11.444 [info] > git config --get commit.template [12ms]
2023-12-09 18:22:11.445 [info] > git for-each-ref --format=%(refname)%00%(upstream:short)%00%(objectname)%00%(upstream:track)%00%(upstream:remotename)%00%(upstream:remoteref) refs/heads/main refs/remotes/main [4ms]
2023-12-09 18:22:11.460 [info] > git status -z -uall [6ms]
2023-12-09 18:22:16.473 [info] > git config --get commit.template [5ms]
2023-12-09 18:22:16.475 [info] > git for-each-ref --format=%(refname)%00%(upstream:short)%00%(objectname)%00%(upstream:track)%00%(upstream:remotename)%00%(upstream:remoteref) refs/heads/main refs/remotes/main [2ms]
2023-12-09 18:22:16.485 [info] > git status -z -uall [5ms]
2023-12-09 18:26:07.245 [info] > git config --get commit.template [10ms]
2023-12-09 18:26:07.246 [info] > git for-each-ref --format=%(refname)%00%(upstream:short)%00%(objectname)%00%(upstream:track)%00%(upstream:remotename)%00%(upstream:remoteref) refs/heads/main refs/remotes/main [2ms]
2023-12-09 18:26:07.260 [info] > git status -z -uall [8ms]
2023-12-09 18:26:37.178 [info] > git config --get commit.template [10ms]
2023-12-09 18:26:37.179 [info] > git for-each-ref --format=%(refname)%00%(upstream:short)%00%(objectname)%00%(upstream:track)%00%(upstream:remotename)%00%(upstream:remoteref) refs/heads/main refs/remotes/main [3ms]
2023-12-09 18:26:37.197 [info] > git status -z -uall [10ms]
2023-12-09 18:33:09.123 [info] > git config --get commit.template [8ms]
2023-12-09 18:33:09.125 [info] > git for-each-ref --format=%(refname)%00%(upstream:short)%00%(objectname)%00%(upstream:track)%00%(upstream:remotename)%00%(upstream:remoteref) refs/heads/main refs/remotes/main [3ms]
2023-12-09 18:33:09.141 [info] > git status -z -uall [6ms]
2023-12-09 18:33:14.168 [info] > git config --get commit.template [11ms]
2023-12-09 18:33:14.169 [info] > git for-each-ref --format=%(refname)%00%(upstream:short)%00%(objectname)%00%(upstream:track)%00%(upstream:remotename)%00%(upstream:remoteref) refs/heads/main refs/remotes/main [2ms]
2023-12-09 18:33:14.185 [info] > git status -z -uall [8ms]
2023-12-09 18:35:51.165 [info] > git config --get commit.template [12ms]
2023-12-09 18:35:51.167 [info] > git for-each-ref --format=%(refname)%00%(upstream:short)%00%(objectname)%00%(upstream:track)%00%(upstream:remotename)%00%(upstream:remoteref) refs/heads/main refs/remotes/main [3ms]
2023-12-09 18:35:51.183 [info] > git status -z -uall [7ms]
2023-12-09 18:36:01.517 [info] > git config --get commit.template [9ms]
2023-12-09 18:36:01.519 [info] > git for-each-ref --format=%(refname)%00%(upstream:short)%00%(objectname)%00%(upstream:track)%00%(upstream:remotename)%00%(upstream:remoteref) refs/heads/main refs/remotes/main [1ms]
2023-12-09 18:36:01.529 [info] > git status -z -uall [5ms]
2023-12-09 18:37:00.398 [info] > git config --get commit.template [11ms]
2023-12-09 18:37:00.399 [info] > git for-each-ref --format=%(refname)%00%(upstream:short)%00%(objectname)%00%(upstream:track)%00%(upstream:remotename)%00%(upstream:remoteref) refs/heads/main refs/remotes/main [2ms]
2023-12-09 18:37:00.416 [info] > git status -z -uall [9ms]
2023-12-09 18:37:40.830 [info] > git config --get commit.template [7ms]
2023-12-09 18:37:40.831 [info] > git for-each-ref --format=%(refname)%00%(upstream:short)%00%(objectname)%00%(upstream:track)%00%(upstream:remotename)%00%(upstream:remoteref) refs/heads/main refs/remotes/main [1ms]
2023-12-09 18:37:40.845 [info] > git status -z -uall [6ms]
2023-12-09 18:43:20.072 [info] > git config --get commit.template [8ms]
2023-12-09 18:43:20.073 [info] > git for-each-ref --format=%(refname)%00%(upstream:short)%00%(objectname)%00%(upstream:track)%00%(upstream:remotename)%00%(upstream:remoteref) refs/heads/main refs/remotes/main [2ms]
2023-12-09 18:43:20.088 [info] > git status -z -uall [8ms]
2023-12-09 18:43:25.112 [info] > git config --get commit.template [11ms]
2023-12-09 18:43:25.113 [info] > git for-each-ref --format=%(refname)%00%(upstream:short)%00%(objectname)%00%(upstream:track)%00%(upstream:remotename)%00%(upstream:remoteref) refs/heads/main refs/remotes/main [2ms]
2023-12-09 18:43:25.132 [info] > git status -z -uall [11ms]
2023-12-09 18:43:30.155 [info] > git config --get commit.template [10ms]
2023-12-09 18:43:30.156 [info] > git for-each-ref --format=%(refname)%00%(upstream:short)%00%(objectname)%00%(upstream:track)%00%(upstream:remotename)%00%(upstream:remoteref) refs/heads/main refs/remotes/main [3ms]
2023-12-09 18:43:30.171 [info] > git status -z -uall [8ms]
2023-12-09 18:43:37.687 [info] > git config --get commit.template [10ms]
2023-12-09 18:43:37.689 [info] > git for-each-ref --format=%(refname)%00%(upstream:short)%00%(objectname)%00%(upstream:track)%00%(upstream:remotename)%00%(upstream:remoteref) refs/heads/main refs/remotes/main [2ms]
2023-12-09 18:43:37.702 [info] > git status -z -uall [6ms]
2023-12-09 18:46:26.762 [info] > git ls-files --stage -- /var/www/domu/app/Console/Kernel.php [3ms]
2023-12-09 18:46:26.774 [info] > git cat-file -s e6b9960ec1baeb69b6712a8019b8defa35276a20 [2ms]
2023-12-09 18:46:26.787 [info] > git show --textconv :app/Console/Kernel.php [3ms]
2023-12-09 18:46:26.944 [info] No remotes found in the git config file.
2023-12-09 18:46:26.945 [info] > git config --get commit.template [6ms]
2023-12-09 18:46:26.945 [info] > git for-each-ref --format=%(refname)%00%(upstream:short)%00%(objectname)%00%(upstream:track)%00%(upstream:remotename)%00%(upstream:remoteref) refs/heads/main refs/remotes/main [1ms]
2023-12-09 18:46:26.954 [info] > git status -z -uall [5ms]
2023-12-09 18:46:38.419 [info] No remotes found in the git config file.
2023-12-09 18:46:38.420 [info] > git config --get commit.template [11ms]
2023-12-09 18:46:38.421 [info] > git for-each-ref --format=%(refname)%00%(upstream:short)%00%(objectname)%00%(upstream:track)%00%(upstream:remotename)%00%(upstream:remoteref) refs/heads/main refs/remotes/main [3ms]
2023-12-09 18:46:38.441 [info] > git status -z -uall [12ms]
2023-12-09 18:46:55.522 [info] No remotes found in the git config file.
2023-12-09 18:46:55.523 [info] > git config --get commit.template [10ms]
2023-12-09 18:46:55.524 [info] > git for-each-ref --format=%(refname)%00%(upstream:short)%00%(objectname)%00%(upstream:track)%00%(upstream:remotename)%00%(upstream:remoteref) refs/heads/main refs/remotes/main [3ms]
2023-12-09 18:46:55.542 [info] > git status -z -uall [11ms]
2023-12-09 18:47:15.874 [info] No remotes found in the git config file.
2023-12-09 18:47:15.885 [info] > git config --get commit.template [12ms]
2023-12-09 18:47:15.887 [info] > git for-each-ref --format=%(refname)%00%(upstream:short)%00%(objectname)%00%(upstream:track)%00%(upstream:remotename)%00%(upstream:remoteref) refs/heads/main refs/remotes/main [2ms]
2023-12-09 18:47:15.906 [info] > git status -z -uall [11ms]
2023-12-09 18:53:30.476 [info] > git config --get commit.template [2ms]
2023-12-09 18:53:30.485 [info] No remotes found in the git config file.
2023-12-09 18:53:30.489 [info] > git for-each-ref --format=%(refname)%00%(upstream:short)%00%(objectname)%00%(upstream:track)%00%(upstream:remotename)%00%(upstream:remoteref) refs/heads/main refs/remotes/main [4ms]
2023-12-09 18:53:30.508 [info] > git status -z -uall [8ms]
2023-12-09 18:54:04.522 [info] No remotes found in the git config file.
2023-12-09 18:54:04.523 [info] > git config --get commit.template [10ms]
2023-12-09 18:54:04.524 [info] > git for-each-ref --format=%(refname)%00%(upstream:short)%00%(objectname)%00%(upstream:track)%00%(upstream:remotename)%00%(upstream:remoteref) refs/heads/main refs/remotes/main [3ms]
2023-12-09 18:54:04.540 [info] > git status -z -uall [9ms]
2023-12-09 18:54:32.628 [info] No remotes found in the git config file.
2023-12-09 18:54:32.628 [info] > git config --get commit.template [4ms]
2023-12-09 18:54:32.629 [info] > git for-each-ref --format=%(refname)%00%(upstream:short)%00%(objectname)%00%(upstream:track)%00%(upstream:remotename)%00%(upstream:remoteref) refs/heads/main refs/remotes/main [1ms]
2023-12-09 18:54:32.642 [info] > git status -z -uall [5ms]
2023-12-09 18:55:03.618 [info] No remotes found in the git config file.
2023-12-09 18:55:03.627 [info] > git config --get commit.template [11ms]
2023-12-09 18:55:03.629 [info] > git for-each-ref --format=%(refname)%00%(upstream:short)%00%(objectname)%00%(upstream:track)%00%(upstream:remotename)%00%(upstream:remoteref) refs/heads/main refs/remotes/main [3ms]
2023-12-09 18:55:03.645 [info] > git status -z -uall [9ms]
2023-12-09 18:55:08.667 [info] No remotes found in the git config file.
2023-12-09 18:55:08.668 [info] > git config --get commit.template [10ms]
2023-12-09 18:55:08.669 [info] > git for-each-ref --format=%(refname)%00%(upstream:short)%00%(objectname)%00%(upstream:track)%00%(upstream:remotename)%00%(upstream:remoteref) refs/heads/main refs/remotes/main [2ms]
2023-12-09 18:55:08.688 [info] > git status -z -uall [9ms]
2023-12-09 19:28:36.270 [info] > git config --get commit.template [2ms]
2023-12-09 19:28:36.281 [info] No remotes found in the git config file.
2023-12-09 19:28:36.283 [info] > git for-each-ref --format=%(refname)%00%(upstream:short)%00%(objectname)%00%(upstream:track)%00%(upstream:remotename)%00%(upstream:remoteref) refs/heads/main refs/remotes/main [2ms]
2023-12-09 19:28:36.297 [info] > git status -z -uall [8ms]
2023-12-09 19:28:41.316 [info] > git config --get commit.template [2ms]
2023-12-09 19:28:41.325 [info] No remotes found in the git config file.
2023-12-09 19:28:41.327 [info] > git for-each-ref --format=%(refname)%00%(upstream:short)%00%(objectname)%00%(upstream:track)%00%(upstream:remotename)%00%(upstream:remoteref) refs/heads/main refs/remotes/main [3ms]
2023-12-09 19:28:41.345 [info] > git status -z -uall [10ms]
2023-12-09 19:32:16.214 [info] No remotes found in the git config file.
2023-12-09 19:32:16.215 [info] > git config --get commit.template [12ms]
2023-12-09 19:32:16.216 [info] > git for-each-ref --format=%(refname)%00%(upstream:short)%00%(objectname)%00%(upstream:track)%00%(upstream:remotename)%00%(upstream:remoteref) refs/heads/main refs/remotes/main [3ms]
2023-12-09 19:32:16.232 [info] > git status -z -uall [10ms]
2023-12-09 19:37:16.217 [info] No remotes found in the git config file.
2023-12-09 19:37:16.218 [info] > git config --get commit.template [8ms]
2023-12-09 19:37:16.220 [info] > git for-each-ref --format=%(refname)%00%(upstream:short)%00%(objectname)%00%(upstream:track)%00%(upstream:remotename)%00%(upstream:remoteref) refs/heads/main refs/remotes/main [3ms]
2023-12-09 19:37:16.237 [info] > git status -z -uall [10ms]
2023-12-09 19:37:21.256 [info] No remotes found in the git config file.
2023-12-09 19:37:21.266 [info] > git config --get commit.template [10ms]
2023-12-09 19:37:21.268 [info] > git for-each-ref --format=%(refname)%00%(upstream:short)%00%(objectname)%00%(upstream:track)%00%(upstream:remotename)%00%(upstream:remoteref) refs/heads/main refs/remotes/main [2ms]
2023-12-09 19:37:21.283 [info] > git status -z -uall [9ms]
2023-12-09 19:37:31.090 [info] No remotes found in the git config file.
2023-12-09 19:37:31.091 [info] > git config --get commit.template [11ms]
2023-12-09 19:37:31.092 [info] > git for-each-ref --format=%(refname)%00%(upstream:short)%00%(objectname)%00%(upstream:track)%00%(upstream:remotename)%00%(upstream:remoteref) refs/heads/main refs/remotes/main [3ms]
2023-12-09 19:37:31.107 [info] > git status -z -uall [8ms]
2023-12-09 19:42:06.240 [info] No remotes found in the git config file.
2023-12-09 19:42:06.240 [info] > git config --get commit.template [6ms]
2023-12-09 19:42:06.241 [info] > git for-each-ref --format=%(refname)%00%(upstream:short)%00%(objectname)%00%(upstream:track)%00%(upstream:remotename)%00%(upstream:remoteref) refs/heads/main refs/remotes/main [2ms]
2023-12-09 19:42:06.257 [info] > git status -z -uall [9ms]
2023-12-10 01:57:16.960 [info] No remotes found in the git config file.
2023-12-10 01:57:16.968 [info] > git config --get commit.template [10ms]
2023-12-10 01:57:16.969 [info] > git for-each-ref --format=%(refname)%00%(upstream:short)%00%(objectname)%00%(upstream:track)%00%(upstream:remotename)%00%(upstream:remoteref) refs/heads/main refs/remotes/main [2ms]
2023-12-10 01:57:16.993 [info] > git status -z -uall [20ms]
2023-12-10 10:44:31.380 [info] No remotes found in the git config file.
2023-12-10 10:44:31.387 [info] > git config --get commit.template [7ms]
2023-12-10 10:44:31.387 [info] > git for-each-ref --format=%(refname)%00%(upstream:short)%00%(objectname)%00%(upstream:track)%00%(upstream:remotename)%00%(upstream:remoteref) refs/heads/main refs/remotes/main [2ms]
2023-12-10 10:44:31.411 [info] > git status -z -uall [20ms]
2023-12-10 12:30:16.174 [info] No remotes found in the git config file.
2023-12-10 12:30:16.178 [info] > git for-each-ref --format=%(refname)%00%(upstream:short)%00%(objectname)%00%(upstream:track)%00%(upstream:remotename)%00%(upstream:remoteref) refs/heads/main refs/remotes/main [6ms]
2023-12-10 12:30:16.179 [info] > git config --get commit.template [18ms]
2023-12-10 12:30:16.195 [info] > git status -z -uall [7ms]
2023-12-10 12:30:21.218 [info] No remotes found in the git config file.
2023-12-10 12:30:21.218 [info] > git config --get commit.template [9ms]
2023-12-10 12:30:21.219 [info] > git for-each-ref --format=%(refname)%00%(upstream:short)%00%(objectname)%00%(upstream:track)%00%(upstream:remotename)%00%(upstream:remoteref) refs/heads/main refs/remotes/main [2ms]
2023-12-10 12:30:21.231 [info] > git status -z -uall [7ms]
2023-12-10 12:34:39.483 [info] No remotes found in the git config file.
2023-12-10 12:34:39.484 [info] > git config --get commit.template [13ms]
2023-12-10 12:34:39.485 [info] > git for-each-ref --format=%(refname)%00%(upstream:short)%00%(objectname)%00%(upstream:track)%00%(upstream:remotename)%00%(upstream:remoteref) refs/heads/main refs/remotes/main [2ms]
2023-12-10 12:34:39.502 [info] > git status -z -uall [9ms]
2023-12-10 12:34:53.682 [info] No remotes found in the git config file.
2023-12-10 12:34:53.683 [info] > git config --get commit.template [11ms]
2023-12-10 12:34:53.684 [info] > git for-each-ref --format=%(refname)%00%(upstream:short)%00%(objectname)%00%(upstream:track)%00%(upstream:remotename)%00%(upstream:remoteref) refs/heads/main refs/remotes/main [2ms]
2023-12-10 12:34:53.698 [info] > git status -z -uall [7ms]
2023-12-10 12:35:47.622 [info] No remotes found in the git config file.
2023-12-10 12:35:47.623 [info] > git config --get commit.template [9ms]
2023-12-10 12:35:47.623 [info] > git for-each-ref --format=%(refname)%00%(upstream:short)%00%(objectname)%00%(upstream:track)%00%(upstream:remotename)%00%(upstream:remoteref) refs/heads/main refs/remotes/main [1ms]
2023-12-10 12:35:47.635 [info] > git status -z -uall [6ms]
