2023-12-08 22:37:31.091 [info] Extension host with pid 705613 started
2023-12-08 22:37:31.091 [info] Skipping acquiring lock for /var/www/domu/User/workspaceStorage/6893434082cbab16d068b9d5d8cc171c.
2023-12-08 22:37:31.288 [info] ExtensionService#_doActivateExtension vscode.git-base, startup: true, activationEvent: '*'
2023-12-08 22:37:31.295 [info] ExtensionService#_doActivateExtension vscode.npm, startup: true, activationEvent: 'workspaceContains:package.json'
2023-12-08 22:37:31.360 [info] ExtensionService#_doActivateExtension vscode.github, startup: true, activationEvent: '*'
2023-12-08 22:37:31.445 [info] Eager extensions activated
2023-12-08 22:37:31.448 [info] ExtensionService#_doActivateExtension vscode.debug-auto-launch, startup: false, activationEvent: 'onStartupFinished'
2023-12-08 22:37:31.450 [info] ExtensionService#_doActivateExtension vscode.merge-conflict, startup: false, activationEvent: 'onStartupFinished'
2023-12-08 22:37:39.462 [info] ExtensionService#_doActivateExtension vscode.git, startup: false, activationEvent: 'api', root cause: vscode.github
2023-12-08 22:37:50.635 [info] ExtensionService#_doActivateExtension vscode.json-language-features, startup: false, activationEvent: 'onLanguage:jsonc'
2023-12-08 22:37:50.699 [info] ExtensionService#_doActivateExtension vscode.typescript-language-features, startup: false, activationEvent: 'onLanguage:jsonc'
2023-12-08 22:37:50.764 [info] ExtensionService#_doActivateExtension vscode.emmet, startup: false, activationEvent: 'onLanguage'
2023-12-08 22:37:50.805 [info] Extension host terminating: renderer closed the MessagePort
2023-12-08 22:37:50.817 [error] ProxyResolver#resolveProxy DIRECT Canceled: Canceled
	at Object.C [as $6] (/snap/code/147/usr/share/code/resources/app/out/vs/workbench/api/node/extensionHostProcess.js:10:1032)
	at /snap/code/147/usr/share/code/resources/app/out/vs/workbench/api/node/extensionHostProcess.js:150:7675
	at Array.forEach (<anonymous>)
	at l.dispose (/snap/code/147/usr/share/code/resources/app/out/vs/workbench/api/node/extensionHostProcess.js:150:7613)
	at f.terminate (/snap/code/147/usr/share/code/resources/app/out/vs/workbench/api/node/extensionHostProcess.js:154:8044)
	at s.terminate (/snap/code/147/usr/share/code/resources/app/out/vs/workbench/api/node/extensionHostProcess.js:158:1513)
	at a (/snap/code/147/usr/share/code/resources/app/out/vs/workbench/api/node/extensionHostProcess.js:171:9802)
	at MessagePortMain.<anonymous> (/snap/code/147/usr/share/code/resources/app/out/vs/workbench/api/node/extensionHostProcess.js:171:6227)
	at MessagePortMain.emit (node:events:513:28)
	at MessagePortMain._internalPort.emit (node:electron/js2c/utility_init:2:367) 
2023-12-08 22:37:50.824 [info] Extension host with pid 705613 exiting with code 0
