2023-12-09 15:36:46.514 [info] update#setState idle
2023-12-09 15:36:47.599 [error] [storage state.vscdb] exec(): Error: SQLITE_BUSY: database is locked
2023-12-09 15:36:47.599 [error] [storage state.vscdb] exec(): Error: SQLITE_BUSY: database is locked
2023-12-09 15:36:47.600 [error] [storage state.vscdb] open(): Unable to open DB due to Error: SQLITE_BUSY: database is locked
2023-12-09 15:36:47.601 [error] [storage state.vscdb] open(): Unable to open DB due to Error: SQLITE_BUSY: database is locked
2023-12-09 15:36:50.606 [error] [storage state.vscdb] exec(): Error: SQLITE_BUSY: database is locked
2023-12-09 15:36:50.606 [error] [storage state.vscdb] exec(): Error: SQLITE_BUSY: database is locked
2023-12-09 15:36:50.606 [error] [storage state.vscdb] open(): Unable to open DB due to Error: SQLITE_BUSY: database is locked
2023-12-09 15:36:50.606 [error] [storage state.vscdb] open(): Unable to open DB due to Error: SQLITE_BUSY: database is locked
2023-12-09 15:37:16.512 [info] update#setState checking for updates
2023-12-09 15:37:16.522 [info] update#setState idle
2023-12-09 16:37:16.515 [info] update#setState checking for updates
2023-12-09 16:37:16.517 [info] update#setState idle
2023-12-09 17:37:16.516 [info] update#setState checking for updates
2023-12-09 17:37:16.518 [info] update#setState idle
2023-12-09 18:37:16.517 [info] update#setState checking for updates
2023-12-09 18:37:16.519 [info] update#setState idle
2023-12-09 19:37:16.519 [info] update#setState checking for updates
2023-12-09 19:37:16.524 [info] update#setState idle
2023-12-09 20:37:16.527 [info] update#setState checking for updates
2023-12-09 20:37:16.527 [info] update#setState idle
2023-12-09 21:37:16.531 [info] update#setState checking for updates
2023-12-09 21:37:16.534 [info] update#setState idle
2023-12-09 22:37:16.535 [info] update#setState checking for updates
2023-12-09 22:37:16.537 [info] update#setState idle
2023-12-09 23:37:16.539 [info] update#setState checking for updates
2023-12-09 23:37:16.543 [info] update#setState idle
2023-12-10 00:37:16.541 [info] update#setState checking for updates
2023-12-10 00:37:16.543 [info] update#setState idle
2023-12-10 01:37:16.543 [info] update#setState checking for updates
2023-12-10 01:37:16.550 [info] update#setState idle
2023-12-10 02:37:16.547 [info] update#setState checking for updates
2023-12-10 02:37:16.558 [info] update#setState idle
2023-12-10 03:37:16.559 [info] update#setState checking for updates
2023-12-10 03:37:16.617 [info] update#setState idle
2023-12-10 04:37:16.586 [info] update#setState checking for updates
2023-12-10 04:37:16.588 [info] update#setState idle
2023-12-10 05:37:16.588 [info] update#setState checking for updates
2023-12-10 05:37:16.620 [info] update#setState idle
2023-12-10 06:37:16.619 [info] update#setState checking for updates
2023-12-10 06:37:16.622 [info] update#setState idle
2023-12-10 07:37:16.622 [info] update#setState checking for updates
2023-12-10 07:37:16.623 [info] update#setState idle
2023-12-10 08:37:16.623 [info] update#setState checking for updates
2023-12-10 08:37:16.626 [info] update#setState idle
2023-12-10 09:37:16.653 [info] update#setState checking for updates
2023-12-10 09:37:16.680 [info] update#setState idle
2023-12-10 10:37:16.677 [info] update#setState checking for updates
2023-12-10 10:37:16.679 [info] update#setState idle
2023-12-10 11:37:16.679 [info] update#setState checking for updates
2023-12-10 11:37:16.681 [info] update#setState idle
2023-12-10 12:37:16.683 [info] update#setState checking for updates
2023-12-10 12:37:16.687 [info] update#setState idle
2023-12-10 13:37:16.692 [info] update#setState checking for updates
2023-12-10 13:37:16.693 [info] update#setState idle
2023-12-10 14:37:16.695 [info] update#setState checking for updates
2023-12-10 14:37:16.701 [info] update#setState idle
2023-12-10 15:37:16.699 [info] update#setState checking for updates
2023-12-10 15:37:16.700 [info] update#setState idle
2023-12-10 16:37:16.705 [info] update#setState checking for updates
2023-12-10 16:37:16.707 [info] update#setState idle
2023-12-10 17:37:16.707 [info] update#setState checking for updates
2023-12-10 17:37:16.710 [info] update#setState idle
2023-12-10 18:37:16.711 [info] update#setState checking for updates
2023-12-10 18:37:16.713 [info] update#setState idle
2023-12-10 19:37:16.714 [info] update#setState checking for updates
2023-12-10 19:37:16.721 [info] update#setState idle
2023-12-10 20:37:16.725 [info] update#setState checking for updates
2023-12-10 20:37:16.759 [info] update#setState idle
2023-12-10 21:37:16.727 [info] update#setState checking for updates
2023-12-10 21:37:16.729 [info] update#setState idle
2023-12-10 22:37:16.730 [info] update#setState checking for updates
2023-12-10 22:37:16.733 [info] update#setState idle
2023-12-10 23:37:16.732 [info] update#setState checking for updates
2023-12-10 23:37:16.734 [info] update#setState idle
2023-12-11 00:37:16.733 [info] update#setState checking for updates
2023-12-11 00:37:16.741 [info] update#setState idle
2023-12-11 01:37:16.739 [info] update#setState checking for updates
2023-12-11 01:37:16.740 [info] update#setState idle
2023-12-11 02:37:16.740 [info] update#setState checking for updates
2023-12-11 02:37:16.743 [info] update#setState idle
2023-12-11 03:37:16.743 [info] update#setState checking for updates
2023-12-11 03:37:16.745 [info] update#setState idle
2023-12-11 04:37:16.744 [info] update#setState checking for updates
2023-12-11 04:37:16.745 [info] update#setState idle
2023-12-11 05:37:16.749 [info] update#setState checking for updates
2023-12-11 05:37:16.751 [info] update#setState idle
2023-12-11 06:37:16.754 [info] update#setState checking for updates
2023-12-11 06:37:16.757 [info] update#setState idle
2023-12-11 07:37:16.761 [info] update#setState checking for updates
2023-12-11 07:37:16.784 [info] update#setState idle
2023-12-11 08:37:16.767 [info] update#setState checking for updates
2023-12-11 08:37:16.768 [info] update#setState idle
2023-12-11 09:37:16.779 [info] update#setState checking for updates
2023-12-11 09:37:16.825 [info] update#setState idle
2023-12-11 10:37:16.807 [info] update#setState checking for updates
2023-12-11 10:37:16.850 [info] update#setState idle
2023-12-11 11:37:16.833 [info] update#setState checking for updates
2023-12-11 11:37:16.875 [info] update#setState idle
2023-12-11 12:37:16.902 [info] update#setState checking for updates
2023-12-11 12:37:16.936 [info] update#setState idle
2023-12-11 13:37:16.917 [info] update#setState checking for updates
2023-12-11 13:37:16.922 [info] update#setState idle
2023-12-11 14:37:16.927 [info] update#setState checking for updates
2023-12-11 14:37:16.958 [info] update#setState idle
2023-12-11 14:39:41.298 [warning] No ptyHost heartbeat after 6 seconds
