2023-12-09 11:56:22.363 [info] Extension host with pid 761054 started
2023-12-09 11:56:22.363 [info] Skipping acquiring lock for /var/www/domu/User/workspaceStorage/6893434082cbab16d068b9d5d8cc171c.
2023-12-09 11:56:22.486 [info] ExtensionService#_doActivateExtension vscode.emmet, startup: false, activationEvent: 'onLanguage'
2023-12-09 11:56:22.486 [info] ExtensionService#_doActivateExtension vscode.php-language-features, startup: false, activationEvent: 'onLanguage:php'
2023-12-09 11:56:22.900 [info] ExtensionService#_doActivateExtension vscode.git-base, startup: true, activationEvent: '*', root cause: vscode.git
2023-12-09 11:56:22.900 [info] ExtensionService#_doActivateExtension vscode.npm, startup: true, activationEvent: 'workspaceContains:package.json'
2023-12-09 11:56:22.970 [info] ExtensionService#_doActivateExtension vscode.git, startup: true, activationEvent: '*'
2023-12-09 11:56:22.970 [info] ExtensionService#_doActivateExtension vscode.github, startup: true, activationEvent: '*'
2023-12-09 11:56:23.178 [info] Eager extensions activated
2023-12-09 11:56:23.226 [info] ExtensionService#_doActivateExtension vscode.debug-auto-launch, startup: false, activationEvent: 'onStartupFinished'
2023-12-09 11:56:23.226 [info] ExtensionService#_doActivateExtension vscode.merge-conflict, startup: false, activationEvent: 'onStartupFinished'
2023-12-09 15:29:39.471 [warning] [Decorations] CAPPING events from decorations provider vscode.git 440
2023-12-09 15:29:39.500 [info] ExtensionService#_doActivateExtension vscode.github-authentication, startup: false, activationEvent: 'onAuthenticationRequest:github'
2023-12-09 15:29:39.507 [warning] [Decorations] CAPPING events from decorations provider vscode.git 440
2023-12-09 15:29:41.000 [warning] [Decorations] CAPPING events from decorations provider vscode.git 441
2023-12-09 15:29:46.036 [warning] [Decorations] CAPPING events from decorations provider vscode.git 441
2023-12-09 15:29:51.082 [warning] [Decorations] CAPPING events from decorations provider vscode.git 442
2023-12-09 15:29:56.129 [warning] [Decorations] CAPPING events from decorations provider vscode.git 442
2023-12-09 15:30:01.166 [warning] [Decorations] CAPPING events from decorations provider vscode.git 442
2023-12-09 15:30:06.218 [warning] [Decorations] CAPPING events from decorations provider vscode.git 442
2023-12-09 15:30:11.261 [warning] [Decorations] CAPPING events from decorations provider vscode.git 442
2023-12-09 15:30:16.303 [warning] [Decorations] CAPPING events from decorations provider vscode.git 442
2023-12-09 15:30:21.349 [warning] [Decorations] CAPPING events from decorations provider vscode.git 442
2023-12-09 15:30:26.393 [warning] [Decorations] CAPPING events from decorations provider vscode.git 442
2023-12-09 15:30:29.808 [warning] Using default string since no string found in i18n bundle that has the key: There are no staged changes to commit.

Would you like to stage all your changes and commit them directly?
2023-12-09 15:30:49.382 [warning] [Decorations] CAPPING events from decorations provider vscode.git 442
2023-12-09 15:30:54.423 [warning] [Decorations] CAPPING events from decorations provider vscode.git 442
2023-12-09 15:30:59.469 [warning] [Decorations] CAPPING events from decorations provider vscode.git 442
2023-12-09 15:31:04.519 [warning] [Decorations] CAPPING events from decorations provider vscode.git 442
2023-12-09 15:31:09.563 [warning] [Decorations] CAPPING events from decorations provider vscode.git 442
2023-12-09 15:31:14.605 [warning] [Decorations] CAPPING events from decorations provider vscode.git 442
2023-12-09 15:31:19.656 [warning] [Decorations] CAPPING events from decorations provider vscode.git 442
2023-12-09 15:31:24.696 [warning] [Decorations] CAPPING events from decorations provider vscode.git 442
2023-12-09 15:31:29.752 [warning] [Decorations] CAPPING events from decorations provider vscode.git 442
2023-12-09 15:31:34.798 [warning] [Decorations] CAPPING events from decorations provider vscode.git 442
2023-12-09 15:31:39.853 [warning] [Decorations] CAPPING events from decorations provider vscode.git 442
2023-12-09 15:31:44.905 [warning] [Decorations] CAPPING events from decorations provider vscode.git 442
2023-12-09 15:31:49.961 [warning] [Decorations] CAPPING events from decorations provider vscode.git 442
2023-12-09 15:31:54.999 [warning] [Decorations] CAPPING events from decorations provider vscode.git 442
2023-12-09 15:32:00.038 [warning] [Decorations] CAPPING events from decorations provider vscode.git 442
2023-12-09 15:32:05.085 [warning] [Decorations] CAPPING events from decorations provider vscode.git 442
2023-12-09 15:36:29.048 [info] Extension host terminating: renderer closed the MessagePort
2023-12-09 15:36:29.074 [error] Canceled: Canceled
	at new g (/snap/code/147/usr/share/code/resources/app/out/vs/workbench/api/node/extensionHostProcess.js:141:110274)
	at l.U (/snap/code/147/usr/share/code/resources/app/out/vs/workbench/api/node/extensionHostProcess.js:150:10866)
	at P.<computed>.j.charCodeAt.P.<computed> (/snap/code/147/usr/share/code/resources/app/out/vs/workbench/api/node/extensionHostProcess.js:150:8317)
	at d.g (/snap/code/147/usr/share/code/resources/app/out/vs/workbench/api/node/extensionHostProcess.js:141:139555)
	at d.executeCommand (/snap/code/147/usr/share/code/resources/app/out/vs/workbench/api/node/extensionHostProcess.js:141:138993)
	at p.registerCommand.description (/snap/code/147/usr/share/code/resources/app/out/vs/workbench/api/node/extensionHostProcess.js:141:138317)
	at d.h (/snap/code/147/usr/share/code/resources/app/out/vs/workbench/api/node/extensionHostProcess.js:141:140094)
	at d.g (/snap/code/147/usr/share/code/resources/app/out/vs/workbench/api/node/extensionHostProcess.js:141:139086)
	at d.executeCommand (/snap/code/147/usr/share/code/resources/app/out/vs/workbench/api/node/extensionHostProcess.js:141:138993)
	at Object.executeCommand (/snap/code/147/usr/share/code/resources/app/out/vs/workbench/api/node/extensionHostProcess.js:158:21333)
	at f.I [as value] (/snap/code/147/usr/share/code/resources/app/extensions/git/dist/main.js:2:924696)
	at n.y (/snap/code/147/usr/share/code/resources/app/out/vs/workbench/api/node/extensionHostProcess.js:80:1902)
	at n.z (/snap/code/147/usr/share/code/resources/app/out/vs/workbench/api/node/extensionHostProcess.js:80:1972)
	at n.fire (/snap/code/147/usr/share/code/resources/app/out/vs/workbench/api/node/extensionHostProcess.js:80:2188)
	at Object.m [as dispose] (/snap/code/147/usr/share/code/resources/app/extensions/git/dist/main.js:2:940613)
	at /snap/code/147/usr/share/code/resources/app/extensions/git/dist/main.js:2:945566
	at Array.forEach (<anonymous>)
	at p.dispose (/snap/code/147/usr/share/code/resources/app/extensions/git/dist/main.js:2:945552)
	at u.<anonymous> (/snap/code/147/usr/share/code/resources/app/out/vs/workbench/api/node/extensionHostProcess.js:137:3620)
	at u.dispose (/snap/code/147/usr/share/code/resources/app/out/vs/workbench/api/node/extensionHostProcess.js:137:3717)
	at u.<anonymous> (/snap/code/147/usr/share/code/resources/app/extensions/git/dist/main.js:2:926708)
	at u.dispose (/snap/code/147/usr/share/code/resources/app/out/vs/workbench/api/node/extensionHostProcess.js:137:3717)
	at s (/snap/code/147/usr/share/code/resources/app/out/vs/workbench/api/node/extensionHostProcess.js:30:754)
	at f.cb (/snap/code/147/usr/share/code/resources/app/out/vs/workbench/api/node/extensionHostProcess.js:154:9873)
	at /snap/code/147/usr/share/code/resources/app/out/vs/workbench/api/node/extensionHostProcess.js:154:7808
	at Array.map (<anonymous>)
	at f.Y (/snap/code/147/usr/share/code/resources/app/out/vs/workbench/api/node/extensionHostProcess.js:154:7795)
	at f.terminate (/snap/code/147/usr/share/code/resources/app/out/vs/workbench/api/node/extensionHostProcess.js:154:8068)
	at s.terminate (/snap/code/147/usr/share/code/resources/app/out/vs/workbench/api/node/extensionHostProcess.js:158:1513)
	at a (/snap/code/147/usr/share/code/resources/app/out/vs/workbench/api/node/extensionHostProcess.js:171:9802)
	at MessagePortMain.<anonymous> (/snap/code/147/usr/share/code/resources/app/out/vs/workbench/api/node/extensionHostProcess.js:171:6227)
	at MessagePortMain.emit (node:events:513:28)
	at MessagePortMain._internalPort.emit (node:electron/js2c/utility_init:2:367) setContext undefined
2023-12-09 15:36:29.074 [error] Canceled: Canceled
	at new g (/snap/code/147/usr/share/code/resources/app/out/vs/workbench/api/node/extensionHostProcess.js:141:110274)
	at l.U (/snap/code/147/usr/share/code/resources/app/out/vs/workbench/api/node/extensionHostProcess.js:150:10866)
	at P.<computed>.j.charCodeAt.P.<computed> (/snap/code/147/usr/share/code/resources/app/out/vs/workbench/api/node/extensionHostProcess.js:150:8317)
	at d.g (/snap/code/147/usr/share/code/resources/app/out/vs/workbench/api/node/extensionHostProcess.js:141:139555)
	at d.executeCommand (/snap/code/147/usr/share/code/resources/app/out/vs/workbench/api/node/extensionHostProcess.js:141:138993)
	at p.registerCommand.description (/snap/code/147/usr/share/code/resources/app/out/vs/workbench/api/node/extensionHostProcess.js:141:138317)
	at d.h (/snap/code/147/usr/share/code/resources/app/out/vs/workbench/api/node/extensionHostProcess.js:141:140094)
	at d.g (/snap/code/147/usr/share/code/resources/app/out/vs/workbench/api/node/extensionHostProcess.js:141:139086)
	at d.executeCommand (/snap/code/147/usr/share/code/resources/app/out/vs/workbench/api/node/extensionHostProcess.js:141:138993)
	at Object.executeCommand (/snap/code/147/usr/share/code/resources/app/out/vs/workbench/api/node/extensionHostProcess.js:158:21333)
	at set b [as b] (/snap/code/147/usr/share/code/resources/app/extensions/github/dist/extension.js:2:322364)
	at /snap/code/147/usr/share/code/resources/app/extensions/github/dist/extension.js:2:323005
	at f.value (/snap/code/147/usr/share/code/resources/app/extensions/git/dist/main.js:2:1016450)
	at n.y (/snap/code/147/usr/share/code/resources/app/out/vs/workbench/api/node/extensionHostProcess.js:80:1902)
	at n.z (/snap/code/147/usr/share/code/resources/app/out/vs/workbench/api/node/extensionHostProcess.js:80:1972)
	at n.fire (/snap/code/147/usr/share/code/resources/app/out/vs/workbench/api/node/extensionHostProcess.js:80:2188)
	at Object.m [as dispose] (/snap/code/147/usr/share/code/resources/app/extensions/git/dist/main.js:2:940613)
	at /snap/code/147/usr/share/code/resources/app/extensions/git/dist/main.js:2:945566
	at Array.forEach (<anonymous>)
	at p.dispose (/snap/code/147/usr/share/code/resources/app/extensions/git/dist/main.js:2:945552)
	at u.<anonymous> (/snap/code/147/usr/share/code/resources/app/out/vs/workbench/api/node/extensionHostProcess.js:137:3620)
	at u.dispose (/snap/code/147/usr/share/code/resources/app/out/vs/workbench/api/node/extensionHostProcess.js:137:3717)
	at u.<anonymous> (/snap/code/147/usr/share/code/resources/app/extensions/git/dist/main.js:2:926708)
	at u.dispose (/snap/code/147/usr/share/code/resources/app/out/vs/workbench/api/node/extensionHostProcess.js:137:3717)
	at s (/snap/code/147/usr/share/code/resources/app/out/vs/workbench/api/node/extensionHostProcess.js:30:754)
	at f.cb (/snap/code/147/usr/share/code/resources/app/out/vs/workbench/api/node/extensionHostProcess.js:154:9873)
	at /snap/code/147/usr/share/code/resources/app/out/vs/workbench/api/node/extensionHostProcess.js:154:7808
	at Array.map (<anonymous>)
	at f.Y (/snap/code/147/usr/share/code/resources/app/out/vs/workbench/api/node/extensionHostProcess.js:154:7795)
	at f.terminate (/snap/code/147/usr/share/code/resources/app/out/vs/workbench/api/node/extensionHostProcess.js:154:8068)
	at s.terminate (/snap/code/147/usr/share/code/resources/app/out/vs/workbench/api/node/extensionHostProcess.js:158:1513)
	at a (/snap/code/147/usr/share/code/resources/app/out/vs/workbench/api/node/extensionHostProcess.js:171:9802)
	at MessagePortMain.<anonymous> (/snap/code/147/usr/share/code/resources/app/out/vs/workbench/api/node/extensionHostProcess.js:171:6227)
	at MessagePortMain.emit (node:events:513:28)
	at MessagePortMain._internalPort.emit (node:electron/js2c/utility_init:2:367) setContext undefined
2023-12-09 15:36:29.075 [info] Extension host with pid 761054 exiting with code 0
