2023-12-08 22:37:30.764 [info] Started initializing default profile extensions in extensions installation folder. file:///root/.vscode/extensions
2023-12-08 22:37:30.964 [info] Completed initializing default profile extensions in extensions installation folder. file:///root/.vscode/extensions
2023-12-08 22:37:31.064 [error] [uncaught exception in sharedProcess]: Error: ENOENT: no such file or directory, stat '/root/.vscode/extensions/extensions.json.vsctmp': EntryNotFound (FileSystemError): Error: ENOENT: no such file or directory, stat '/root/.vscode/extensions/extensions.json.vsctmp'
    at r.create (/snap/code/147/usr/share/code/resources/app/out/vs/code/node/sharedProcess/sharedProcessMain.js:51:30056)
    at a (/snap/code/147/usr/share/code/resources/app/out/vs/code/node/sharedProcess/sharedProcessMain.js:51:30170)
    at s.fb (/snap/code/147/usr/share/code/resources/app/out/vs/code/node/sharedProcess/sharedProcessMain.js:56:36175)
    at s.stat (/snap/code/147/usr/share/code/resources/app/out/vs/code/node/sharedProcess/sharedProcessMain.js:56:28621)
    at async E.stat (/snap/code/147/usr/share/code/resources/app/out/vs/code/node/sharedProcess/sharedProcessMain.js:56:15732)
    at async Y.tb (/snap/code/147/usr/share/code/resources/app/out/vs/code/node/sharedProcess/sharedProcessMain.js:100:111319)
2023-12-08 22:37:46.984 [info] Getting Manifest... ms-ceintl.vscode-language-pack-pt-br
2023-12-08 22:37:46.991 [info] Installing extension: ms-ceintl.vscode-language-pack-pt-br
2023-12-08 22:37:50.483 [info] Extension signature is verified: ms-ceintl.vscode-language-pack-pt-br
2023-12-08 22:37:50.535 [info] Extracted extension to file:///root/.vscode/extensions/ms-ceintl.vscode-language-pack-pt-br-1.85.2023120618: ms-ceintl.vscode-language-pack-pt-br
2023-12-08 22:37:50.538 [info] Renamed to /root/.vscode/extensions/ms-ceintl.vscode-language-pack-pt-br-1.85.2023120618
2023-12-08 22:37:50.539 [info] Extracting extension completed. ms-ceintl.vscode-language-pack-pt-br
2023-12-08 22:37:50.544 [info] Adding language packs from the extension ms-ceintl.vscode-language-pack-pt-br
2023-12-08 22:37:50.577 [info] Extension installed successfully: ms-ceintl.vscode-language-pack-pt-br
2023-12-08 22:37:50.620 [error] [uncaught exception in sharedProcess]: Error: ENOENT: no such file or directory, stat '/root/.vscode/extensions/extensions.json.vsctmp': EntryNotFound (FileSystemError): Error: ENOENT: no such file or directory, stat '/root/.vscode/extensions/extensions.json.vsctmp'
    at r.create (/snap/code/147/usr/share/code/resources/app/out/vs/code/node/sharedProcess/sharedProcessMain.js:51:30056)
    at a (/snap/code/147/usr/share/code/resources/app/out/vs/code/node/sharedProcess/sharedProcessMain.js:51:30170)
    at s.fb (/snap/code/147/usr/share/code/resources/app/out/vs/code/node/sharedProcess/sharedProcessMain.js:56:36175)
    at s.stat (/snap/code/147/usr/share/code/resources/app/out/vs/code/node/sharedProcess/sharedProcessMain.js:56:28621)
    at async E.stat (/snap/code/147/usr/share/code/resources/app/out/vs/code/node/sharedProcess/sharedProcessMain.js:56:15732)
    at async Y.tb (/snap/code/147/usr/share/code/resources/app/out/vs/code/node/sharedProcess/sharedProcessMain.js:100:111319)
