2023-12-13 19:12:24.613 [info] Nível de log: Info
2023-12-13 19:12:24.613 [info] Validando o git encontrado em: git
2023-12-13 19:12:24.613 [info] Usando git ''2.34.1'' de ''git''
2023-12-13 19:12:24.613 [info] > git rev-parse --show-toplevel [11ms]
2023-12-13 19:12:24.626 [info] > git rev-parse --git-dir --git-common-dir [5ms]
2023-12-13 19:12:24.638 [info] Open repository: /var/www/domu
2023-12-13 19:12:24.651 [info] > git config --get commit.template [6ms]
2023-12-13 19:12:24.652 [info] > git rev-parse --show-toplevel [3ms]
2023-12-13 19:12:24.667 [info] > git for-each-ref --format=%(refname)%00%(upstream:short)%00%(objectname)%00%(upstream:track)%00%(upstream:remotename)%00%(upstream:remoteref) refs/heads/main refs/remotes/main [7ms]
2023-12-13 19:12:24.675 [info] > git rev-parse --show-toplevel [9ms]
2023-12-13 19:12:24.686 [info] > git rev-parse --show-toplevel [1ms]
2023-12-13 19:12:24.694 [info] > git rev-parse --show-toplevel [1ms]
2023-12-13 19:12:24.709 [info] > git status -z -uall [35ms]
2023-12-13 19:12:24.709 [info] > git rev-parse --show-toplevel [8ms]
2023-12-13 19:12:24.751 [info] > git config --get commit.template [21ms]
2023-12-13 19:12:24.751 [info] > git rev-parse --show-toplevel [26ms]
2023-12-13 19:12:24.810 [info] > git rev-parse --show-toplevel [17ms]
2023-12-13 19:12:24.816 [info] > git for-each-ref --format=%(refname)%00%(upstream:short)%00%(objectname)%00%(upstream:track)%00%(upstream:remotename)%00%(upstream:remoteref) refs/heads/main refs/remotes/main [7ms]
2023-12-13 19:12:24.823 [info] > git rev-parse --show-toplevel [8ms]
2023-12-13 19:12:24.830 [info] > git rev-parse --show-toplevel [1ms]
2023-12-13 19:12:24.892 [info] > git status -z -uall [71ms]
2023-12-13 19:12:24.892 [info] > git rev-parse --show-toplevel [58ms]
2023-12-13 19:12:24.911 [info] > git rev-parse --show-toplevel [8ms]
2023-12-13 19:12:24.930 [info] > git rev-parse --show-toplevel [7ms]
2023-12-13 19:12:24.939 [info] > git rev-parse --show-toplevel [1ms]
2023-12-13 19:12:24.950 [info] > git rev-parse --show-toplevel [6ms]
2023-12-13 19:12:24.958 [info] > git rev-parse --show-toplevel [1ms]
2023-12-13 19:12:24.964 [info] > git rev-parse --show-toplevel [1ms]
2023-12-13 19:12:24.970 [info] > git rev-parse --show-toplevel [1ms]
2023-12-13 19:12:24.978 [info] > git rev-parse --show-toplevel [1ms]
2023-12-13 19:12:24.984 [info] > git rev-parse --show-toplevel [1ms]
2023-12-13 19:12:24.990 [info] > git rev-parse --show-toplevel [1ms]
2023-12-13 19:12:25.001 [info] > git rev-parse --show-toplevel [7ms]
2023-12-13 19:12:25.007 [info] > git rev-parse --show-toplevel [1ms]
2023-12-13 19:12:25.013 [info] > git rev-parse --show-toplevel [0ms]
2023-12-13 19:12:25.018 [info] > git rev-parse --show-toplevel [1ms]
2023-12-13 19:12:25.023 [info] > git rev-parse --show-toplevel [0ms]
2023-12-13 19:12:25.029 [info] > git rev-parse --show-toplevel [1ms]
2023-12-13 19:12:25.035 [info] > git rev-parse --show-toplevel [1ms]
2023-12-13 19:12:25.042 [info] > git rev-parse --show-toplevel [1ms]
2023-12-13 19:12:25.047 [info] > git rev-parse --show-toplevel [1ms]
2023-12-13 19:12:25.053 [info] > git rev-parse --show-toplevel [1ms]
2023-12-13 19:12:25.185 [info] > git check-ignore -v -z --stdin [2ms]
2023-12-13 19:12:25.214 [info] > git show --textconv :app/Filament/Resources/UserResource.php [5ms]
2023-12-13 19:12:25.215 [info] > git ls-files --stage -- /var/www/domu/app/Filament/Resources/UserResource.php [1ms]
2023-12-13 19:12:25.220 [info] > git cat-file -s a17a124562f56e228dfde57e0da1582aa113ef60 [1ms]
2023-12-13 19:12:42.473 [info] > git config --get commit.template [12ms]
2023-12-13 19:12:42.474 [info] > git for-each-ref --format=%(refname)%00%(upstream:short)%00%(objectname)%00%(upstream:track)%00%(upstream:remotename)%00%(upstream:remoteref) refs/heads/main refs/remotes/main [3ms]
2023-12-13 19:12:42.503 [info] > git status -z -uall [21ms]
2023-12-13 19:12:47.524 [info] > git config --get commit.template [6ms]
2023-12-13 19:12:47.525 [info] > git for-each-ref --format=%(refname)%00%(upstream:short)%00%(objectname)%00%(upstream:track)%00%(upstream:remotename)%00%(upstream:remoteref) refs/heads/main refs/remotes/main [1ms]
2023-12-13 19:12:47.545 [info] > git status -z -uall [15ms]
2023-12-13 19:13:32.089 [info] > git for-each-ref --format=%(refname)%00%(upstream:short)%00%(objectname)%00%(upstream:track)%00%(upstream:remotename)%00%(upstream:remoteref) refs/heads/main refs/remotes/main [3ms]
2023-12-13 19:13:32.089 [info] > git config --get commit.template [10ms]
2023-12-13 19:13:32.118 [info] > git status -z -uall [20ms]
2023-12-13 19:13:37.143 [info] > git config --get commit.template [9ms]
2023-12-13 19:13:37.144 [info] > git for-each-ref --format=%(refname)%00%(upstream:short)%00%(objectname)%00%(upstream:track)%00%(upstream:remotename)%00%(upstream:remoteref) refs/heads/main refs/remotes/main [3ms]
2023-12-13 19:13:37.168 [info] > git status -z -uall [15ms]
2023-12-13 19:13:47.899 [info] > git ls-files --stage -- /var/www/domu/app/Filament/Resources/UserResource.php [3ms]
2023-12-13 19:13:47.910 [info] > git cat-file -s a17a124562f56e228dfde57e0da1582aa113ef60 [2ms]
2023-12-13 19:13:47.920 [info] > git show --textconv :app/Filament/Resources/UserResource.php [3ms]
2023-12-13 19:13:48.043 [info] > git config --get commit.template [12ms]
2023-12-13 19:13:48.044 [info] > git for-each-ref --format=%(refname)%00%(upstream:short)%00%(objectname)%00%(upstream:track)%00%(upstream:remotename)%00%(upstream:remoteref) refs/heads/main refs/remotes/main [3ms]
2023-12-13 19:13:48.126 [info] > git status -z -uall [73ms]
2023-12-13 19:13:53.778 [info] > git ls-files --stage -- /var/www/domu/app/Filament/Resources/UserResource.php [1ms]
2023-12-13 19:13:53.789 [info] > git cat-file -s a17a124562f56e228dfde57e0da1582aa113ef60 [2ms]
2023-12-13 19:13:53.801 [info] > git show --textconv :app/Filament/Resources/UserResource.php [2ms]
2023-12-13 19:13:54.078 [info] > git config --get commit.template [12ms]
2023-12-13 19:13:54.079 [info] > git for-each-ref --format=%(refname)%00%(upstream:short)%00%(objectname)%00%(upstream:track)%00%(upstream:remotename)%00%(upstream:remoteref) refs/heads/main refs/remotes/main [3ms]
2023-12-13 19:13:54.100 [info] > git status -z -uall [11ms]
2023-12-13 19:14:01.495 [info] > git config --get commit.template [11ms]
2023-12-13 19:14:01.496 [info] > git for-each-ref --format=%(refname)%00%(upstream:short)%00%(objectname)%00%(upstream:track)%00%(upstream:remotename)%00%(upstream:remoteref) refs/heads/main refs/remotes/main [2ms]
2023-12-13 19:14:01.516 [info] > git status -z -uall [12ms]
2023-12-13 19:14:13.222 [info] > git config --get commit.template [9ms]
2023-12-13 19:14:13.223 [info] > git for-each-ref --format=%(refname)%00%(upstream:short)%00%(objectname)%00%(upstream:track)%00%(upstream:remotename)%00%(upstream:remoteref) refs/heads/main refs/remotes/main [3ms]
2023-12-13 19:14:13.243 [info] > git status -z -uall [11ms]
2023-12-13 19:14:34.163 [info] > git config --get commit.template [10ms]
2023-12-13 19:14:34.171 [info] > git for-each-ref --format=%(refname)%00%(upstream:short)%00%(objectname)%00%(upstream:track)%00%(upstream:remotename)%00%(upstream:remoteref) refs/heads/main refs/remotes/main [1ms]
2023-12-13 19:14:34.183 [info] > git status -z -uall [6ms]
2023-12-13 19:14:39.208 [info] > git config --get commit.template [11ms]
2023-12-13 19:14:39.209 [info] > git for-each-ref --format=%(refname)%00%(upstream:short)%00%(objectname)%00%(upstream:track)%00%(upstream:remotename)%00%(upstream:remoteref) refs/heads/main refs/remotes/main [2ms]
2023-12-13 19:14:39.225 [info] > git status -z -uall [10ms]
2023-12-13 19:14:47.717 [info] > git config --get commit.template [5ms]
2023-12-13 19:14:47.717 [info] > git for-each-ref --format=%(refname)%00%(upstream:short)%00%(objectname)%00%(upstream:track)%00%(upstream:remotename)%00%(upstream:remoteref) refs/heads/main refs/remotes/main [1ms]
2023-12-13 19:14:47.727 [info] > git status -z -uall [6ms]
2023-12-13 19:14:54.649 [info] > git config --get commit.template [11ms]
2023-12-13 19:14:54.650 [info] > git for-each-ref --format=%(refname)%00%(upstream:short)%00%(objectname)%00%(upstream:track)%00%(upstream:remotename)%00%(upstream:remoteref) refs/heads/main refs/remotes/main [2ms]
2023-12-13 19:14:54.666 [info] > git status -z -uall [9ms]
2023-12-13 19:15:41.153 [info] > git config --get commit.template [11ms]
2023-12-13 19:15:41.155 [info] > git for-each-ref --format=%(refname)%00%(upstream:short)%00%(objectname)%00%(upstream:track)%00%(upstream:remotename)%00%(upstream:remoteref) refs/heads/main refs/remotes/main [3ms]
2023-12-13 19:15:41.173 [info] > git status -z -uall [11ms]
2023-12-13 19:16:11.623 [info] > git config --get commit.template [7ms]
2023-12-13 19:16:11.624 [info] > git for-each-ref --format=%(refname)%00%(upstream:short)%00%(objectname)%00%(upstream:track)%00%(upstream:remotename)%00%(upstream:remoteref) refs/heads/main refs/remotes/main [2ms]
2023-12-13 19:16:11.637 [info] > git status -z -uall [6ms]
2023-12-13 19:16:16.664 [info] > git config --get commit.template [12ms]
2023-12-13 19:16:16.665 [info] > git for-each-ref --format=%(refname)%00%(upstream:short)%00%(objectname)%00%(upstream:track)%00%(upstream:remotename)%00%(upstream:remoteref) refs/heads/main refs/remotes/main [2ms]
2023-12-13 19:16:16.690 [info] > git status -z -uall [18ms]
2023-12-13 19:16:32.856 [info] > git config --get commit.template [8ms]
2023-12-13 19:16:32.856 [info] > git for-each-ref --format=%(refname)%00%(upstream:short)%00%(objectname)%00%(upstream:track)%00%(upstream:remotename)%00%(upstream:remoteref) refs/heads/main refs/remotes/main [1ms]
2023-12-13 19:16:32.874 [info] > git status -z -uall [12ms]
2023-12-13 19:16:37.901 [info] > git config --get commit.template [12ms]
2023-12-13 19:16:37.902 [info] > git for-each-ref --format=%(refname)%00%(upstream:short)%00%(objectname)%00%(upstream:track)%00%(upstream:remotename)%00%(upstream:remoteref) refs/heads/main refs/remotes/main [2ms]
2023-12-13 19:16:37.923 [info] > git status -z -uall [15ms]
2023-12-13 19:16:42.941 [info] > git config --get commit.template [6ms]
2023-12-13 19:16:42.941 [info] > git for-each-ref --format=%(refname)%00%(upstream:short)%00%(objectname)%00%(upstream:track)%00%(upstream:remotename)%00%(upstream:remoteref) refs/heads/main refs/remotes/main [2ms]
2023-12-13 19:16:42.960 [info] > git status -z -uall [10ms]
2023-12-13 19:16:47.977 [info] > git config --get commit.template [7ms]
2023-12-13 19:16:47.977 [info] > git for-each-ref --format=%(refname)%00%(upstream:short)%00%(objectname)%00%(upstream:track)%00%(upstream:remotename)%00%(upstream:remoteref) refs/heads/main refs/remotes/main [1ms]
2023-12-13 19:16:47.992 [info] > git status -z -uall [9ms]
2023-12-13 19:16:53.006 [info] > git config --get commit.template [6ms]
2023-12-13 19:16:53.007 [info] > git for-each-ref --format=%(refname)%00%(upstream:short)%00%(objectname)%00%(upstream:track)%00%(upstream:remotename)%00%(upstream:remoteref) refs/heads/main refs/remotes/main [1ms]
2023-12-13 19:16:53.022 [info] > git status -z -uall [10ms]
2023-12-13 19:16:58.048 [info] > git config --get commit.template [11ms]
2023-12-13 19:16:58.049 [info] > git for-each-ref --format=%(refname)%00%(upstream:short)%00%(objectname)%00%(upstream:track)%00%(upstream:remotename)%00%(upstream:remoteref) refs/heads/main refs/remotes/main [3ms]
2023-12-13 19:16:58.071 [info] > git status -z -uall [15ms]
2023-12-13 19:17:04.798 [info] > git for-each-ref --format=%(refname)%00%(upstream:short)%00%(objectname)%00%(upstream:track)%00%(upstream:remotename)%00%(upstream:remoteref) refs/heads/main [1ms]
2023-12-13 19:17:04.805 [info] > git config --local branch.main.vscode-merge-base [1ms]
2023-12-13 19:17:04.812 [info] > git reflog refs/heads/main --grep-reflog=branch: Created from *. [2ms]
2023-12-13 19:17:04.819 [info] > git symbolic-ref --short refs/remotes/origin/HEAD [1ms]
2023-12-13 19:17:04.819 [info] fatal: ref refs/remotes/origin/HEAD is not a symbolic ref
2023-12-13 19:17:05.336 [info] > git check-ignore -v -z --stdin [2ms]
2023-12-13 19:17:06.088 [info] > git config --get commit.template [12ms]
2023-12-13 19:17:06.089 [info] > git for-each-ref --format=%(refname)%00%(upstream:short)%00%(objectname)%00%(upstream:track)%00%(upstream:remotename)%00%(upstream:remoteref) refs/heads/main refs/remotes/main [2ms]
2023-12-13 19:17:06.105 [info] > git status -z -uall [10ms]
2023-12-13 19:17:11.133 [info] > git config --get commit.template [11ms]
2023-12-13 19:17:11.134 [info] > git for-each-ref --format=%(refname)%00%(upstream:short)%00%(objectname)%00%(upstream:track)%00%(upstream:remotename)%00%(upstream:remoteref) refs/heads/main refs/remotes/main [2ms]
2023-12-13 19:17:11.150 [info] > git status -z -uall [10ms]
2023-12-13 19:17:13.378 [info] > git check-ignore -v -z --stdin [4ms]
2023-12-13 19:17:20.244 [info] > git config --get commit.template [9ms]
2023-12-13 19:17:20.245 [info] > git for-each-ref --format=%(refname)%00%(upstream:short)%00%(objectname)%00%(upstream:track)%00%(upstream:remotename)%00%(upstream:remoteref) refs/heads/main refs/remotes/main [2ms]
2023-12-13 19:17:20.262 [info] > git status -z -uall [11ms]
2023-12-13 19:17:27.799 [info] > git config --get commit.template [13ms]
2023-12-13 19:17:27.800 [info] > git for-each-ref --format=%(refname)%00%(upstream:short)%00%(objectname)%00%(upstream:track)%00%(upstream:remotename)%00%(upstream:remoteref) refs/heads/main refs/remotes/main [4ms]
2023-12-13 19:17:27.818 [info] > git status -z -uall [12ms]
2023-12-13 19:17:32.846 [info] > git config --get commit.template [12ms]
2023-12-13 19:17:32.847 [info] > git for-each-ref --format=%(refname)%00%(upstream:short)%00%(objectname)%00%(upstream:track)%00%(upstream:remotename)%00%(upstream:remoteref) refs/heads/main refs/remotes/main [3ms]
2023-12-13 19:17:32.873 [info] > git status -z -uall [17ms]
2023-12-13 19:17:37.902 [info] > git config --get commit.template [14ms]
2023-12-13 19:17:37.903 [info] > git for-each-ref --format=%(refname)%00%(upstream:short)%00%(objectname)%00%(upstream:track)%00%(upstream:remotename)%00%(upstream:remoteref) refs/heads/main refs/remotes/main [2ms]
2023-12-13 19:17:37.930 [info] > git status -z -uall [18ms]
2023-12-13 19:17:46.730 [info] > git config --get commit.template [9ms]
2023-12-13 19:17:46.731 [info] > git for-each-ref --format=%(refname)%00%(upstream:short)%00%(objectname)%00%(upstream:track)%00%(upstream:remotename)%00%(upstream:remoteref) refs/heads/main refs/remotes/main [3ms]
2023-12-13 19:17:46.751 [info] > git status -z -uall [12ms]
2023-12-13 19:18:36.077 [info] > git check-ignore -v -z --stdin [3ms]
2023-12-13 19:18:36.828 [info] > git check-ignore -v -z --stdin [3ms]
2023-12-13 19:19:31.293 [info] > git config --get commit.template [7ms]
2023-12-13 19:19:31.293 [info] > git for-each-ref --format=%(refname)%00%(upstream:short)%00%(objectname)%00%(upstream:track)%00%(upstream:remotename)%00%(upstream:remoteref) refs/heads/main refs/remotes/main [1ms]
2023-12-13 19:19:31.313 [info] > git status -z -uall [13ms]
2023-12-13 19:19:36.338 [info] > git config --get commit.template [9ms]
2023-12-13 19:19:36.339 [info] > git for-each-ref --format=%(refname)%00%(upstream:short)%00%(objectname)%00%(upstream:track)%00%(upstream:remotename)%00%(upstream:remoteref) refs/heads/main refs/remotes/main [2ms]
2023-12-13 19:19:36.361 [info] > git status -z -uall [16ms]
2023-12-13 19:19:45.553 [info] > git config --get commit.template [11ms]
2023-12-13 19:19:45.553 [info] > git for-each-ref --format=%(refname)%00%(upstream:short)%00%(objectname)%00%(upstream:track)%00%(upstream:remotename)%00%(upstream:remoteref) refs/heads/main refs/remotes/main [2ms]
2023-12-13 19:19:45.572 [info] > git status -z -uall [12ms]
2023-12-13 19:19:50.602 [info] > git config --get commit.template [12ms]
2023-12-13 19:19:50.603 [info] > git for-each-ref --format=%(refname)%00%(upstream:short)%00%(objectname)%00%(upstream:track)%00%(upstream:remotename)%00%(upstream:remoteref) refs/heads/main refs/remotes/main [3ms]
2023-12-13 19:19:50.624 [info] > git status -z -uall [13ms]
2023-12-13 19:19:55.650 [info] > git config --get commit.template [11ms]
2023-12-13 19:19:55.651 [info] > git for-each-ref --format=%(refname)%00%(upstream:short)%00%(objectname)%00%(upstream:track)%00%(upstream:remotename)%00%(upstream:remoteref) refs/heads/main refs/remotes/main [3ms]
2023-12-13 19:19:55.675 [info] > git status -z -uall [16ms]
2023-12-13 19:20:00.704 [info] > git config --get commit.template [11ms]
2023-12-13 19:20:00.706 [info] > git for-each-ref --format=%(refname)%00%(upstream:short)%00%(objectname)%00%(upstream:track)%00%(upstream:remotename)%00%(upstream:remoteref) refs/heads/main refs/remotes/main [3ms]
2023-12-13 19:20:00.724 [info] > git status -z -uall [10ms]
2023-12-13 19:20:10.549 [info] > git config --get commit.template [12ms]
2023-12-13 19:20:10.550 [info] > git for-each-ref --format=%(refname)%00%(upstream:short)%00%(objectname)%00%(upstream:track)%00%(upstream:remotename)%00%(upstream:remoteref) refs/heads/main refs/remotes/main [2ms]
2023-12-13 19:20:10.567 [info] > git status -z -uall [10ms]
2023-12-13 19:20:23.951 [info] > git config --get commit.template [11ms]
2023-12-13 19:20:23.952 [info] > git for-each-ref --format=%(refname)%00%(upstream:short)%00%(objectname)%00%(upstream:track)%00%(upstream:remotename)%00%(upstream:remoteref) refs/heads/main refs/remotes/main [2ms]
2023-12-13 19:20:23.969 [info] > git status -z -uall [10ms]
2023-12-13 19:20:36.248 [info] > git config --get commit.template [11ms]
2023-12-13 19:20:36.249 [info] > git for-each-ref --format=%(refname)%00%(upstream:short)%00%(objectname)%00%(upstream:track)%00%(upstream:remotename)%00%(upstream:remoteref) refs/heads/main refs/remotes/main [2ms]
2023-12-13 19:20:36.270 [info] > git status -z -uall [14ms]
2023-12-13 19:20:46.427 [info] > git config --get commit.template [8ms]
2023-12-13 19:20:46.428 [info] > git for-each-ref --format=%(refname)%00%(upstream:short)%00%(objectname)%00%(upstream:track)%00%(upstream:remotename)%00%(upstream:remoteref) refs/heads/main refs/remotes/main [1ms]
2023-12-13 19:20:46.447 [info] > git status -z -uall [12ms]
2023-12-13 19:20:51.464 [info] > git config --get commit.template [6ms]
2023-12-13 19:20:51.465 [info] > git for-each-ref --format=%(refname)%00%(upstream:short)%00%(objectname)%00%(upstream:track)%00%(upstream:remotename)%00%(upstream:remoteref) refs/heads/main refs/remotes/main [1ms]
2023-12-13 19:20:51.483 [info] > git status -z -uall [11ms]
2023-12-13 19:21:02.492 [info] > git config --get commit.template [11ms]
2023-12-13 19:21:02.493 [info] > git for-each-ref --format=%(refname)%00%(upstream:short)%00%(objectname)%00%(upstream:track)%00%(upstream:remotename)%00%(upstream:remoteref) refs/heads/main refs/remotes/main [3ms]
2023-12-13 19:21:02.513 [info] > git status -z -uall [12ms]
2023-12-13 19:21:08.925 [info] > git config --get commit.template [11ms]
2023-12-13 19:21:08.926 [info] > git for-each-ref --format=%(refname)%00%(upstream:short)%00%(objectname)%00%(upstream:track)%00%(upstream:remotename)%00%(upstream:remoteref) refs/heads/main refs/remotes/main [3ms]
2023-12-13 19:21:08.948 [info] > git status -z -uall [14ms]
2023-12-13 19:21:20.051 [info] > git config --get commit.template [8ms]
2023-12-13 19:21:20.052 [info] > git for-each-ref --format=%(refname)%00%(upstream:short)%00%(objectname)%00%(upstream:track)%00%(upstream:remotename)%00%(upstream:remoteref) refs/heads/main refs/remotes/main [1ms]
2023-12-13 19:21:20.067 [info] > git status -z -uall [10ms]
2023-12-13 19:21:25.086 [info] > git config --get commit.template [8ms]
2023-12-13 19:21:25.088 [info] > git for-each-ref --format=%(refname)%00%(upstream:short)%00%(objectname)%00%(upstream:track)%00%(upstream:remotename)%00%(upstream:remoteref) refs/heads/main refs/remotes/main [2ms]
2023-12-13 19:21:25.110 [info] > git status -z -uall [14ms]
2023-12-13 19:21:35.092 [info] > git config --get commit.template [11ms]
2023-12-13 19:21:35.093 [info] > git for-each-ref --format=%(refname)%00%(upstream:short)%00%(objectname)%00%(upstream:track)%00%(upstream:remotename)%00%(upstream:remoteref) refs/heads/main refs/remotes/main [2ms]
2023-12-13 19:21:35.113 [info] > git status -z -uall [13ms]
2023-12-13 19:21:47.053 [info] > git add -A -- . [1477ms]
2023-12-13 19:21:47.053 [info] warning: CRLF will be replaced by LF in User/globalStorage/ms-vscode-remote.remote-containers/cli-bin/devcontainer.cmd.
The file will have its original line endings in your working directory
2023-12-13 19:21:47.068 [info] > git -c user.useConfigOnly=true commit --quiet --allow-empty-message --file - [10ms]
2023-12-13 19:21:47.074 [info] > git config --get commit.template [0ms]
2023-12-13 19:21:47.086 [info] > git config --get commit.template [6ms]
2023-12-13 19:21:47.087 [info] > git for-each-ref --format=%(refname)%00%(upstream:short)%00%(objectname)%00%(upstream:track)%00%(upstream:remotename)%00%(upstream:remoteref) refs/heads/main refs/remotes/main [1ms]
2023-12-13 19:21:47.096 [info] > git status -z -uall [5ms]
2023-12-13 19:21:47.112 [info] > git config --get commit.template [6ms]
2023-12-13 19:21:47.119 [info] > git for-each-ref --format=%(refname)%00%(upstream:short)%00%(objectname)%00%(upstream:track)%00%(upstream:remotename)%00%(upstream:remoteref) refs/heads/main refs/remotes/main [6ms]
2023-12-13 19:21:47.133 [info] > git status -z -uall [9ms] (cancelled)
2023-12-13 19:21:47.133 [info] > git for-each-ref --format=%(refname)%00%(upstream:short)%00%(objectname)%00%(upstream:track)%00%(upstream:remotename)%00%(upstream:remoteref) refs/heads/main [15ms]
2023-12-13 19:21:47.140 [info] > git config --local branch.main.vscode-merge-base [1ms]
2023-12-13 19:21:47.145 [info] > git config --get commit.template [13ms]
2023-12-13 19:21:47.151 [info] > git reflog refs/heads/main --grep-reflog=branch: Created from *. [6ms]
2023-12-13 19:21:47.157 [info] > git for-each-ref --format=%(refname)%00%(upstream:short)%00%(objectname)%00%(upstream:track)%00%(upstream:remotename)%00%(upstream:remoteref) refs/heads/main refs/remotes/main [6ms]
2023-12-13 19:21:47.163 [info] > git symbolic-ref --short refs/remotes/origin/HEAD [7ms]
2023-12-13 19:21:47.163 [info] fatal: ref refs/remotes/origin/HEAD is not a symbolic ref
2023-12-13 19:21:47.168 [info] > git status -z -uall [6ms]
2023-12-13 19:21:52.155 [info] > git config --get commit.template [11ms]
2023-12-13 19:21:52.156 [info] > git for-each-ref --format=%(refname)%00%(upstream:short)%00%(objectname)%00%(upstream:track)%00%(upstream:remotename)%00%(upstream:remoteref) refs/heads/main refs/remotes/main [3ms]
2023-12-13 19:21:52.171 [info] > git status -z -uall [7ms]
2023-12-13 19:21:52.527 [info] > git show --textconv HEAD:logs/20231213T191221/window1/exthost/vscode.git/Git.log [9ms]
2023-12-13 19:21:52.530 [info] > git ls-tree -l HEAD -- /var/www/domu/logs/20231213T191221/window1/exthost/vscode.git/Git.log [3ms]
2023-12-13 19:21:53.042 [info] > git check-ignore -v -z --stdin [3ms]
2023-12-13 19:21:57.196 [info] > git config --get commit.template [9ms]
2023-12-13 19:21:57.196 [info] > git for-each-ref --format=%(refname)%00%(upstream:short)%00%(objectname)%00%(upstream:track)%00%(upstream:remotename)%00%(upstream:remoteref) refs/heads/main refs/remotes/main [1ms]
2023-12-13 19:21:57.217 [info] > git status -z -uall [15ms]
2023-12-13 19:22:02.243 [info] > git config --get commit.template [11ms]
2023-12-13 19:22:02.244 [info] > git for-each-ref --format=%(refname)%00%(upstream:short)%00%(objectname)%00%(upstream:track)%00%(upstream:remotename)%00%(upstream:remoteref) refs/heads/main refs/remotes/main [2ms]
2023-12-13 19:22:02.264 [info] > git status -z -uall [12ms]
2023-12-13 19:22:15.666 [info] > git config --get commit.template [12ms]
2023-12-13 19:22:15.668 [info] > git for-each-ref --format=%(refname)%00%(upstream:short)%00%(objectname)%00%(upstream:track)%00%(upstream:remotename)%00%(upstream:remoteref) refs/heads/main refs/remotes/main [3ms]
2023-12-13 19:22:15.692 [info] > git status -z -uall [16ms]
2023-12-13 19:22:24.438 [info] > git check-ignore -v -z --stdin [3ms]
2023-12-13 19:22:25.228 [info] > git config --get commit.template [10ms]
2023-12-13 19:22:25.229 [info] > git for-each-ref --format=%(refname)%00%(upstream:short)%00%(objectname)%00%(upstream:track)%00%(upstream:remotename)%00%(upstream:remoteref) refs/heads/main refs/remotes/main [3ms]
2023-12-13 19:22:25.252 [info] > git status -z -uall [13ms]
2023-12-13 19:22:30.544 [info] > git config --get commit.template [14ms]
2023-12-13 19:22:30.544 [info] > git for-each-ref --format=%(refname)%00%(upstream:short)%00%(objectname)%00%(upstream:track)%00%(upstream:remotename)%00%(upstream:remoteref) refs/heads/main refs/remotes/main [3ms]
2023-12-13 19:22:30.565 [info] > git status -z -uall [12ms]
2023-12-13 19:22:34.415 [info] > git check-ignore -v -z --stdin [3ms]
2023-12-13 19:22:35.591 [info] > git config --get commit.template [12ms]
2023-12-13 19:22:35.593 [info] > git for-each-ref --format=%(refname)%00%(upstream:short)%00%(objectname)%00%(upstream:track)%00%(upstream:remotename)%00%(upstream:remoteref) refs/heads/main refs/remotes/main [3ms]
2023-12-13 19:22:35.614 [info] > git status -z -uall [14ms]
2023-12-13 19:22:38.029 [info] > git check-ignore -v -z --stdin [1ms]
2023-12-13 19:22:40.638 [info] > git config --get commit.template [9ms]
2023-12-13 19:22:40.639 [info] > git for-each-ref --format=%(refname)%00%(upstream:short)%00%(objectname)%00%(upstream:track)%00%(upstream:remotename)%00%(upstream:remoteref) refs/heads/main refs/remotes/main [3ms]
2023-12-13 19:22:40.657 [info] > git status -z -uall [11ms]
2023-12-13 19:22:45.680 [info] > git config --get commit.template [9ms]
2023-12-13 19:22:45.681 [info] > git for-each-ref --format=%(refname)%00%(upstream:short)%00%(objectname)%00%(upstream:track)%00%(upstream:remotename)%00%(upstream:remoteref) refs/heads/main refs/remotes/main [2ms]
2023-12-13 19:22:45.705 [info] > git status -z -uall [17ms]
2023-12-13 19:22:58.346 [info] > git ls-tree -l HEAD -- /var/www/domu/logs/20231213T191221/window1/exthost/vscode.git/Git.log [6ms]
2023-12-13 19:22:58.347 [info] > git config --get commit.template [1ms]
2023-12-13 19:22:58.354 [info] > git for-each-ref --format=%(refname)%00%(upstream:short)%00%(objectname)%00%(upstream:track)%00%(upstream:remotename)%00%(upstream:remoteref) refs/heads/main refs/remotes/main [1ms]
2023-12-13 19:22:58.372 [info] > git status -z -uall [11ms]
2023-12-13 19:23:03.393 [info] > git config --get commit.template [9ms]
2023-12-13 19:23:03.393 [info] > git for-each-ref --format=%(refname)%00%(upstream:short)%00%(objectname)%00%(upstream:track)%00%(upstream:remotename)%00%(upstream:remoteref) refs/heads/main refs/remotes/main [1ms]
2023-12-13 19:23:03.410 [info] > git status -z -uall [10ms]
2023-12-13 19:23:08.433 [info] > git config --get commit.template [10ms]
2023-12-13 19:23:08.434 [info] > git for-each-ref --format=%(refname)%00%(upstream:short)%00%(objectname)%00%(upstream:track)%00%(upstream:remotename)%00%(upstream:remoteref) refs/heads/main refs/remotes/main [2ms]
2023-12-13 19:23:08.455 [info] > git status -z -uall [14ms]
2023-12-13 19:23:13.480 [info] > git config --get commit.template [11ms]
2023-12-13 19:23:13.481 [info] > git for-each-ref --format=%(refname)%00%(upstream:short)%00%(objectname)%00%(upstream:track)%00%(upstream:remotename)%00%(upstream:remoteref) refs/heads/main refs/remotes/main [2ms]
2023-12-13 19:23:13.510 [info] > git status -z -uall [21ms]
2023-12-13 19:23:18.536 [info] > git config --get commit.template [11ms]
2023-12-13 19:23:18.537 [info] > git for-each-ref --format=%(refname)%00%(upstream:short)%00%(objectname)%00%(upstream:track)%00%(upstream:remotename)%00%(upstream:remoteref) refs/heads/main refs/remotes/main [2ms]
2023-12-13 19:23:18.561 [info] > git status -z -uall [16ms]
2023-12-13 19:23:20.276 [info] > git config --local branch.main.github-pr-owner-number [4ms]
2023-12-13 19:23:20.287 [info] > git config --local branch.main.remote [2ms]
2023-12-13 19:23:29.860 [info] > git config --get commit.template [14ms]
2023-12-13 19:23:29.861 [info] > git for-each-ref --format=%(refname)%00%(upstream:short)%00%(objectname)%00%(upstream:track)%00%(upstream:remotename)%00%(upstream:remoteref) refs/heads/main refs/remotes/main [3ms]
2023-12-13 19:23:29.887 [info] > git status -z -uall [18ms]
2023-12-13 19:23:34.916 [info] > git config --get commit.template [12ms]
2023-12-13 19:23:34.916 [info] > git for-each-ref --format=%(refname)%00%(upstream:short)%00%(objectname)%00%(upstream:track)%00%(upstream:remotename)%00%(upstream:remoteref) refs/heads/main refs/remotes/main [1ms]
2023-12-13 19:23:34.933 [info] > git status -z -uall [11ms]
2023-12-13 19:23:42.049 [info] > git config --get commit.template [9ms]
2023-12-13 19:23:42.051 [info] > git for-each-ref --format=%(refname)%00%(upstream:short)%00%(objectname)%00%(upstream:track)%00%(upstream:remotename)%00%(upstream:remoteref) refs/heads/main refs/remotes/main [3ms]
2023-12-13 19:23:42.069 [info] > git status -z -uall [11ms]
2023-12-13 19:23:47.099 [info] > git config --get commit.template [14ms]
2023-12-13 19:23:47.100 [info] > git for-each-ref --format=%(refname)%00%(upstream:short)%00%(objectname)%00%(upstream:track)%00%(upstream:remotename)%00%(upstream:remoteref) refs/heads/main refs/remotes/main [2ms]
2023-12-13 19:23:47.121 [info] > git status -z -uall [12ms]
2023-12-13 19:23:52.153 [info] > git config --get commit.template [15ms]
2023-12-13 19:23:52.154 [info] > git for-each-ref --format=%(refname)%00%(upstream:short)%00%(objectname)%00%(upstream:track)%00%(upstream:remotename)%00%(upstream:remoteref) refs/heads/main refs/remotes/main [3ms]
2023-12-13 19:23:52.179 [info] > git status -z -uall [16ms]
2023-12-13 19:23:57.213 [info] > git config --get commit.template [14ms]
2023-12-13 19:23:57.214 [info] > git for-each-ref --format=%(refname)%00%(upstream:short)%00%(objectname)%00%(upstream:track)%00%(upstream:remotename)%00%(upstream:remoteref) refs/heads/main refs/remotes/main [2ms]
2023-12-13 19:23:57.237 [info] > git status -z -uall [12ms]
2023-12-13 19:24:02.253 [info] > git config --get commit.template [7ms]
2023-12-13 19:24:02.254 [info] > git for-each-ref --format=%(refname)%00%(upstream:short)%00%(objectname)%00%(upstream:track)%00%(upstream:remotename)%00%(upstream:remoteref) refs/heads/main refs/remotes/main [1ms]
2023-12-13 19:24:02.271 [info] > git status -z -uall [11ms]
2023-12-13 19:24:07.302 [info] > git config --get commit.template [13ms]
2023-12-13 19:24:07.304 [info] > git for-each-ref --format=%(refname)%00%(upstream:short)%00%(objectname)%00%(upstream:track)%00%(upstream:remotename)%00%(upstream:remoteref) refs/heads/main refs/remotes/main [3ms]
2023-12-13 19:24:07.324 [info] > git status -z -uall [12ms]
2023-12-13 19:24:12.356 [info] > git config --get commit.template [13ms]
2023-12-13 19:24:12.357 [info] > git for-each-ref --format=%(refname)%00%(upstream:short)%00%(objectname)%00%(upstream:track)%00%(upstream:remotename)%00%(upstream:remoteref) refs/heads/main refs/remotes/main [2ms]
2023-12-13 19:24:12.380 [info] > git status -z -uall [15ms]
2023-12-13 19:24:17.403 [info] > git config --get commit.template [4ms]
2023-12-13 19:24:17.418 [info] > git for-each-ref --format=%(refname)%00%(upstream:short)%00%(objectname)%00%(upstream:track)%00%(upstream:remotename)%00%(upstream:remoteref) refs/heads/main refs/remotes/main [3ms]
2023-12-13 19:24:17.442 [info] > git status -z -uall [13ms]
2023-12-13 19:24:24.843 [info] > git config --get commit.template [12ms]
2023-12-13 19:24:24.844 [info] > git for-each-ref --format=%(refname)%00%(upstream:short)%00%(objectname)%00%(upstream:track)%00%(upstream:remotename)%00%(upstream:remoteref) refs/heads/main refs/remotes/main [2ms]
2023-12-13 19:24:24.862 [info] > git status -z -uall [10ms]
2023-12-13 19:24:29.883 [info] > git config --get commit.template [3ms]
2023-12-13 19:24:29.895 [info] > git for-each-ref --format=%(refname)%00%(upstream:short)%00%(objectname)%00%(upstream:track)%00%(upstream:remotename)%00%(upstream:remoteref) refs/heads/main refs/remotes/main [2ms]
2023-12-13 19:24:29.915 [info] > git status -z -uall [12ms]
2023-12-13 19:24:31.313 [info] > git check-ignore -v -z --stdin [4ms]
2023-12-13 19:24:34.933 [info] > git config --get commit.template [2ms]
2023-12-13 19:24:34.942 [info] > git for-each-ref --format=%(refname)%00%(upstream:short)%00%(objectname)%00%(upstream:track)%00%(upstream:remotename)%00%(upstream:remoteref) refs/heads/main refs/remotes/main [1ms]
2023-12-13 19:24:34.960 [info] > git status -z -uall [10ms]
2023-12-13 19:24:39.992 [info] > git config --get commit.template [15ms]
2023-12-13 19:24:39.993 [info] > git for-each-ref --format=%(refname)%00%(upstream:short)%00%(objectname)%00%(upstream:track)%00%(upstream:remotename)%00%(upstream:remoteref) refs/heads/main refs/remotes/main [2ms]
2023-12-13 19:24:40.012 [info] > git status -z -uall [11ms]
2023-12-13 19:24:40.964 [info] > git show --textconv :app/Filament/Resources/UserResource.php [10ms]
2023-12-13 19:24:40.966 [info] > git ls-files --stage -- /var/www/domu/app/Filament/Resources/UserResource.php [1ms]
2023-12-13 19:24:40.980 [info] > git cat-file -s a17a124562f56e228dfde57e0da1582aa113ef60 [7ms]
2023-12-13 19:24:45.046 [info] > git config --get commit.template [15ms]
2023-12-13 19:24:45.047 [info] > git for-each-ref --format=%(refname)%00%(upstream:short)%00%(objectname)%00%(upstream:track)%00%(upstream:remotename)%00%(upstream:remoteref) refs/heads/main refs/remotes/main [3ms]
2023-12-13 19:24:45.069 [info] > git status -z -uall [12ms]
2023-12-13 19:24:51.576 [info] > git config --get commit.template [12ms]
2023-12-13 19:24:51.577 [info] > git for-each-ref --format=%(refname)%00%(upstream:short)%00%(objectname)%00%(upstream:track)%00%(upstream:remotename)%00%(upstream:remoteref) refs/heads/main refs/remotes/main [2ms]
2023-12-13 19:24:51.599 [info] > git status -z -uall [13ms]
2023-12-13 19:25:32.654 [info] > git config --get commit.template [8ms]
2023-12-13 19:25:32.655 [info] > git for-each-ref --format=%(refname)%00%(upstream:short)%00%(objectname)%00%(upstream:track)%00%(upstream:remotename)%00%(upstream:remoteref) refs/heads/main refs/remotes/main [2ms]
2023-12-13 19:25:32.675 [info] > git status -z -uall [14ms]
2023-12-13 19:27:46.814 [info] > git config --get commit.template [10ms]
2023-12-13 19:27:46.816 [info] > git for-each-ref --format=%(refname)%00%(upstream:short)%00%(objectname)%00%(upstream:track)%00%(upstream:remotename)%00%(upstream:remoteref) refs/heads/main refs/remotes/main [3ms]
2023-12-13 19:27:46.837 [info] > git status -z -uall [12ms]
2023-12-13 19:28:09.954 [info] > git config --get commit.template [8ms]
2023-12-13 19:28:09.954 [info] > git for-each-ref --format=%(refname)%00%(upstream:short)%00%(objectname)%00%(upstream:track)%00%(upstream:remotename)%00%(upstream:remoteref) refs/heads/main refs/remotes/main [2ms]
2023-12-13 19:28:09.975 [info] > git status -z -uall [14ms]
2023-12-13 19:28:20.269 [info] > git config --local branch.main.github-pr-owner-number [2ms]
2023-12-13 19:33:20.283 [info] > git config --local branch.main.github-pr-owner-number [2ms]
2023-12-13 19:38:20.304 [info] > git config --local branch.main.github-pr-owner-number [2ms]
2023-12-13 19:43:20.324 [info] > git config --local branch.main.github-pr-owner-number [2ms]
2023-12-13 19:48:20.345 [info] > git config --local branch.main.github-pr-owner-number [2ms]
2023-12-13 19:53:20.357 [info] > git config --local branch.main.github-pr-owner-number [2ms]
2023-12-13 19:58:20.378 [info] > git config --local branch.main.github-pr-owner-number [3ms]
2023-12-13 20:03:20.398 [info] > git config --local branch.main.github-pr-owner-number [1ms]
2023-12-13 20:08:20.425 [info] > git config --local branch.main.github-pr-owner-number [2ms]
2023-12-13 20:13:20.444 [info] > git config --local branch.main.github-pr-owner-number [2ms]
2023-12-13 20:18:20.468 [info] > git config --local branch.main.github-pr-owner-number [1ms]
2023-12-13 20:23:20.479 [info] > git config --local branch.main.github-pr-owner-number [1ms]
2023-12-13 20:27:05.412 [info] > git config --get commit.template [10ms]
2023-12-13 20:27:05.413 [info] > git for-each-ref --format=%(refname)%00%(upstream:short)%00%(objectname)%00%(upstream:track)%00%(upstream:remotename)%00%(upstream:remoteref) refs/heads/main refs/remotes/main [2ms]
2023-12-13 20:27:05.430 [info] > git status -z -uall [10ms]
2023-12-13 20:27:10.463 [info] > git config --get commit.template [14ms]
2023-12-13 20:27:10.464 [info] > git for-each-ref --format=%(refname)%00%(upstream:short)%00%(objectname)%00%(upstream:track)%00%(upstream:remotename)%00%(upstream:remoteref) refs/heads/main refs/remotes/main [3ms]
2023-12-13 20:27:10.490 [info] > git status -z -uall [15ms]
2023-12-13 20:28:20.494 [info] > git config --local branch.main.github-pr-owner-number [2ms]
2023-12-13 20:29:44.913 [info] > git config --get commit.template [11ms]
2023-12-13 20:29:44.914 [info] > git for-each-ref --format=%(refname)%00%(upstream:short)%00%(objectname)%00%(upstream:track)%00%(upstream:remotename)%00%(upstream:remoteref) refs/heads/main refs/remotes/main [2ms]
2023-12-13 20:29:44.934 [info] > git status -z -uall [11ms]
