2023-12-13 19:12:22.830 [info] Added views:workbench.panel.markers.view in workbench.panel.markers
2023-12-13 19:12:22.830 [info] Added views:workbench.panel.output in workbench.panel.output
2023-12-13 19:12:22.830 [info] Added views:terminal in terminal
2023-12-13 19:12:22.830 [info] Added views:outline in workbench.view.explorer
2023-12-13 19:12:22.830 [info] Added views:workbench.scm in workbench.view.scm
2023-12-13 19:12:22.830 [info] Added views:workbench.view.search in workbench.view.search
2023-12-13 19:12:22.830 [info] Added views:timeline in workbench.view.explorer
2023-12-13 19:12:22.830 [info] Added views:workbench.explorer.fileView in workbench.view.explorer
2023-12-13 19:12:23.072 [info] Added views:workbench.debug.welcome in workbench.view.debug
2023-12-13 19:12:23.826 [info] Added views:workbench.panel.repl.view in workbench.panel.repl
2023-12-13 19:12:24.576 [info] Added views:~remote.forwardedPorts in ~remote.forwardedPortsContainer
2023-12-13 19:16:09.858 [info] Added views:workbench.views.extensions.installed,workbench.views.extensions.popular,extensions.recommendedList in workbench.view.extensions
2023-12-13 19:16:09.862 [info] Removed views:workbench.views.extensions.popular from workbench.view.extensions
2023-12-13 19:16:19.364 [info] Added views:dockerContainers,dockerImages,dockerRegistries,dockerNetworks,dockerVolumes,vscode-docker.views.dockerContexts,vscode-docker.views.help in workbench.view.extension.dockerView
2023-12-13 19:16:27.559 [info] Added views:targetsContainers,devVolumes in workbench.view.remote
2023-12-13 19:23:20.026 [info] Added views:pr:github,issues:github in workbench.view.extension.github-pull-requests
2023-12-13 19:23:20.281 [info] Removed views:issues:github,pr:github from workbench.view.extension.github-pull-requests
2023-12-13 19:23:20.282 [info] Added views:github:login in workbench.view.extension.github-pull-requests
2023-12-13 19:23:24.308 [info] Added views:svn in workbench.view.explorer
2023-12-13 19:23:24.309 [info] Added views:repolog,itemlog,branchchanges in workbench.view.extension.svnActivity
2023-12-13 19:23:24.578 [info] Removed views:branchchanges,itemlog,repolog from workbench.view.extension.svnActivity
2023-12-13 19:23:39.052 [info] Added views:gitlens.views.home,gitlens.views.drafts,gitlens.views.workspaces,gitlens.views.account in workbench.view.extension.gitlens
2023-12-13 19:23:39.053 [info] Added views:gitlens.views.commitDetails,gitlens.views.lineHistory,gitlens.views.fileHistory,gitlens.views.searchAndCompare in workbench.view.extension.gitlensInspect
2023-12-13 19:23:39.068 [info] Added views:gitlens.views.commits,gitlens.views.branches,gitlens.views.remotes,gitlens.views.stashes,gitlens.views.tags,gitlens.views.contributors in workbench.view.scm
2023-12-13 19:23:39.358 [info] Removed views:gitlens.views.searchAndCompare,gitlens.views.fileHistory,gitlens.views.lineHistory,gitlens.views.commitDetails from workbench.view.extension.gitlensInspect
2023-12-13 19:23:39.364 [info] Removed views:gitlens.views.contributors,gitlens.views.tags,gitlens.views.stashes,gitlens.views.remotes,gitlens.views.branches,gitlens.views.commits from workbench.view.scm
2023-12-13 19:23:39.535 [info] Added views:gitlens.views.commitDetails,gitlens.views.lineHistory,gitlens.views.fileHistory,gitlens.views.searchAndCompare in workbench.view.extension.gitlensInspect
2023-12-13 19:23:39.556 [info] Added views:gitlens.views.commits,gitlens.views.branches,gitlens.views.remotes,gitlens.views.stashes,gitlens.views.tags,gitlens.views.contributors in workbench.view.scm
2023-12-13 19:23:40.669 [info] Added views:gitlens.views.graph,gitlens.views.graphDetails in workbench.view.extension.gitlensPanel
2023-12-13 19:23:40.671 [info] Added views:gitlens.views.timeline in workbench.view.extension.gitlensInspect
2023-12-13 19:23:40.678 [info] Added views:gitlens.views.worktrees in workbench.view.scm
