2023-12-11 19:14:32.320 [info] Nível de log: Info
2023-12-11 19:14:32.320 [info] Validando o git encontrado em: git
2023-12-11 19:14:32.320 [info] Usando git ''2.34.1'' de ''git''
2023-12-11 19:14:32.320 [info] > git rev-parse --show-toplevel [3ms]
2023-12-11 19:14:32.320 [info] > git rev-parse --git-dir --git-common-dir [4ms]
2023-12-11 19:14:32.320 [info] Open repository: /var/www/domu
2023-12-11 19:14:32.324 [info] > git rev-parse --show-toplevel [7ms]
2023-12-11 19:14:32.326 [info] > git config --get commit.template [16ms]
2023-12-11 19:14:32.346 [info] > git rev-parse --show-toplevel [11ms]
2023-12-11 19:14:32.355 [info] > git for-each-ref --format=%(refname)%00%(upstream:short)%00%(objectname)%00%(upstream:track)%00%(upstream:remotename)%00%(upstream:remoteref) refs/heads/main refs/remotes/main [10ms]
2023-12-11 19:14:32.366 [info] > git rev-parse --show-toplevel [12ms]
2023-12-11 19:14:32.397 [info] > git status -z -uall [33ms]
2023-12-11 19:14:32.397 [info] > git rev-parse --show-toplevel [3ms]
2023-12-11 19:14:32.422 [info] > git rev-parse --show-toplevel [7ms]
2023-12-11 19:14:32.438 [info] > git config --get commit.template [17ms]
2023-12-11 19:14:32.443 [info] > git for-each-ref --format=%(refname)%00%(upstream:short)%00%(objectname)%00%(upstream:track)%00%(upstream:remotename)%00%(upstream:remoteref) refs/heads/main refs/remotes/main [7ms]
2023-12-11 19:14:32.450 [info] > git rev-parse --show-toplevel [21ms]
2023-12-11 19:14:32.458 [info] > git rev-parse --show-toplevel [2ms]
2023-12-11 19:14:32.465 [info] > git rev-parse --show-toplevel [1ms]
2023-12-11 19:14:32.470 [info] > git status -z -uall [20ms]
2023-12-11 19:14:32.473 [info] > git rev-parse --show-toplevel [3ms]
2023-12-11 19:14:32.482 [info] > git rev-parse --show-toplevel [4ms]
2023-12-11 19:14:32.489 [info] > git rev-parse --show-toplevel [1ms]
2023-12-11 19:14:32.495 [info] > git rev-parse --show-toplevel [2ms]
2023-12-11 19:14:32.501 [info] > git rev-parse --show-toplevel [1ms]
2023-12-11 19:14:32.508 [info] > git rev-parse --show-toplevel [1ms]
2023-12-11 19:14:32.516 [info] > git rev-parse --show-toplevel [1ms]
2023-12-11 19:14:32.523 [info] > git rev-parse --show-toplevel [1ms]
2023-12-11 19:14:32.529 [info] > git rev-parse --show-toplevel [1ms]
2023-12-11 19:14:32.536 [info] > git rev-parse --show-toplevel [2ms]
2023-12-11 19:14:32.597 [info] > git rev-parse --show-toplevel [3ms]
2023-12-11 19:14:32.602 [info] > git rev-parse --show-toplevel [1ms]
2023-12-11 19:14:32.607 [info] > git rev-parse --show-toplevel [1ms]
2023-12-11 19:14:32.615 [info] > git rev-parse --show-toplevel [2ms]
2023-12-11 19:14:32.621 [info] > git rev-parse --show-toplevel [2ms]
2023-12-11 19:14:32.629 [info] > git rev-parse --show-toplevel [1ms]
2023-12-11 19:14:32.634 [info] > git rev-parse --show-toplevel [1ms]
2023-12-11 19:14:32.639 [info] > git rev-parse --show-toplevel [1ms]
2023-12-11 19:14:32.645 [info] > git rev-parse --show-toplevel [2ms]
2023-12-11 19:14:32.650 [info] > git rev-parse --show-toplevel [1ms]
2023-12-11 19:14:32.656 [info] > git rev-parse --show-toplevel [1ms]
2023-12-11 19:14:32.661 [info] > git rev-parse --show-toplevel [1ms]
2023-12-11 19:14:32.816 [info] > git show --textconv :app/Console/Kernel.php [12ms]
2023-12-11 19:14:32.816 [info] > git ls-files --stage -- /var/www/domu/app/Console/Kernel.php [7ms]
2023-12-11 19:14:32.822 [info] > git check-ignore -v -z --stdin [7ms]
2023-12-11 19:14:32.822 [info] > git cat-file -s e6b9960ec1baeb69b6712a8019b8defa35276a20 [2ms]
2023-12-11 19:14:35.236 [info] > git config --get commit.template [13ms]
2023-12-11 19:14:35.236 [info] > git for-each-ref --format=%(refname)%00%(upstream:short)%00%(objectname)%00%(upstream:track)%00%(upstream:remotename)%00%(upstream:remoteref) refs/heads/main refs/remotes/main [4ms]
2023-12-11 19:14:35.255 [info] > git status -z -uall [13ms]
2023-12-11 19:14:36.612 [info] > git check-ignore -v -z --stdin [3ms]
2023-12-11 19:14:40.280 [info] > git config --get commit.template [10ms]
2023-12-11 19:14:40.281 [info] > git for-each-ref --format=%(refname)%00%(upstream:short)%00%(objectname)%00%(upstream:track)%00%(upstream:remotename)%00%(upstream:remoteref) refs/heads/main refs/remotes/main [2ms]
2023-12-11 19:14:40.300 [info] > git status -z -uall [13ms]
2023-12-11 19:14:45.325 [info] > git config --get commit.template [7ms]
2023-12-11 19:14:45.326 [info] > git for-each-ref --format=%(refname)%00%(upstream:short)%00%(objectname)%00%(upstream:track)%00%(upstream:remotename)%00%(upstream:remoteref) refs/heads/main refs/remotes/main [1ms]
2023-12-11 19:14:45.341 [info] > git status -z -uall [11ms]
2023-12-11 19:15:05.325 [info] > git config --get commit.template [3ms]
2023-12-11 19:15:05.335 [info] > git for-each-ref --format=%(refname)%00%(upstream:short)%00%(objectname)%00%(upstream:track)%00%(upstream:remotename)%00%(upstream:remoteref) refs/heads/main refs/remotes/main [3ms]
2023-12-11 19:15:05.352 [info] > git status -z -uall [11ms]
2023-12-11 19:15:08.134 [info] > git check-ignore -v -z --stdin [3ms]
2023-12-11 19:15:10.371 [info] > git config --get commit.template [6ms]
2023-12-11 19:15:10.371 [info] > git for-each-ref --format=%(refname)%00%(upstream:short)%00%(objectname)%00%(upstream:track)%00%(upstream:remotename)%00%(upstream:remoteref) refs/heads/main refs/remotes/main [1ms]
2023-12-11 19:15:10.386 [info] > git status -z -uall [10ms]
2023-12-11 19:15:15.410 [info] > git config --get commit.template [10ms]
2023-12-11 19:15:15.412 [info] > git for-each-ref --format=%(refname)%00%(upstream:short)%00%(objectname)%00%(upstream:track)%00%(upstream:remotename)%00%(upstream:remoteref) refs/heads/main refs/remotes/main [2ms]
2023-12-11 19:15:15.430 [info] > git status -z -uall [10ms]
2023-12-11 19:15:29.008 [info] > git config --get commit.template [10ms]
2023-12-11 19:15:29.009 [info] > git for-each-ref --format=%(refname)%00%(upstream:short)%00%(objectname)%00%(upstream:track)%00%(upstream:remotename)%00%(upstream:remoteref) refs/heads/main refs/remotes/main [3ms]
2023-12-11 19:15:29.032 [info] > git status -z -uall [16ms]
2023-12-11 19:15:47.321 [info] > git config --get commit.template [8ms]
2023-12-11 19:15:47.322 [info] > git for-each-ref --format=%(refname)%00%(upstream:short)%00%(objectname)%00%(upstream:track)%00%(upstream:remotename)%00%(upstream:remoteref) refs/heads/main refs/remotes/main [1ms]
2023-12-11 19:15:47.337 [info] > git status -z -uall [10ms]
2023-12-11 19:15:48.625 [info] > git for-each-ref --format=%(refname)%00%(upstream:short)%00%(objectname)%00%(upstream:track)%00%(upstream:remotename)%00%(upstream:remoteref) refs/heads/main [1ms]
2023-12-11 19:15:48.631 [info] > git config --local branch.main.vscode-merge-base [1ms]
2023-12-11 19:15:48.637 [info] > git reflog refs/heads/main --grep-reflog=branch: Created from *. [2ms]
2023-12-11 19:15:48.643 [info] > git symbolic-ref --short refs/remotes/origin/HEAD [2ms]
2023-12-11 19:15:48.643 [info] fatal: ref refs/remotes/origin/HEAD is not a symbolic ref
2023-12-11 19:15:49.167 [info] > git check-ignore -v -z --stdin [3ms]
2023-12-11 19:15:52.366 [info] > git config --get commit.template [11ms]
2023-12-11 19:15:52.367 [info] > git for-each-ref --format=%(refname)%00%(upstream:short)%00%(objectname)%00%(upstream:track)%00%(upstream:remotename)%00%(upstream:remoteref) refs/heads/main refs/remotes/main [3ms]
2023-12-11 19:15:52.387 [info] > git status -z -uall [15ms]
2023-12-11 21:58:14.321 [info] > git config --get commit.template [8ms]
2023-12-11 21:58:14.323 [info] > git for-each-ref --format=%(refname)%00%(upstream:short)%00%(objectname)%00%(upstream:track)%00%(upstream:remotename)%00%(upstream:remoteref) refs/heads/main refs/remotes/main [4ms]
2023-12-11 21:58:14.344 [info] > git status -z -uall [13ms]
2023-12-11 21:58:19.368 [info] > git config --get commit.template [10ms]
2023-12-11 21:58:19.369 [info] > git for-each-ref --format=%(refname)%00%(upstream:short)%00%(objectname)%00%(upstream:track)%00%(upstream:remotename)%00%(upstream:remoteref) refs/heads/main refs/remotes/main [2ms]
2023-12-11 21:58:19.390 [info] > git status -z -uall [14ms]
2023-12-11 21:58:24.668 [info] > git show --textconv :.env [5ms]
2023-12-11 21:58:24.669 [info] > git ls-files --stage -- /var/www/domu/.env [2ms]
2023-12-11 21:58:26.165 [info] > git config --get commit.template [11ms]
2023-12-11 21:58:26.166 [info] > git for-each-ref --format=%(refname)%00%(upstream:short)%00%(objectname)%00%(upstream:track)%00%(upstream:remotename)%00%(upstream:remoteref) refs/heads/main refs/remotes/main [2ms]
2023-12-11 21:58:26.187 [info] > git status -z -uall [14ms]
2023-12-11 21:58:31.212 [info] > git config --get commit.template [12ms]
2023-12-11 21:58:31.213 [info] > git for-each-ref --format=%(refname)%00%(upstream:short)%00%(objectname)%00%(upstream:track)%00%(upstream:remotename)%00%(upstream:remoteref) refs/heads/main refs/remotes/main [2ms]
2023-12-11 21:58:31.234 [info] > git status -z -uall [14ms]
2023-12-11 21:58:31.948 [info] > git show --textconv :app/Providers/Filament/AdminPanelProvider.php [9ms]
2023-12-11 21:58:31.950 [info] > git ls-files --stage -- /var/www/domu/app/Providers/Filament/AdminPanelProvider.php [2ms]
2023-12-11 21:58:31.957 [info] > git cat-file -s e2be3070fcf123fd945a8d79c4f33c700b82f3b7 [2ms]
2023-12-11 21:58:32.351 [info] > git check-ignore -v -z --stdin [3ms]
2023-12-11 22:37:16.935 [info] > git config --get commit.template [6ms]
2023-12-11 22:37:16.936 [info] > git for-each-ref --format=%(refname)%00%(upstream:short)%00%(objectname)%00%(upstream:track)%00%(upstream:remotename)%00%(upstream:remoteref) refs/heads/main refs/remotes/main [2ms]
2023-12-11 22:37:16.957 [info] > git status -z -uall [13ms]
2023-12-11 22:37:20.327 [info] > git check-ignore -v -z --stdin [3ms]
2023-12-11 22:37:39.633 [info] > git config --get commit.template [8ms]
2023-12-11 22:37:39.633 [info] > git for-each-ref --format=%(refname)%00%(upstream:short)%00%(objectname)%00%(upstream:track)%00%(upstream:remotename)%00%(upstream:remoteref) refs/heads/main refs/remotes/main [1ms]
2023-12-11 22:37:39.650 [info] > git status -z -uall [10ms]
2023-12-11 22:37:53.630 [info] > git check-ignore -v -z --stdin [4ms]
2023-12-11 22:38:27.646 [info] > git config --get commit.template [5ms]
2023-12-11 22:38:27.647 [info] > git for-each-ref --format=%(refname)%00%(upstream:short)%00%(objectname)%00%(upstream:track)%00%(upstream:remotename)%00%(upstream:remoteref) refs/heads/main refs/remotes/main [1ms]
2023-12-11 22:38:27.663 [info] > git status -z -uall [10ms]
2023-12-11 22:38:32.677 [info] > git config --get commit.template [5ms]
2023-12-11 22:38:32.678 [info] > git for-each-ref --format=%(refname)%00%(upstream:short)%00%(objectname)%00%(upstream:track)%00%(upstream:remotename)%00%(upstream:remoteref) refs/heads/main refs/remotes/main [2ms]
2023-12-11 22:38:32.696 [info] > git status -z -uall [12ms]
2023-12-11 22:38:41.412 [info] > git config --get commit.template [10ms]
2023-12-11 22:38:41.413 [info] > git for-each-ref --format=%(refname)%00%(upstream:short)%00%(objectname)%00%(upstream:track)%00%(upstream:remotename)%00%(upstream:remoteref) refs/heads/main refs/remotes/main [2ms]
2023-12-11 22:38:41.436 [info] > git status -z -uall [16ms]
2023-12-11 22:38:51.057 [info] > git config --get commit.template [12ms]
2023-12-11 22:38:51.057 [info] > git for-each-ref --format=%(refname)%00%(upstream:short)%00%(objectname)%00%(upstream:track)%00%(upstream:remotename)%00%(upstream:remoteref) refs/heads/main refs/remotes/main [1ms]
2023-12-11 22:38:51.078 [info] > git status -z -uall [14ms]
2023-12-11 22:38:56.016 [info] > git check-ignore -v -z --stdin [3ms]
2023-12-11 22:38:56.090 [info] > git config --get commit.template [5ms]
2023-12-11 22:38:56.090 [info] > git for-each-ref --format=%(refname)%00%(upstream:short)%00%(objectname)%00%(upstream:track)%00%(upstream:remotename)%00%(upstream:remoteref) refs/heads/main refs/remotes/main [1ms]
2023-12-11 22:38:56.107 [info] > git status -z -uall [11ms]
2023-12-11 22:38:58.990 [info] > git check-ignore -v -z --stdin [2ms]
2023-12-11 22:39:01.122 [info] > git config --get commit.template [4ms]
2023-12-11 22:39:01.123 [info] > git for-each-ref --format=%(refname)%00%(upstream:short)%00%(objectname)%00%(upstream:track)%00%(upstream:remotename)%00%(upstream:remoteref) refs/heads/main refs/remotes/main [1ms]
2023-12-11 22:39:01.138 [info] > git status -z -uall [10ms]
2023-12-11 22:39:43.774 [info] > git config --get commit.template [10ms]
2023-12-11 22:39:43.775 [info] > git for-each-ref --format=%(refname)%00%(upstream:short)%00%(objectname)%00%(upstream:track)%00%(upstream:remotename)%00%(upstream:remoteref) refs/heads/main refs/remotes/main [2ms]
2023-12-11 22:39:43.800 [info] > git status -z -uall [16ms]
2023-12-11 22:40:35.341 [info] > git config --get commit.template [6ms]
2023-12-11 22:40:35.341 [info] > git for-each-ref --format=%(refname)%00%(upstream:short)%00%(objectname)%00%(upstream:track)%00%(upstream:remotename)%00%(upstream:remoteref) refs/heads/main refs/remotes/main [1ms]
2023-12-11 22:40:35.360 [info] > git status -z -uall [11ms]
2023-12-11 22:40:40.385 [info] > git config --get commit.template [10ms]
2023-12-11 22:40:40.386 [info] > git for-each-ref --format=%(refname)%00%(upstream:short)%00%(objectname)%00%(upstream:track)%00%(upstream:remotename)%00%(upstream:remoteref) refs/heads/main refs/remotes/main [3ms]
2023-12-11 22:40:40.406 [info] > git status -z -uall [14ms]
2023-12-11 22:40:45.433 [info] > git config --get commit.template [11ms]
2023-12-11 22:40:45.434 [info] > git for-each-ref --format=%(refname)%00%(upstream:short)%00%(objectname)%00%(upstream:track)%00%(upstream:remotename)%00%(upstream:remoteref) refs/heads/main refs/remotes/main [3ms]
2023-12-11 22:40:45.454 [info] > git status -z -uall [13ms]
2023-12-11 22:40:47.269 [info] > git show --textconv :app/Filament/Resources/UserResource.php [10ms]
2023-12-11 22:40:47.272 [info] > git ls-files --stage -- /var/www/domu/app/Filament/Resources/UserResource.php [3ms]
2023-12-11 22:40:57.828 [info] > git config --get commit.template [13ms]
2023-12-11 22:40:57.828 [info] > git for-each-ref --format=%(refname)%00%(upstream:short)%00%(objectname)%00%(upstream:track)%00%(upstream:remotename)%00%(upstream:remoteref) refs/heads/main refs/remotes/main [1ms]
2023-12-11 22:40:57.848 [info] > git status -z -uall [13ms]
2023-12-11 22:45:24.117 [info] > git config --get commit.template [9ms]
2023-12-11 22:45:24.118 [info] > git for-each-ref --format=%(refname)%00%(upstream:short)%00%(objectname)%00%(upstream:track)%00%(upstream:remotename)%00%(upstream:remoteref) refs/heads/main refs/remotes/main [2ms]
2023-12-11 22:45:24.134 [info] > git status -z -uall [12ms]
2023-12-11 22:47:24.399 [info] > git config --get commit.template [9ms]
2023-12-11 22:47:24.400 [info] > git for-each-ref --format=%(refname)%00%(upstream:short)%00%(objectname)%00%(upstream:track)%00%(upstream:remotename)%00%(upstream:remoteref) refs/heads/main refs/remotes/main [2ms]
2023-12-11 22:47:24.421 [info] > git status -z -uall [14ms]
2023-12-11 22:47:29.446 [info] > git config --get commit.template [12ms]
2023-12-11 22:47:29.447 [info] > git for-each-ref --format=%(refname)%00%(upstream:short)%00%(objectname)%00%(upstream:track)%00%(upstream:remotename)%00%(upstream:remoteref) refs/heads/main refs/remotes/main [3ms]
2023-12-11 22:47:29.474 [info] > git status -z -uall [20ms]
2023-12-11 22:47:38.657 [info] > git config --get commit.template [9ms]
2023-12-11 22:47:38.658 [info] > git for-each-ref --format=%(refname)%00%(upstream:short)%00%(objectname)%00%(upstream:track)%00%(upstream:remotename)%00%(upstream:remoteref) refs/heads/main refs/remotes/main [2ms]
2023-12-11 22:47:38.677 [info] > git status -z -uall [11ms]
2023-12-11 22:47:52.664 [info] > git config --get commit.template [10ms]
2023-12-11 22:47:52.665 [info] > git for-each-ref --format=%(refname)%00%(upstream:short)%00%(objectname)%00%(upstream:track)%00%(upstream:remotename)%00%(upstream:remoteref) refs/heads/main refs/remotes/main [2ms]
2023-12-11 22:47:52.681 [info] > git status -z -uall [11ms]
2023-12-11 22:47:58.529 [info] > git config --get commit.template [6ms]
2023-12-11 22:47:58.530 [info] > git for-each-ref --format=%(refname)%00%(upstream:short)%00%(objectname)%00%(upstream:track)%00%(upstream:remotename)%00%(upstream:remoteref) refs/heads/main refs/remotes/main [2ms]
2023-12-11 22:47:58.550 [info] > git status -z -uall [11ms]
2023-12-11 22:48:03.575 [info] > git config --get commit.template [9ms]
2023-12-11 22:48:03.576 [info] > git for-each-ref --format=%(refname)%00%(upstream:short)%00%(objectname)%00%(upstream:track)%00%(upstream:remotename)%00%(upstream:remoteref) refs/heads/main refs/remotes/main [2ms]
2023-12-11 22:48:03.595 [info] > git status -z -uall [13ms]
2023-12-11 22:48:09.092 [info] > git config --get commit.template [8ms]
2023-12-11 22:48:09.093 [info] > git for-each-ref --format=%(refname)%00%(upstream:short)%00%(objectname)%00%(upstream:track)%00%(upstream:remotename)%00%(upstream:remoteref) refs/heads/main refs/remotes/main [2ms]
2023-12-11 22:48:09.114 [info] > git status -z -uall [12ms]
2023-12-11 22:48:14.138 [info] > git config --get commit.template [11ms]
2023-12-11 22:48:14.140 [info] > git for-each-ref --format=%(refname)%00%(upstream:short)%00%(objectname)%00%(upstream:track)%00%(upstream:remotename)%00%(upstream:remoteref) refs/heads/main refs/remotes/main [3ms]
2023-12-11 22:48:14.162 [info] > git status -z -uall [15ms]
2023-12-11 22:48:19.186 [info] > git config --get commit.template [10ms]
2023-12-11 22:48:19.187 [info] > git for-each-ref --format=%(refname)%00%(upstream:short)%00%(objectname)%00%(upstream:track)%00%(upstream:remotename)%00%(upstream:remoteref) refs/heads/main refs/remotes/main [3ms]
2023-12-11 22:48:19.210 [info] > git status -z -uall [14ms]
2023-12-11 22:48:24.234 [info] > git config --get commit.template [11ms]
2023-12-11 22:48:24.236 [info] > git for-each-ref --format=%(refname)%00%(upstream:short)%00%(objectname)%00%(upstream:track)%00%(upstream:remotename)%00%(upstream:remoteref) refs/heads/main refs/remotes/main [3ms]
2023-12-11 22:48:24.259 [info] > git status -z -uall [17ms]
2023-12-11 22:48:55.637 [info] > git config --get commit.template [9ms]
2023-12-11 22:48:55.638 [info] > git for-each-ref --format=%(refname)%00%(upstream:short)%00%(objectname)%00%(upstream:track)%00%(upstream:remotename)%00%(upstream:remoteref) refs/heads/main refs/remotes/main [2ms]
2023-12-11 22:48:55.662 [info] > git status -z -uall [14ms]
2023-12-11 22:49:00.683 [info] > git config --get commit.template [8ms]
2023-12-11 22:49:00.684 [info] > git for-each-ref --format=%(refname)%00%(upstream:short)%00%(objectname)%00%(upstream:track)%00%(upstream:remotename)%00%(upstream:remoteref) refs/heads/main refs/remotes/main [2ms]
2023-12-11 22:49:00.704 [info] > git status -z -uall [14ms]
2023-12-11 22:49:05.727 [info] > git config --get commit.template [10ms]
2023-12-11 22:49:05.729 [info] > git for-each-ref --format=%(refname)%00%(upstream:short)%00%(objectname)%00%(upstream:track)%00%(upstream:remotename)%00%(upstream:remoteref) refs/heads/main refs/remotes/main [3ms]
2023-12-11 22:49:05.748 [info] > git status -z -uall [10ms]
2023-12-11 22:49:14.465 [info] > git config --get commit.template [10ms]
2023-12-11 22:49:14.466 [info] > git for-each-ref --format=%(refname)%00%(upstream:short)%00%(objectname)%00%(upstream:track)%00%(upstream:remotename)%00%(upstream:remoteref) refs/heads/main refs/remotes/main [1ms]
2023-12-11 22:49:14.486 [info] > git status -z -uall [13ms]
2023-12-11 22:49:20.199 [info] > git config --get commit.template [10ms]
2023-12-11 22:49:20.200 [info] > git for-each-ref --format=%(refname)%00%(upstream:short)%00%(objectname)%00%(upstream:track)%00%(upstream:remotename)%00%(upstream:remoteref) refs/heads/main refs/remotes/main [2ms]
2023-12-11 22:49:20.221 [info] > git status -z -uall [12ms]
2023-12-11 22:49:25.245 [info] > git config --get commit.template [10ms]
2023-12-11 22:49:25.247 [info] > git for-each-ref --format=%(refname)%00%(upstream:short)%00%(objectname)%00%(upstream:track)%00%(upstream:remotename)%00%(upstream:remoteref) refs/heads/main refs/remotes/main [3ms]
2023-12-11 22:49:25.271 [info] > git status -z -uall [16ms]
2023-12-11 22:49:30.299 [info] > git config --get commit.template [11ms]
2023-12-11 22:49:30.301 [info] > git for-each-ref --format=%(refname)%00%(upstream:short)%00%(objectname)%00%(upstream:track)%00%(upstream:remotename)%00%(upstream:remoteref) refs/heads/main refs/remotes/main [3ms]
2023-12-11 22:49:30.321 [info] > git status -z -uall [13ms]
2023-12-11 22:49:38.781 [info] > git config --get commit.template [13ms]
2023-12-11 22:49:38.782 [info] > git for-each-ref --format=%(refname)%00%(upstream:short)%00%(objectname)%00%(upstream:track)%00%(upstream:remotename)%00%(upstream:remoteref) refs/heads/main refs/remotes/main [2ms]
2023-12-11 22:49:38.802 [info] > git status -z -uall [11ms]
2023-12-11 22:50:07.128 [info] > git config --get commit.template [6ms]
2023-12-11 22:50:07.130 [info] > git for-each-ref --format=%(refname)%00%(upstream:short)%00%(objectname)%00%(upstream:track)%00%(upstream:remotename)%00%(upstream:remoteref) refs/heads/main refs/remotes/main [2ms]
2023-12-11 22:50:07.155 [info] > git status -z -uall [15ms]
2023-12-11 22:50:12.179 [info] > git config --get commit.template [8ms]
2023-12-11 22:50:12.179 [info] > git for-each-ref --format=%(refname)%00%(upstream:short)%00%(objectname)%00%(upstream:track)%00%(upstream:remotename)%00%(upstream:remoteref) refs/heads/main refs/remotes/main [1ms]
2023-12-11 22:50:12.194 [info] > git status -z -uall [10ms]
2023-12-11 22:50:24.331 [info] > git config --get commit.template [8ms]
2023-12-11 22:50:24.332 [info] > git for-each-ref --format=%(refname)%00%(upstream:short)%00%(objectname)%00%(upstream:track)%00%(upstream:remotename)%00%(upstream:remoteref) refs/heads/main refs/remotes/main [1ms]
2023-12-11 22:50:24.351 [info] > git status -z -uall [12ms]
2023-12-11 22:50:35.200 [info] > git config --get commit.template [12ms]
2023-12-11 22:50:35.201 [info] > git for-each-ref --format=%(refname)%00%(upstream:short)%00%(objectname)%00%(upstream:track)%00%(upstream:remotename)%00%(upstream:remoteref) refs/heads/main refs/remotes/main [2ms]
2023-12-11 22:50:35.220 [info] > git status -z -uall [12ms]
2023-12-11 22:50:40.243 [info] > git config --get commit.template [10ms]
2023-12-11 22:50:40.244 [info] > git for-each-ref --format=%(refname)%00%(upstream:short)%00%(objectname)%00%(upstream:track)%00%(upstream:remotename)%00%(upstream:remoteref) refs/heads/main refs/remotes/main [2ms]
2023-12-11 22:50:40.266 [info] > git status -z -uall [15ms]
2023-12-11 22:51:11.154 [info] > git config --get commit.template [11ms]
2023-12-11 22:51:11.156 [info] > git for-each-ref --format=%(refname)%00%(upstream:short)%00%(objectname)%00%(upstream:track)%00%(upstream:remotename)%00%(upstream:remoteref) refs/heads/main refs/remotes/main [3ms]
2023-12-11 22:51:11.176 [info] > git status -z -uall [12ms]
2023-12-11 22:51:27.032 [info] > git config --get commit.template [7ms]
2023-12-11 22:51:27.033 [info] > git for-each-ref --format=%(refname)%00%(upstream:short)%00%(objectname)%00%(upstream:track)%00%(upstream:remotename)%00%(upstream:remoteref) refs/heads/main refs/remotes/main [2ms]
2023-12-11 22:51:27.059 [info] > git status -z -uall [18ms]
2023-12-11 22:51:32.079 [info] > git config --get commit.template [7ms]
2023-12-11 22:51:32.080 [info] > git for-each-ref --format=%(refname)%00%(upstream:short)%00%(objectname)%00%(upstream:track)%00%(upstream:remotename)%00%(upstream:remoteref) refs/heads/main refs/remotes/main [1ms]
2023-12-11 22:51:32.096 [info] > git status -z -uall [10ms]
2023-12-11 22:52:12.560 [info] > git config --get commit.template [11ms]
2023-12-11 22:52:12.561 [info] > git for-each-ref --format=%(refname)%00%(upstream:short)%00%(objectname)%00%(upstream:track)%00%(upstream:remotename)%00%(upstream:remoteref) refs/heads/main refs/remotes/main [3ms]
2023-12-11 22:52:12.587 [info] > git status -z -uall [17ms]
2023-12-11 22:52:18.263 [info] > git config --get commit.template [11ms]
2023-12-11 22:52:18.264 [info] > git for-each-ref --format=%(refname)%00%(upstream:short)%00%(objectname)%00%(upstream:track)%00%(upstream:remotename)%00%(upstream:remoteref) refs/heads/main refs/remotes/main [3ms]
2023-12-11 22:52:18.283 [info] > git status -z -uall [12ms]
2023-12-11 22:52:23.625 [info] > git config --get commit.template [8ms]
2023-12-11 22:52:23.626 [info] > git for-each-ref --format=%(refname)%00%(upstream:short)%00%(objectname)%00%(upstream:track)%00%(upstream:remotename)%00%(upstream:remoteref) refs/heads/main refs/remotes/main [2ms]
2023-12-11 22:52:23.644 [info] > git status -z -uall [13ms]
2023-12-11 22:52:37.266 [info] > git config --get commit.template [6ms]
2023-12-11 22:52:37.267 [info] > git for-each-ref --format=%(refname)%00%(upstream:short)%00%(objectname)%00%(upstream:track)%00%(upstream:remotename)%00%(upstream:remoteref) refs/heads/main refs/remotes/main [1ms]
2023-12-11 22:52:37.283 [info] > git status -z -uall [11ms]
2023-12-11 22:52:47.177 [info] > git check-ignore -v -z --stdin [3ms]
2023-12-11 22:52:48.085 [info] > git check-ignore -v -z --stdin [3ms]
2023-12-11 22:52:49.556 [info] > git config --get commit.template [10ms]
2023-12-11 22:52:49.556 [info] > git for-each-ref --format=%(refname)%00%(upstream:short)%00%(objectname)%00%(upstream:track)%00%(upstream:remotename)%00%(upstream:remoteref) refs/heads/main refs/remotes/main [1ms]
2023-12-11 22:52:49.573 [info] > git status -z -uall [11ms]
2023-12-11 22:52:59.984 [info] > git config --get commit.template [10ms]
2023-12-11 22:52:59.985 [info] > git for-each-ref --format=%(refname)%00%(upstream:short)%00%(objectname)%00%(upstream:track)%00%(upstream:remotename)%00%(upstream:remoteref) refs/heads/main refs/remotes/main [2ms]
2023-12-11 22:53:00.004 [info] > git status -z -uall [13ms]
2023-12-11 22:53:05.029 [info] > git config --get commit.template [11ms]
2023-12-11 22:53:05.031 [info] > git for-each-ref --format=%(refname)%00%(upstream:short)%00%(objectname)%00%(upstream:track)%00%(upstream:remotename)%00%(upstream:remoteref) refs/heads/main refs/remotes/main [2ms]
2023-12-11 22:53:05.048 [info] > git status -z -uall [11ms]
2023-12-11 22:57:50.850 [info] > git config --get commit.template [7ms]
2023-12-11 22:57:50.850 [info] > git for-each-ref --format=%(refname)%00%(upstream:short)%00%(objectname)%00%(upstream:track)%00%(upstream:remotename)%00%(upstream:remoteref) refs/heads/main refs/remotes/main [1ms]
2023-12-11 22:57:50.868 [info] > git status -z -uall [11ms]
2023-12-11 22:57:55.880 [info] > git config --get commit.template [5ms]
2023-12-11 22:57:55.880 [info] > git for-each-ref --format=%(refname)%00%(upstream:short)%00%(objectname)%00%(upstream:track)%00%(upstream:remotename)%00%(upstream:remoteref) refs/heads/main refs/remotes/main [1ms]
2023-12-11 22:57:55.894 [info] > git status -z -uall [10ms]
2023-12-11 22:58:00.909 [info] > git config --get commit.template [5ms]
2023-12-11 22:58:00.910 [info] > git for-each-ref --format=%(refname)%00%(upstream:short)%00%(objectname)%00%(upstream:track)%00%(upstream:remotename)%00%(upstream:remoteref) refs/heads/main refs/remotes/main [1ms]
2023-12-11 22:58:00.924 [info] > git status -z -uall [10ms]
2023-12-11 22:58:05.941 [info] > git config --get commit.template [6ms]
2023-12-11 22:58:05.941 [info] > git for-each-ref --format=%(refname)%00%(upstream:short)%00%(objectname)%00%(upstream:track)%00%(upstream:remotename)%00%(upstream:remoteref) refs/heads/main refs/remotes/main [1ms]
2023-12-11 22:58:05.956 [info] > git status -z -uall [11ms]
2023-12-11 22:58:10.973 [info] > git config --get commit.template [6ms]
2023-12-11 22:58:10.973 [info] > git for-each-ref --format=%(refname)%00%(upstream:short)%00%(objectname)%00%(upstream:track)%00%(upstream:remotename)%00%(upstream:remoteref) refs/heads/main refs/remotes/main [1ms]
2023-12-11 22:58:10.988 [info] > git status -z -uall [11ms]
2023-12-11 22:59:30.743 [info] > git config --get commit.template [8ms]
2023-12-11 22:59:30.744 [info] > git for-each-ref --format=%(refname)%00%(upstream:short)%00%(objectname)%00%(upstream:track)%00%(upstream:remotename)%00%(upstream:remoteref) refs/heads/main refs/remotes/main [2ms]
2023-12-11 22:59:30.761 [info] > git status -z -uall [11ms]
2023-12-11 22:59:35.784 [info] > git config --get commit.template [8ms]
2023-12-11 22:59:35.785 [info] > git for-each-ref --format=%(refname)%00%(upstream:short)%00%(objectname)%00%(upstream:track)%00%(upstream:remotename)%00%(upstream:remoteref) refs/heads/main refs/remotes/main [1ms]
2023-12-11 22:59:35.801 [info] > git status -z -uall [12ms]
2023-12-11 22:59:40.828 [info] > git config --get commit.template [11ms]
2023-12-11 22:59:40.830 [info] > git for-each-ref --format=%(refname)%00%(upstream:short)%00%(objectname)%00%(upstream:track)%00%(upstream:remotename)%00%(upstream:remoteref) refs/heads/main refs/remotes/main [3ms]
2023-12-11 22:59:40.849 [info] > git status -z -uall [13ms]
2023-12-11 22:59:42.099 [info] > git check-ignore -v -z --stdin [2ms]
2023-12-11 22:59:45.873 [info] > git config --get commit.template [11ms]
2023-12-11 22:59:45.874 [info] > git for-each-ref --format=%(refname)%00%(upstream:short)%00%(objectname)%00%(upstream:track)%00%(upstream:remotename)%00%(upstream:remoteref) refs/heads/main refs/remotes/main [2ms]
2023-12-11 22:59:45.898 [info] > git status -z -uall [16ms]
2023-12-11 22:59:55.860 [info] > git check-ignore -v -z --stdin [2ms]
2023-12-11 22:59:56.621 [info] > git config --get commit.template [4ms]
2023-12-11 22:59:56.622 [info] > git for-each-ref --format=%(refname)%00%(upstream:short)%00%(objectname)%00%(upstream:track)%00%(upstream:remotename)%00%(upstream:remoteref) refs/heads/main refs/remotes/main [1ms]
2023-12-11 22:59:56.635 [info] > git status -z -uall [10ms]
2023-12-11 23:00:01.652 [info] > git config --get commit.template [7ms]
2023-12-11 23:00:01.652 [info] > git for-each-ref --format=%(refname)%00%(upstream:short)%00%(objectname)%00%(upstream:track)%00%(upstream:remotename)%00%(upstream:remoteref) refs/heads/main refs/remotes/main [1ms]
2023-12-11 23:00:01.668 [info] > git status -z -uall [11ms]
2023-12-11 23:00:02.535 [info] > git check-ignore -v -z --stdin [3ms]
2023-12-11 23:00:04.630 [info] > git check-ignore -v -z --stdin [3ms]
2023-12-11 23:00:06.689 [info] > git config --get commit.template [8ms]
2023-12-11 23:00:06.690 [info] > git for-each-ref --format=%(refname)%00%(upstream:short)%00%(objectname)%00%(upstream:track)%00%(upstream:remotename)%00%(upstream:remoteref) refs/heads/main refs/remotes/main [2ms]
2023-12-11 23:00:06.712 [info] > git status -z -uall [14ms]
2023-12-11 23:00:09.853 [info] > git check-ignore -v -z --stdin [2ms]
2023-12-11 23:00:11.736 [info] > git config --get commit.template [11ms]
2023-12-11 23:00:11.738 [info] > git for-each-ref --format=%(refname)%00%(upstream:short)%00%(objectname)%00%(upstream:track)%00%(upstream:remotename)%00%(upstream:remoteref) refs/heads/main refs/remotes/main [3ms]
2023-12-11 23:00:11.763 [info] > git status -z -uall [18ms]
2023-12-11 23:00:12.470 [info] > git check-ignore -v -z --stdin [2ms]
2023-12-11 23:00:14.864 [info] > git check-ignore -v -z --stdin [3ms]
2023-12-11 23:00:16.785 [info] > git config --get commit.template [8ms]
2023-12-11 23:00:16.785 [info] > git for-each-ref --format=%(refname)%00%(upstream:short)%00%(objectname)%00%(upstream:track)%00%(upstream:remotename)%00%(upstream:remoteref) refs/heads/main refs/remotes/main [1ms]
2023-12-11 23:00:16.804 [info] > git status -z -uall [12ms]
2023-12-11 23:00:18.304 [info] > git check-ignore -v -z --stdin [3ms]
2023-12-11 23:00:21.825 [info] > git config --get commit.template [9ms]
2023-12-11 23:00:21.826 [info] > git for-each-ref --format=%(refname)%00%(upstream:short)%00%(objectname)%00%(upstream:track)%00%(upstream:remotename)%00%(upstream:remoteref) refs/heads/main refs/remotes/main [3ms]
2023-12-11 23:00:21.847 [info] > git status -z -uall [14ms]
2023-12-11 23:00:26.867 [info] > git config --get commit.template [10ms]
2023-12-11 23:00:26.868 [info] > git for-each-ref --format=%(refname)%00%(upstream:short)%00%(objectname)%00%(upstream:track)%00%(upstream:remotename)%00%(upstream:remoteref) refs/heads/main refs/remotes/main [3ms]
2023-12-11 23:00:26.888 [info] > git status -z -uall [12ms]
2023-12-11 23:00:31.912 [info] > git config --get commit.template [10ms]
2023-12-11 23:00:31.913 [info] > git for-each-ref --format=%(refname)%00%(upstream:short)%00%(objectname)%00%(upstream:track)%00%(upstream:remotename)%00%(upstream:remoteref) refs/heads/main refs/remotes/main [2ms]
2023-12-11 23:00:31.936 [info] > git status -z -uall [13ms]
2023-12-11 23:00:36.962 [info] > git config --get commit.template [10ms]
2023-12-11 23:00:36.963 [info] > git for-each-ref --format=%(refname)%00%(upstream:short)%00%(objectname)%00%(upstream:track)%00%(upstream:remotename)%00%(upstream:remoteref) refs/heads/main refs/remotes/main [2ms]
2023-12-11 23:00:36.979 [info] > git status -z -uall [10ms]
2023-12-11 23:00:42.004 [info] > git config --get commit.template [11ms]
2023-12-11 23:00:42.005 [info] > git for-each-ref --format=%(refname)%00%(upstream:short)%00%(objectname)%00%(upstream:track)%00%(upstream:remotename)%00%(upstream:remoteref) refs/heads/main refs/remotes/main [3ms]
2023-12-11 23:00:42.025 [info] > git status -z -uall [13ms]
2023-12-11 23:00:47.853 [info] > git config --get commit.template [10ms]
2023-12-11 23:00:47.855 [info] > git for-each-ref --format=%(refname)%00%(upstream:short)%00%(objectname)%00%(upstream:track)%00%(upstream:remotename)%00%(upstream:remoteref) refs/heads/main refs/remotes/main [3ms]
2023-12-11 23:00:47.878 [info] > git status -z -uall [14ms]
2023-12-11 23:00:52.897 [info] > git config --get commit.template [9ms]
2023-12-11 23:00:52.899 [info] > git for-each-ref --format=%(refname)%00%(upstream:short)%00%(objectname)%00%(upstream:track)%00%(upstream:remotename)%00%(upstream:remoteref) refs/heads/main refs/remotes/main [3ms]
2023-12-11 23:00:52.923 [info] > git status -z -uall [17ms]
2023-12-11 23:00:55.071 [info] > git check-ignore -v -z --stdin [3ms]
2023-12-11 23:00:57.937 [info] > git config --get commit.template [6ms]
2023-12-11 23:00:57.939 [info] > git for-each-ref --format=%(refname)%00%(upstream:short)%00%(objectname)%00%(upstream:track)%00%(upstream:remotename)%00%(upstream:remoteref) refs/heads/main refs/remotes/main [2ms]
2023-12-11 23:00:57.957 [info] > git status -z -uall [11ms]
2023-12-11 23:00:58.612 [info] > git check-ignore -v -z --stdin [2ms]
2023-12-11 23:01:00.494 [info] > git check-ignore -v -z --stdin [3ms]
2023-12-11 23:01:02.980 [info] > git config --get commit.template [7ms]
2023-12-11 23:01:02.981 [info] > git for-each-ref --format=%(refname)%00%(upstream:short)%00%(objectname)%00%(upstream:track)%00%(upstream:remotename)%00%(upstream:remoteref) refs/heads/main refs/remotes/main [3ms]
2023-12-11 23:01:03.008 [info] > git status -z -uall [18ms]
2023-12-11 23:01:08.028 [info] > git config --get commit.template [10ms]
2023-12-11 23:01:08.029 [info] > git for-each-ref --format=%(refname)%00%(upstream:short)%00%(objectname)%00%(upstream:track)%00%(upstream:remotename)%00%(upstream:remoteref) refs/heads/main refs/remotes/main [2ms]
2023-12-11 23:01:08.053 [info] > git status -z -uall [16ms]
2023-12-11 23:02:22.213 [info] > git config --get commit.template [8ms]
2023-12-11 23:02:22.213 [info] > git for-each-ref --format=%(refname)%00%(upstream:short)%00%(objectname)%00%(upstream:track)%00%(upstream:remotename)%00%(upstream:remoteref) refs/heads/main refs/remotes/main [1ms]
2023-12-11 23:02:22.231 [info] > git status -z -uall [12ms]
2023-12-11 23:02:27.249 [info] > git config --get commit.template [7ms]
2023-12-11 23:02:27.250 [info] > git for-each-ref --format=%(refname)%00%(upstream:short)%00%(objectname)%00%(upstream:track)%00%(upstream:remotename)%00%(upstream:remoteref) refs/heads/main refs/remotes/main [3ms]
2023-12-11 23:02:27.270 [info] > git status -z -uall [14ms]
2023-12-11 23:02:32.294 [info] > git config --get commit.template [9ms]
2023-12-11 23:02:32.295 [info] > git for-each-ref --format=%(refname)%00%(upstream:short)%00%(objectname)%00%(upstream:track)%00%(upstream:remotename)%00%(upstream:remoteref) refs/heads/main refs/remotes/main [2ms]
2023-12-11 23:02:32.317 [info] > git status -z -uall [13ms]
2023-12-11 23:02:37.329 [info] > git config --get commit.template [1ms]
2023-12-11 23:02:37.334 [info] > git for-each-ref --format=%(refname)%00%(upstream:short)%00%(objectname)%00%(upstream:track)%00%(upstream:remotename)%00%(upstream:remoteref) refs/heads/main refs/remotes/main [1ms]
2023-12-11 23:02:37.348 [info] > git status -z -uall [10ms]
2023-12-11 23:02:42.367 [info] > git config --get commit.template [8ms]
2023-12-11 23:02:42.369 [info] > git for-each-ref --format=%(refname)%00%(upstream:short)%00%(objectname)%00%(upstream:track)%00%(upstream:remotename)%00%(upstream:remoteref) refs/heads/main refs/remotes/main [2ms]
2023-12-11 23:02:42.393 [info] > git status -z -uall [16ms]
2023-12-11 23:06:30.509 [info] > git config --get commit.template [8ms]
2023-12-11 23:06:30.510 [info] > git for-each-ref --format=%(refname)%00%(upstream:short)%00%(objectname)%00%(upstream:track)%00%(upstream:remotename)%00%(upstream:remoteref) refs/heads/main refs/remotes/main [2ms]
2023-12-11 23:06:30.528 [info] > git status -z -uall [12ms]
2023-12-11 23:06:35.557 [info] > git config --get commit.template [11ms]
2023-12-11 23:06:35.559 [info] > git for-each-ref --format=%(refname)%00%(upstream:short)%00%(objectname)%00%(upstream:track)%00%(upstream:remotename)%00%(upstream:remoteref) refs/heads/main refs/remotes/main [2ms]
2023-12-11 23:06:35.581 [info] > git status -z -uall [14ms]
2023-12-11 23:06:43.842 [info] > git config --get commit.template [10ms]
2023-12-11 23:06:43.843 [info] > git for-each-ref --format=%(refname)%00%(upstream:short)%00%(objectname)%00%(upstream:track)%00%(upstream:remotename)%00%(upstream:remoteref) refs/heads/main refs/remotes/main [2ms]
2023-12-11 23:06:43.865 [info] > git status -z -uall [14ms]
2023-12-11 23:08:44.164 [info] > git config --get commit.template [10ms]
2023-12-11 23:08:44.164 [info] > git for-each-ref --format=%(refname)%00%(upstream:short)%00%(objectname)%00%(upstream:track)%00%(upstream:remotename)%00%(upstream:remoteref) refs/heads/main refs/remotes/main [2ms]
2023-12-11 23:08:44.182 [info] > git status -z -uall [10ms]
2023-12-11 23:08:52.642 [info] > git config --get commit.template [6ms]
2023-12-11 23:08:52.642 [info] > git for-each-ref --format=%(refname)%00%(upstream:short)%00%(objectname)%00%(upstream:track)%00%(upstream:remotename)%00%(upstream:remoteref) refs/heads/main refs/remotes/main [1ms]
2023-12-11 23:08:52.659 [info] > git status -z -uall [13ms]
2023-12-11 23:08:58.405 [info] > git config --get commit.template [7ms]
2023-12-11 23:08:58.407 [info] > git for-each-ref --format=%(refname)%00%(upstream:short)%00%(objectname)%00%(upstream:track)%00%(upstream:remotename)%00%(upstream:remoteref) refs/heads/main refs/remotes/main [3ms]
2023-12-11 23:08:58.424 [info] > git status -z -uall [11ms]
2023-12-11 23:09:03.448 [info] > git config --get commit.template [11ms]
2023-12-11 23:09:03.449 [info] > git for-each-ref --format=%(refname)%00%(upstream:short)%00%(objectname)%00%(upstream:track)%00%(upstream:remotename)%00%(upstream:remoteref) refs/heads/main refs/remotes/main [2ms]
2023-12-11 23:09:03.470 [info] > git status -z -uall [14ms]
2023-12-11 23:09:18.028 [info] > git config --get commit.template [6ms]
2023-12-11 23:09:18.029 [info] > git for-each-ref --format=%(refname)%00%(upstream:short)%00%(objectname)%00%(upstream:track)%00%(upstream:remotename)%00%(upstream:remoteref) refs/heads/main refs/remotes/main [2ms]
2023-12-11 23:09:18.048 [info] > git status -z -uall [13ms]
2023-12-11 23:09:23.073 [info] > git config --get commit.template [10ms]
2023-12-11 23:09:23.075 [info] > git for-each-ref --format=%(refname)%00%(upstream:short)%00%(objectname)%00%(upstream:track)%00%(upstream:remotename)%00%(upstream:remoteref) refs/heads/main refs/remotes/main [2ms]
2023-12-11 23:09:23.102 [info] > git status -z -uall [19ms]
2023-12-11 23:11:00.549 [info] > git config --get commit.template [8ms]
2023-12-11 23:11:00.550 [info] > git for-each-ref --format=%(refname)%00%(upstream:short)%00%(objectname)%00%(upstream:track)%00%(upstream:remotename)%00%(upstream:remoteref) refs/heads/main refs/remotes/main [2ms]
2023-12-11 23:11:00.568 [info] > git status -z -uall [12ms]
2023-12-11 23:11:05.592 [info] > git config --get commit.template [10ms]
2023-12-11 23:11:05.594 [info] > git for-each-ref --format=%(refname)%00%(upstream:short)%00%(objectname)%00%(upstream:track)%00%(upstream:remotename)%00%(upstream:remoteref) refs/heads/main refs/remotes/main [3ms]
2023-12-11 23:11:05.616 [info] > git status -z -uall [14ms]
2023-12-11 23:11:10.640 [info] > git config --get commit.template [10ms]
2023-12-11 23:11:10.642 [info] > git for-each-ref --format=%(refname)%00%(upstream:short)%00%(objectname)%00%(upstream:track)%00%(upstream:remotename)%00%(upstream:remoteref) refs/heads/main refs/remotes/main [3ms]
2023-12-11 23:11:10.668 [info] > git status -z -uall [17ms]
2023-12-11 23:11:15.691 [info] > git config --get commit.template [11ms]
2023-12-11 23:11:15.693 [info] > git for-each-ref --format=%(refname)%00%(upstream:short)%00%(objectname)%00%(upstream:track)%00%(upstream:remotename)%00%(upstream:remoteref) refs/heads/main refs/remotes/main [3ms]
2023-12-11 23:11:15.718 [info] > git status -z -uall [18ms]
2023-12-11 23:11:20.735 [info] > git config --get commit.template [3ms]
2023-12-11 23:11:20.745 [info] > git for-each-ref --format=%(refname)%00%(upstream:short)%00%(objectname)%00%(upstream:track)%00%(upstream:remotename)%00%(upstream:remoteref) refs/heads/main refs/remotes/main [2ms]
2023-12-11 23:11:20.761 [info] > git status -z -uall [11ms]
2023-12-11 23:11:25.779 [info] > git config --get commit.template [8ms]
2023-12-11 23:11:25.780 [info] > git for-each-ref --format=%(refname)%00%(upstream:short)%00%(objectname)%00%(upstream:track)%00%(upstream:remotename)%00%(upstream:remoteref) refs/heads/main refs/remotes/main [2ms]
2023-12-11 23:11:25.794 [info] > git status -z -uall [10ms]
2023-12-11 23:11:32.106 [info] > git config --get commit.template [10ms]
2023-12-11 23:11:32.107 [info] > git for-each-ref --format=%(refname)%00%(upstream:short)%00%(objectname)%00%(upstream:track)%00%(upstream:remotename)%00%(upstream:remoteref) refs/heads/main refs/remotes/main [2ms]
2023-12-11 23:11:32.127 [info] > git status -z -uall [12ms]
2023-12-11 23:11:37.255 [info] > git config --get commit.template [6ms]
2023-12-11 23:11:37.256 [info] > git for-each-ref --format=%(refname)%00%(upstream:short)%00%(objectname)%00%(upstream:track)%00%(upstream:remotename)%00%(upstream:remoteref) refs/heads/main refs/remotes/main [2ms]
2023-12-11 23:11:37.275 [info] > git status -z -uall [14ms]
2023-12-11 23:11:42.299 [info] > git config --get commit.template [11ms]
2023-12-11 23:11:42.301 [info] > git for-each-ref --format=%(refname)%00%(upstream:short)%00%(objectname)%00%(upstream:track)%00%(upstream:remotename)%00%(upstream:remoteref) refs/heads/main refs/remotes/main [3ms]
2023-12-11 23:11:42.320 [info] > git status -z -uall [12ms]
2023-12-11 23:12:09.799 [info] > git config --get commit.template [10ms]
2023-12-11 23:12:09.799 [info] > git for-each-ref --format=%(refname)%00%(upstream:short)%00%(objectname)%00%(upstream:track)%00%(upstream:remotename)%00%(upstream:remoteref) refs/heads/main refs/remotes/main [1ms]
2023-12-11 23:12:09.823 [info] > git status -z -uall [14ms]
2023-12-11 23:12:14.833 [info] > git config --get commit.template [2ms]
2023-12-11 23:12:14.841 [info] > git for-each-ref --format=%(refname)%00%(upstream:short)%00%(objectname)%00%(upstream:track)%00%(upstream:remotename)%00%(upstream:remoteref) refs/heads/main refs/remotes/main [1ms]
2023-12-11 23:12:14.857 [info] > git status -z -uall [11ms]
2023-12-11 23:12:26.346 [info] > git config --get commit.template [6ms]
2023-12-11 23:12:26.346 [info] > git for-each-ref --format=%(refname)%00%(upstream:short)%00%(objectname)%00%(upstream:track)%00%(upstream:remotename)%00%(upstream:remoteref) refs/heads/main refs/remotes/main [1ms]
2023-12-11 23:12:26.361 [info] > git status -z -uall [10ms]
2023-12-11 23:12:33.142 [info] > git config --get commit.template [10ms]
2023-12-11 23:12:33.143 [info] > git for-each-ref --format=%(refname)%00%(upstream:short)%00%(objectname)%00%(upstream:track)%00%(upstream:remotename)%00%(upstream:remoteref) refs/heads/main refs/remotes/main [3ms]
2023-12-11 23:12:33.164 [info] > git status -z -uall [13ms]
2023-12-11 23:12:42.572 [info] > git config --get commit.template [8ms]
2023-12-11 23:12:42.572 [info] > git for-each-ref --format=%(refname)%00%(upstream:short)%00%(objectname)%00%(upstream:track)%00%(upstream:remotename)%00%(upstream:remoteref) refs/heads/main refs/remotes/main [1ms]
2023-12-11 23:12:42.589 [info] > git status -z -uall [11ms]
2023-12-11 23:12:55.166 [info] > git config --get commit.template [11ms]
2023-12-11 23:12:55.168 [info] > git for-each-ref --format=%(refname)%00%(upstream:short)%00%(objectname)%00%(upstream:track)%00%(upstream:remotename)%00%(upstream:remoteref) refs/heads/main refs/remotes/main [2ms]
2023-12-11 23:12:55.190 [info] > git status -z -uall [15ms]
2023-12-11 23:13:00.215 [info] > git config --get commit.template [9ms]
2023-12-11 23:13:00.216 [info] > git for-each-ref --format=%(refname)%00%(upstream:short)%00%(objectname)%00%(upstream:track)%00%(upstream:remotename)%00%(upstream:remoteref) refs/heads/main refs/remotes/main [2ms]
2023-12-11 23:13:00.233 [info] > git status -z -uall [12ms]
2023-12-11 23:13:26.345 [info] > git config --get commit.template [9ms]
2023-12-11 23:13:26.346 [info] > git for-each-ref --format=%(refname)%00%(upstream:short)%00%(objectname)%00%(upstream:track)%00%(upstream:remotename)%00%(upstream:remoteref) refs/heads/main refs/remotes/main [1ms]
2023-12-11 23:13:26.370 [info] > git status -z -uall [15ms]
2023-12-11 23:13:44.544 [info] > git config --get commit.template [1ms]
2023-12-11 23:13:44.552 [info] > git for-each-ref --format=%(refname)%00%(upstream:short)%00%(objectname)%00%(upstream:track)%00%(upstream:remotename)%00%(upstream:remoteref) refs/heads/main refs/remotes/main [1ms]
2023-12-11 23:13:44.570 [info] > git status -z -uall [12ms]
2023-12-11 23:13:54.289 [info] > git config --get commit.template [9ms]
2023-12-11 23:13:54.290 [info] > git for-each-ref --format=%(refname)%00%(upstream:short)%00%(objectname)%00%(upstream:track)%00%(upstream:remotename)%00%(upstream:remoteref) refs/heads/main refs/remotes/main [2ms]
2023-12-11 23:13:54.315 [info] > git status -z -uall [13ms]
2023-12-11 23:14:01.130 [info] > git config --get commit.template [8ms]
2023-12-11 23:14:01.131 [info] > git for-each-ref --format=%(refname)%00%(upstream:short)%00%(objectname)%00%(upstream:track)%00%(upstream:remotename)%00%(upstream:remoteref) refs/heads/main refs/remotes/main [2ms]
2023-12-11 23:14:01.147 [info] > git status -z -uall [12ms]
2023-12-11 23:14:11.031 [info] > git config --get commit.template [8ms]
2023-12-11 23:14:11.032 [info] > git for-each-ref --format=%(refname)%00%(upstream:short)%00%(objectname)%00%(upstream:track)%00%(upstream:remotename)%00%(upstream:remoteref) refs/heads/main refs/remotes/main [2ms]
2023-12-11 23:14:11.050 [info] > git status -z -uall [12ms]
2023-12-11 23:14:16.074 [info] > git config --get commit.template [10ms]
2023-12-11 23:14:16.075 [info] > git for-each-ref --format=%(refname)%00%(upstream:short)%00%(objectname)%00%(upstream:track)%00%(upstream:remotename)%00%(upstream:remoteref) refs/heads/main refs/remotes/main [2ms]
2023-12-11 23:14:16.097 [info] > git status -z -uall [14ms]
2023-12-11 23:14:21.120 [info] > git config --get commit.template [10ms]
2023-12-11 23:14:21.121 [info] > git for-each-ref --format=%(refname)%00%(upstream:short)%00%(objectname)%00%(upstream:track)%00%(upstream:remotename)%00%(upstream:remoteref) refs/heads/main refs/remotes/main [2ms]
2023-12-11 23:14:21.140 [info] > git status -z -uall [14ms]
2023-12-11 23:14:26.163 [info] > git config --get commit.template [10ms]
2023-12-11 23:14:26.165 [info] > git for-each-ref --format=%(refname)%00%(upstream:short)%00%(objectname)%00%(upstream:track)%00%(upstream:remotename)%00%(upstream:remoteref) refs/heads/main refs/remotes/main [3ms]
2023-12-11 23:14:26.187 [info] > git status -z -uall [15ms]
2023-12-12 11:30:59.517 [info] > git config --get commit.template [9ms]
2023-12-12 11:30:59.520 [info] > git for-each-ref --format=%(refname)%00%(upstream:short)%00%(objectname)%00%(upstream:track)%00%(upstream:remotename)%00%(upstream:remoteref) refs/heads/main refs/remotes/main [4ms]
2023-12-12 11:30:59.550 [info] > git status -z -uall [21ms]
2023-12-12 11:31:04.576 [info] > git config --get commit.template [11ms]
2023-12-12 11:31:04.577 [info] > git for-each-ref --format=%(refname)%00%(upstream:short)%00%(objectname)%00%(upstream:track)%00%(upstream:remotename)%00%(upstream:remoteref) refs/heads/main refs/remotes/main [2ms]
2023-12-12 11:31:04.599 [info] > git status -z -uall [14ms]
2023-12-12 11:31:07.174 [info] > git show --textconv :.env [8ms]
2023-12-12 11:31:07.175 [info] > git ls-files --stage -- /var/www/domu/.env [2ms]
2023-12-12 11:31:09.624 [info] > git config --get commit.template [11ms]
2023-12-12 11:31:09.626 [info] > git for-each-ref --format=%(refname)%00%(upstream:short)%00%(objectname)%00%(upstream:track)%00%(upstream:remotename)%00%(upstream:remoteref) refs/heads/main refs/remotes/main [3ms]
2023-12-12 11:31:09.646 [info] > git status -z -uall [13ms]
2023-12-12 11:31:14.930 [info] > git show --textconv :app/Filament/Resources/UserResource.php [9ms]
2023-12-12 11:31:14.932 [info] > git ls-files --stage -- /var/www/domu/app/Filament/Resources/UserResource.php [3ms]
2023-12-12 20:56:25.366 [info] > git config --get commit.template [10ms]
2023-12-12 20:56:25.366 [info] > git for-each-ref --format=%(refname)%00%(upstream:short)%00%(objectname)%00%(upstream:track)%00%(upstream:remotename)%00%(upstream:remoteref) refs/heads/main refs/remotes/main [3ms]
2023-12-12 20:56:25.393 [info] > git status -z -uall [21ms]
2023-12-12 20:56:30.416 [info] > git config --get commit.template [6ms]
2023-12-12 20:56:30.417 [info] > git for-each-ref --format=%(refname)%00%(upstream:short)%00%(objectname)%00%(upstream:track)%00%(upstream:remotename)%00%(upstream:remoteref) refs/heads/main refs/remotes/main [3ms]
2023-12-12 20:56:30.439 [info] > git status -z -uall [15ms]
