2023-12-13 19:12:24.940 [info] Reading sessions from keychain...
2023-12-13 19:12:24.940 [info] Getting sessions for all scopes...
2023-12-13 19:12:24.940 [info] Got 0 sessions for ...
2023-12-13 19:12:24.940 [info] Getting sessions for all scopes...
2023-12-13 19:12:24.940 [info] Got 0 sessions for ...
2023-12-13 19:12:24.940 [info] Getting sessions for read:user,repo,user:email,workflow...
2023-12-13 19:12:24.940 [info] Got 0 sessions for read:user,repo,user:email,workflow...
2023-12-13 19:14:28.955 [info] Getting sessions for read:user,repo,user:email,workflow...
2023-12-13 19:14:28.955 [info] Got 0 sessions for read:user,repo,user:email,workflow...
2023-12-13 19:14:34.146 [info] Logging in for the following scopes: read:user repo user:email workflow
2023-12-13 19:14:34.155 [info] Trying without local server... (read:user repo user:email workflow)
2023-12-13 19:19:34.129 [error] User Cancelled
2023-12-13 19:19:44.452 [info] Trying with local server... (read:user repo user:email workflow)
2023-12-13 19:19:53.064 [error] User Cancelled
2023-12-13 19:23:20.238 [info] Getting sessions for project,read:org,read:user,repo,user:email,workflow...
2023-12-13 19:23:20.238 [info] Got 0 sessions for project,read:org,read:user,repo,user:email,workflow...
2023-12-13 19:23:20.239 [info] Getting sessions for read:user,repo,user:email,workflow...
2023-12-13 19:23:20.239 [info] Got 0 sessions for read:user,repo,user:email,workflow...
2023-12-13 19:23:20.240 [info] Getting sessions for read:user,repo,user:email...
2023-12-13 19:23:20.240 [info] Got 0 sessions for read:user,repo,user:email...
2023-12-13 19:23:20.241 [info] Getting sessions for read:user,repo,user:email,workflow...
2023-12-13 19:23:20.241 [info] Got 0 sessions for read:user,repo,user:email,workflow...
2023-12-13 19:23:39.484 [info] Getting sessions for all scopes...
2023-12-13 19:23:39.484 [info] Got 0 sessions for ...
2023-12-13 19:24:01.802 [info] Logging in for the following scopes: read:user repo user:email workflow
2023-12-13 19:24:01.822 [info] Trying without local server... (read:user repo user:email workflow)
2023-12-13 19:24:26.091 [error] User Cancelled
2023-12-13 19:24:40.945 [info] Getting sessions for read:user,repo,user:email...
2023-12-13 19:24:40.945 [info] Got 0 sessions for read:user,repo,user:email...
