2023-12-13 19:12:26.981 [info] Getting Manifest... ms-ceintl.vscode-language-pack-pt-br
2023-12-13 19:12:27.074 [info] Installing extension: ms-ceintl.vscode-language-pack-pt-br
2023-12-13 19:12:28.524 [info] Extension signature is verified: ms-ceintl.vscode-language-pack-pt-br
2023-12-13 19:12:28.578 [info] Extracted extension to file:///root/.vscode/extensions/ms-ceintl.vscode-language-pack-pt-br-1.85.2023121309: ms-ceintl.vscode-language-pack-pt-br
2023-12-13 19:12:28.582 [info] Renamed to /root/.vscode/extensions/ms-ceintl.vscode-language-pack-pt-br-1.85.2023121309
2023-12-13 19:12:28.583 [info] Extracting extension completed. ms-ceintl.vscode-language-pack-pt-br
2023-12-13 19:12:28.588 [info] Adding language packs from the extension ms-ceintl.vscode-language-pack-pt-br
2023-12-13 19:12:28.606 [info] Marked extension as uninstalled ms-ceintl.vscode-language-pack-pt-br-1.85.2023120618
2023-12-13 19:12:28.642 [info] Extension installed successfully: ms-ceintl.vscode-language-pack-pt-br
2023-12-13 19:12:28.666 [error] [uncaught exception in sharedProcess]: Error: ENOENT: no such file or directory, stat '/root/.vscode/extensions/extensions.json.vsctmp': EntryNotFound (FileSystemError): Error: ENOENT: no such file or directory, stat '/root/.vscode/extensions/extensions.json.vsctmp'
    at r.create (/snap/code/148/usr/share/code/resources/app/out/vs/code/node/sharedProcess/sharedProcessMain.js:51:30056)
    at a (/snap/code/148/usr/share/code/resources/app/out/vs/code/node/sharedProcess/sharedProcessMain.js:51:30170)
    at s.fb (/snap/code/148/usr/share/code/resources/app/out/vs/code/node/sharedProcess/sharedProcessMain.js:56:36175)
    at s.stat (/snap/code/148/usr/share/code/resources/app/out/vs/code/node/sharedProcess/sharedProcessMain.js:56:28621)
    at async E.stat (/snap/code/148/usr/share/code/resources/app/out/vs/code/node/sharedProcess/sharedProcessMain.js:56:15732)
    at async Y.tb (/snap/code/148/usr/share/code/resources/app/out/vs/code/node/sharedProcess/sharedProcessMain.js:100:111319)
2023-12-13 19:13:03.283 [error] [uncaught exception in sharedProcess]: Ocorreu um erro no sistema (ENOENT: no such file or directory, scandir '/var/www/domu/clp/b8abadf4c2cd4860afc341c6956cd99f.pt-br'): Error: ENOENT: no such file or directory, scandir '/var/www/domu/clp/b8abadf4c2cd4860afc341c6956cd99f.pt-br'
2023-12-13 19:16:17.353 [info] Getting Manifest... ms-azuretools.vscode-docker
2023-12-13 19:16:17.361 [info] Installing extension: ms-azuretools.vscode-docker
2023-12-13 19:16:19.204 [info] Extension signature is verified: ms-azuretools.vscode-docker
2023-12-13 19:16:19.259 [info] Extracted extension to file:///root/.vscode/extensions/ms-azuretools.vscode-docker-1.28.0: ms-azuretools.vscode-docker
2023-12-13 19:16:19.266 [info] Renamed to /root/.vscode/extensions/ms-azuretools.vscode-docker-1.28.0
2023-12-13 19:16:19.271 [info] Extracting extension completed. ms-azuretools.vscode-docker
2023-12-13 19:16:19.279 [info] Extension installed successfully: ms-azuretools.vscode-docker
2023-12-13 19:16:19.354 [error] [uncaught exception in sharedProcess]: Error: ENOENT: no such file or directory, stat '/root/.vscode/extensions/extensions.json.vsctmp': EntryNotFound (FileSystemError): Error: ENOENT: no such file or directory, stat '/root/.vscode/extensions/extensions.json.vsctmp'
    at r.create (/snap/code/148/usr/share/code/resources/app/out/vs/code/node/sharedProcess/sharedProcessMain.js:51:30056)
    at a (/snap/code/148/usr/share/code/resources/app/out/vs/code/node/sharedProcess/sharedProcessMain.js:51:30170)
    at s.fb (/snap/code/148/usr/share/code/resources/app/out/vs/code/node/sharedProcess/sharedProcessMain.js:56:36175)
    at s.stat (/snap/code/148/usr/share/code/resources/app/out/vs/code/node/sharedProcess/sharedProcessMain.js:56:28621)
    at async E.stat (/snap/code/148/usr/share/code/resources/app/out/vs/code/node/sharedProcess/sharedProcessMain.js:56:15732)
    at async Y.tb (/snap/code/148/usr/share/code/resources/app/out/vs/code/node/sharedProcess/sharedProcessMain.js:100:111319)
2023-12-13 19:16:24.756 [info] Getting Manifest... ms-vscode-remote.remote-containers
2023-12-13 19:16:24.764 [info] Installing extension: ms-vscode-remote.remote-containers
2023-12-13 19:16:27.403 [info] Extension signature is verified: ms-vscode-remote.remote-containers
2023-12-13 19:16:27.486 [info] Extracted extension to file:///root/.vscode/extensions/ms-vscode-remote.remote-containers-0.327.0: ms-vscode-remote.remote-containers
2023-12-13 19:16:27.491 [info] Renamed to /root/.vscode/extensions/ms-vscode-remote.remote-containers-0.327.0
2023-12-13 19:16:27.494 [info] Extracting extension completed. ms-vscode-remote.remote-containers
2023-12-13 19:16:27.500 [info] Extension installed successfully: ms-vscode-remote.remote-containers
2023-12-13 19:16:27.573 [error] [uncaught exception in sharedProcess]: Error: ENOENT: no such file or directory, stat '/root/.vscode/extensions/extensions.json.vsctmp': EntryNotFound (FileSystemError): Error: ENOENT: no such file or directory, stat '/root/.vscode/extensions/extensions.json.vsctmp'
    at r.create (/snap/code/148/usr/share/code/resources/app/out/vs/code/node/sharedProcess/sharedProcessMain.js:51:30056)
    at a (/snap/code/148/usr/share/code/resources/app/out/vs/code/node/sharedProcess/sharedProcessMain.js:51:30170)
    at s.fb (/snap/code/148/usr/share/code/resources/app/out/vs/code/node/sharedProcess/sharedProcessMain.js:56:36175)
    at s.stat (/snap/code/148/usr/share/code/resources/app/out/vs/code/node/sharedProcess/sharedProcessMain.js:56:28621)
    at async E.stat (/snap/code/148/usr/share/code/resources/app/out/vs/code/node/sharedProcess/sharedProcessMain.js:56:15732)
    at async Y.tb (/snap/code/148/usr/share/code/resources/app/out/vs/code/node/sharedProcess/sharedProcessMain.js:100:111319)
2023-12-13 19:16:41.960 [info] Getting Manifest... bmewburn.vscode-intelephense-client
2023-12-13 19:16:41.966 [info] Installing extension: bmewburn.vscode-intelephense-client
2023-12-13 19:16:44.784 [info] Extension signature is verified: bmewburn.vscode-intelephense-client
2023-12-13 19:16:45.045 [info] Extracted extension to file:///root/.vscode/extensions/bmewburn.vscode-intelephense-client-1.10.2: bmewburn.vscode-intelephense-client
2023-12-13 19:16:45.051 [info] Renamed to /root/.vscode/extensions/bmewburn.vscode-intelephense-client-1.10.2
2023-12-13 19:16:45.052 [info] Extracting extension completed. bmewburn.vscode-intelephense-client
2023-12-13 19:16:45.059 [info] Extension installed successfully: bmewburn.vscode-intelephense-client
2023-12-13 19:16:45.130 [error] [uncaught exception in sharedProcess]: Error: ENOENT: no such file or directory, stat '/root/.vscode/extensions/extensions.json.vsctmp': EntryNotFound (FileSystemError): Error: ENOENT: no such file or directory, stat '/root/.vscode/extensions/extensions.json.vsctmp'
    at r.create (/snap/code/148/usr/share/code/resources/app/out/vs/code/node/sharedProcess/sharedProcessMain.js:51:30056)
    at a (/snap/code/148/usr/share/code/resources/app/out/vs/code/node/sharedProcess/sharedProcessMain.js:51:30170)
    at s.fb (/snap/code/148/usr/share/code/resources/app/out/vs/code/node/sharedProcess/sharedProcessMain.js:56:36175)
    at s.stat (/snap/code/148/usr/share/code/resources/app/out/vs/code/node/sharedProcess/sharedProcessMain.js:56:28621)
    at async E.stat (/snap/code/148/usr/share/code/resources/app/out/vs/code/node/sharedProcess/sharedProcessMain.js:56:15732)
    at async Y.tb (/snap/code/148/usr/share/code/resources/app/out/vs/code/node/sharedProcess/sharedProcessMain.js:100:111319)
